(0.000) 
            SELECT c.relname, c.relkind
            FROM pg_catalog.pg_class c
            LEFT JOIN pg_catalog.pg_namespace n ON n.oid = c.relnamespace
            WHERE c.relkind IN ('r', 'v')
                AND n.nspname NOT IN ('pg_catalog', 'pg_toast')
                AND pg_catalog.pg_table_is_visible(c.oid); args=None
(0.000) SELECT "django_migrations"."app", "django_migrations"."name" FROM "django_migrations"; args=()
"GET / HTTP/1.1" 200 1767
(0.000) 
            SELECT c.relname, c.relkind
            FROM pg_catalog.pg_class c
            LEFT JOIN pg_catalog.pg_namespace n ON n.oid = c.relnamespace
            WHERE c.relkind IN ('r', 'v')
                AND n.nspname NOT IN ('pg_catalog', 'pg_toast')
                AND pg_catalog.pg_table_is_visible(c.oid); args=None
(0.000) SELECT "django_migrations"."app", "django_migrations"."name" FROM "django_migrations"; args=()
(0.000) 
            SELECT c.relname, c.relkind
            FROM pg_catalog.pg_class c
            LEFT JOIN pg_catalog.pg_namespace n ON n.oid = c.relnamespace
            WHERE c.relkind IN ('r', 'v')
                AND n.nspname NOT IN ('pg_catalog', 'pg_toast')
                AND pg_catalog.pg_table_is_visible(c.oid); args=None
(0.000) SELECT "django_migrations"."app", "django_migrations"."name" FROM "django_migrations"; args=()
(0.000) 
            SELECT c.relname, c.relkind
            FROM pg_catalog.pg_class c
            LEFT JOIN pg_catalog.pg_namespace n ON n.oid = c.relnamespace
            WHERE c.relkind IN ('r', 'v')
                AND n.nspname NOT IN ('pg_catalog', 'pg_toast')
                AND pg_catalog.pg_table_is_visible(c.oid); args=None
(0.000) SELECT "django_migrations"."app", "django_migrations"."name" FROM "django_migrations"; args=()
(0.000) 
            SELECT c.relname, c.relkind
            FROM pg_catalog.pg_class c
            LEFT JOIN pg_catalog.pg_namespace n ON n.oid = c.relnamespace
            WHERE c.relkind IN ('r', 'v')
                AND n.nspname NOT IN ('pg_catalog', 'pg_toast')
                AND pg_catalog.pg_table_is_visible(c.oid); args=None
(0.070) INSERT INTO "django_migrations" ("app", "name", "applied") VALUES ('category', '0005_auto_20170301_1533', '2017-03-01T12:33:41.684831+00:00'::timestamptz) RETURNING "django_migrations"."id"; args=('category', '0005_auto_20170301_1533', datetime.datetime(2017, 3, 1, 12, 33, 41, 684831, tzinfo=<UTC>))
(0.010) 
            SELECT c.relname, c.relkind
            FROM pg_catalog.pg_class c
            LEFT JOIN pg_catalog.pg_namespace n ON n.oid = c.relnamespace
            WHERE c.relkind IN ('r', 'v')
                AND n.nspname NOT IN ('pg_catalog', 'pg_toast')
                AND pg_catalog.pg_table_is_visible(c.oid); args=None
(0.000) SELECT "django_migrations"."app", "django_migrations"."name" FROM "django_migrations"; args=()
(0.000) SELECT "django_content_type"."id", "django_content_type"."app_label", "django_content_type"."model" FROM "django_content_type" WHERE ("django_content_type"."app_label" = 'admin' AND "django_content_type"."model" = 'logentry'); args=('admin', 'logentry')
(0.010) SELECT "auth_permission"."content_type_id", "auth_permission"."codename" FROM "auth_permission" INNER JOIN "django_content_type" ON ("auth_permission"."content_type_id" = "django_content_type"."id") WHERE "auth_permission"."content_type_id" IN (1) ORDER BY "django_content_type"."app_label" ASC, "django_content_type"."model" ASC, "auth_permission"."codename" ASC; args=(1,)
(0.000) SELECT "django_content_type"."id", "django_content_type"."app_label", "django_content_type"."model" FROM "django_content_type" WHERE "django_content_type"."app_label" = 'admin'; args=('admin',)
(0.000) SELECT "django_content_type"."id", "django_content_type"."app_label", "django_content_type"."model" FROM "django_content_type" WHERE ("django_content_type"."app_label" = 'auth' AND "django_content_type"."model" = 'permission'); args=('auth', 'permission')
(0.010) SELECT "django_content_type"."id", "django_content_type"."app_label", "django_content_type"."model" FROM "django_content_type" WHERE ("django_content_type"."app_label" = 'auth' AND "django_content_type"."model" = 'group'); args=('auth', 'group')
(0.000) SELECT "django_content_type"."id", "django_content_type"."app_label", "django_content_type"."model" FROM "django_content_type" WHERE ("django_content_type"."app_label" = 'auth' AND "django_content_type"."model" = 'user'); args=('auth', 'user')
(0.000) SELECT "auth_permission"."content_type_id", "auth_permission"."codename" FROM "auth_permission" INNER JOIN "django_content_type" ON ("auth_permission"."content_type_id" = "django_content_type"."id") WHERE "auth_permission"."content_type_id" IN (2, 3, 4) ORDER BY "django_content_type"."app_label" ASC, "django_content_type"."model" ASC, "auth_permission"."codename" ASC; args=(2, 3, 4)
(0.000) SELECT "django_content_type"."id", "django_content_type"."app_label", "django_content_type"."model" FROM "django_content_type" WHERE "django_content_type"."app_label" = 'auth'; args=('auth',)
(0.000) SELECT "django_content_type"."id", "django_content_type"."app_label", "django_content_type"."model" FROM "django_content_type" WHERE ("django_content_type"."app_label" = 'contenttypes' AND "django_content_type"."model" = 'contenttype'); args=('contenttypes', 'contenttype')
(0.000) SELECT "auth_permission"."content_type_id", "auth_permission"."codename" FROM "auth_permission" INNER JOIN "django_content_type" ON ("auth_permission"."content_type_id" = "django_content_type"."id") WHERE "auth_permission"."content_type_id" IN (5) ORDER BY "django_content_type"."app_label" ASC, "django_content_type"."model" ASC, "auth_permission"."codename" ASC; args=(5,)
(0.000) SELECT "django_content_type"."id", "django_content_type"."app_label", "django_content_type"."model" FROM "django_content_type" WHERE "django_content_type"."app_label" = 'contenttypes'; args=('contenttypes',)
(0.000) SELECT "django_content_type"."id", "django_content_type"."app_label", "django_content_type"."model" FROM "django_content_type" WHERE ("django_content_type"."app_label" = 'sessions' AND "django_content_type"."model" = 'session'); args=('sessions', 'session')
(0.000) SELECT "auth_permission"."content_type_id", "auth_permission"."codename" FROM "auth_permission" INNER JOIN "django_content_type" ON ("auth_permission"."content_type_id" = "django_content_type"."id") WHERE "auth_permission"."content_type_id" IN (6) ORDER BY "django_content_type"."app_label" ASC, "django_content_type"."model" ASC, "auth_permission"."codename" ASC; args=(6,)
(0.000) SELECT "django_content_type"."id", "django_content_type"."app_label", "django_content_type"."model" FROM "django_content_type" WHERE "django_content_type"."app_label" = 'sessions'; args=('sessions',)
(0.000) SELECT "django_content_type"."id", "django_content_type"."app_label", "django_content_type"."model" FROM "django_content_type" WHERE ("django_content_type"."app_label" = 'user' AND "django_content_type"."model" = 'user'); args=('user', 'user')
(0.000) SELECT "auth_permission"."content_type_id", "auth_permission"."codename" FROM "auth_permission" INNER JOIN "django_content_type" ON ("auth_permission"."content_type_id" = "django_content_type"."id") WHERE "auth_permission"."content_type_id" IN (7) ORDER BY "django_content_type"."app_label" ASC, "django_content_type"."model" ASC, "auth_permission"."codename" ASC; args=(7,)
(0.000) SELECT "django_content_type"."id", "django_content_type"."app_label", "django_content_type"."model" FROM "django_content_type" WHERE "django_content_type"."app_label" = 'user'; args=('user',)
(0.000) SELECT "django_content_type"."id", "django_content_type"."app_label", "django_content_type"."model" FROM "django_content_type" WHERE ("django_content_type"."app_label" = 'delivery' AND "django_content_type"."model" = 'delivery'); args=('delivery', 'delivery')
(0.000) SELECT "auth_permission"."content_type_id", "auth_permission"."codename" FROM "auth_permission" INNER JOIN "django_content_type" ON ("auth_permission"."content_type_id" = "django_content_type"."id") WHERE "auth_permission"."content_type_id" IN (8) ORDER BY "django_content_type"."app_label" ASC, "django_content_type"."model" ASC, "auth_permission"."codename" ASC; args=(8,)
(0.000) SELECT "django_content_type"."id", "django_content_type"."app_label", "django_content_type"."model" FROM "django_content_type" WHERE "django_content_type"."app_label" = 'delivery'; args=('delivery',)
(0.000) SELECT "django_content_type"."id", "django_content_type"."app_label", "django_content_type"."model" FROM "django_content_type" WHERE ("django_content_type"."app_label" = 'payment' AND "django_content_type"."model" = 'payment'); args=('payment', 'payment')
(0.000) SELECT "auth_permission"."content_type_id", "auth_permission"."codename" FROM "auth_permission" INNER JOIN "django_content_type" ON ("auth_permission"."content_type_id" = "django_content_type"."id") WHERE "auth_permission"."content_type_id" IN (9) ORDER BY "django_content_type"."app_label" ASC, "django_content_type"."model" ASC, "auth_permission"."codename" ASC; args=(9,)
(0.000) SELECT "django_content_type"."id", "django_content_type"."app_label", "django_content_type"."model" FROM "django_content_type" WHERE "django_content_type"."app_label" = 'payment'; args=('payment',)
(0.000) SELECT "django_content_type"."id", "django_content_type"."app_label", "django_content_type"."model" FROM "django_content_type" WHERE ("django_content_type"."app_label" = 'category' AND "django_content_type"."model" = 'category'); args=('category', 'category')
(0.000) SELECT "auth_permission"."content_type_id", "auth_permission"."codename" FROM "auth_permission" INNER JOIN "django_content_type" ON ("auth_permission"."content_type_id" = "django_content_type"."id") WHERE "auth_permission"."content_type_id" IN (10) ORDER BY "django_content_type"."app_label" ASC, "django_content_type"."model" ASC, "auth_permission"."codename" ASC; args=(10,)
(0.000) SELECT "django_content_type"."id", "django_content_type"."app_label", "django_content_type"."model" FROM "django_content_type" WHERE "django_content_type"."app_label" = 'category'; args=('category',)
(0.000) SELECT "django_content_type"."id", "django_content_type"."app_label", "django_content_type"."model" FROM "django_content_type" WHERE ("django_content_type"."app_label" = 'item' AND "django_content_type"."model" = 'item'); args=('item', 'item')
(0.000) SELECT "auth_permission"."content_type_id", "auth_permission"."codename" FROM "auth_permission" INNER JOIN "django_content_type" ON ("auth_permission"."content_type_id" = "django_content_type"."id") WHERE "auth_permission"."content_type_id" IN (11) ORDER BY "django_content_type"."app_label" ASC, "django_content_type"."model" ASC, "auth_permission"."codename" ASC; args=(11,)
(0.000) SELECT "django_content_type"."id", "django_content_type"."app_label", "django_content_type"."model" FROM "django_content_type" WHERE "django_content_type"."app_label" = 'item'; args=('item',)
(0.000) SELECT "django_content_type"."id", "django_content_type"."app_label", "django_content_type"."model" FROM "django_content_type" WHERE ("django_content_type"."app_label" = 'cart' AND "django_content_type"."model" = 'cartorder'); args=('cart', 'cartorder')
(0.000) SELECT "auth_permission"."content_type_id", "auth_permission"."codename" FROM "auth_permission" INNER JOIN "django_content_type" ON ("auth_permission"."content_type_id" = "django_content_type"."id") WHERE "auth_permission"."content_type_id" IN (12) ORDER BY "django_content_type"."app_label" ASC, "django_content_type"."model" ASC, "auth_permission"."codename" ASC; args=(12,)
(0.000) SELECT "django_content_type"."id", "django_content_type"."app_label", "django_content_type"."model" FROM "django_content_type" WHERE "django_content_type"."app_label" = 'cart'; args=('cart',)
(0.000) SELECT "django_content_type"."id", "django_content_type"."app_label", "django_content_type"."model" FROM "django_content_type" WHERE ("django_content_type"."app_label" = 'order' AND "django_content_type"."model" = 'userorder'); args=('order', 'userorder')
(0.000) SELECT "auth_permission"."content_type_id", "auth_permission"."codename" FROM "auth_permission" INNER JOIN "django_content_type" ON ("auth_permission"."content_type_id" = "django_content_type"."id") WHERE "auth_permission"."content_type_id" IN (13) ORDER BY "django_content_type"."app_label" ASC, "django_content_type"."model" ASC, "auth_permission"."codename" ASC; args=(13,)
(0.000) SELECT "django_content_type"."id", "django_content_type"."app_label", "django_content_type"."model" FROM "django_content_type" WHERE "django_content_type"."app_label" = 'order'; args=('order',)
(0.000) 
            SELECT c.relname, c.relkind
            FROM pg_catalog.pg_class c
            LEFT JOIN pg_catalog.pg_namespace n ON n.oid = c.relnamespace
            WHERE c.relkind IN ('r', 'v')
                AND n.nspname NOT IN ('pg_catalog', 'pg_toast')
                AND pg_catalog.pg_table_is_visible(c.oid); args=None
(0.000) SELECT "django_migrations"."app", "django_migrations"."name" FROM "django_migrations"; args=()
(0.003) 
            SELECT c.relname, c.relkind
            FROM pg_catalog.pg_class c
            LEFT JOIN pg_catalog.pg_namespace n ON n.oid = c.relnamespace
            WHERE c.relkind IN ('r', 'v')
                AND n.nspname NOT IN ('pg_catalog', 'pg_toast')
                AND pg_catalog.pg_table_is_visible(c.oid); args=None
CREATE TABLE "django_migrations" ("id" serial NOT NULL PRIMARY KEY, "app" varchar(255) NOT NULL, "name" varchar(255) NOT NULL, "applied" timestamp with time zone NOT NULL); (params None)
(0.005) CREATE TABLE "django_migrations" ("id" serial NOT NULL PRIMARY KEY, "app" varchar(255) NOT NULL, "name" varchar(255) NOT NULL, "applied" timestamp with time zone NOT NULL); args=None
(0.001) SELECT "django_migrations"."app", "django_migrations"."name" FROM "django_migrations"; args=()
(0.001) 
            SELECT c.relname, c.relkind
            FROM pg_catalog.pg_class c
            LEFT JOIN pg_catalog.pg_namespace n ON n.oid = c.relnamespace
            WHERE c.relkind IN ('r', 'v')
                AND n.nspname NOT IN ('pg_catalog', 'pg_toast')
                AND pg_catalog.pg_table_is_visible(c.oid); args=None
(0.000) SELECT "django_migrations"."app", "django_migrations"."name" FROM "django_migrations"; args=()
CREATE TABLE "django_content_type" ("id" serial NOT NULL PRIMARY KEY, "name" varchar(100) NOT NULL, "app_label" varchar(100) NOT NULL, "model" varchar(100) NOT NULL); (params None)
(0.003) CREATE TABLE "django_content_type" ("id" serial NOT NULL PRIMARY KEY, "name" varchar(100) NOT NULL, "app_label" varchar(100) NOT NULL, "model" varchar(100) NOT NULL); args=None
ALTER TABLE "django_content_type" ADD CONSTRAINT "django_content_type_app_label_76bd3d3b_uniq" UNIQUE ("app_label", "model"); (params [])
(0.002) ALTER TABLE "django_content_type" ADD CONSTRAINT "django_content_type_app_label_76bd3d3b_uniq" UNIQUE ("app_label", "model"); args=[]
(0.001) 
            SELECT c.relname, c.relkind
            FROM pg_catalog.pg_class c
            LEFT JOIN pg_catalog.pg_namespace n ON n.oid = c.relnamespace
            WHERE c.relkind IN ('r', 'v')
                AND n.nspname NOT IN ('pg_catalog', 'pg_toast')
                AND pg_catalog.pg_table_is_visible(c.oid); args=None
(0.001) INSERT INTO "django_migrations" ("app", "name", "applied") VALUES ('contenttypes', '0001_initial', '2017-03-01T13:34:51.604699+00:00'::timestamptz) RETURNING "django_migrations"."id"; args=('contenttypes', '0001_initial', datetime.datetime(2017, 3, 1, 13, 34, 51, 604699, tzinfo=<UTC>))
CREATE TABLE "auth_permission" ("id" serial NOT NULL PRIMARY KEY, "name" varchar(50) NOT NULL, "content_type_id" integer NOT NULL, "codename" varchar(100) NOT NULL); (params None)
(0.002) CREATE TABLE "auth_permission" ("id" serial NOT NULL PRIMARY KEY, "name" varchar(50) NOT NULL, "content_type_id" integer NOT NULL, "codename" varchar(100) NOT NULL); args=None
CREATE TABLE "auth_group" ("id" serial NOT NULL PRIMARY KEY, "name" varchar(80) NOT NULL UNIQUE); (params None)
(0.003) CREATE TABLE "auth_group" ("id" serial NOT NULL PRIMARY KEY, "name" varchar(80) NOT NULL UNIQUE); args=None
CREATE TABLE "auth_group_permissions" ("id" serial NOT NULL PRIMARY KEY, "group_id" integer NOT NULL, "permission_id" integer NOT NULL); (params None)
(0.002) CREATE TABLE "auth_group_permissions" ("id" serial NOT NULL PRIMARY KEY, "group_id" integer NOT NULL, "permission_id" integer NOT NULL); args=None
CREATE TABLE "auth_user" ("id" serial NOT NULL PRIMARY KEY, "password" varchar(128) NOT NULL, "last_login" timestamp with time zone NOT NULL, "is_superuser" boolean NOT NULL, "username" varchar(30) NOT NULL UNIQUE, "first_name" varchar(30) NOT NULL, "last_name" varchar(30) NOT NULL, "email" varchar(75) NOT NULL, "is_staff" boolean NOT NULL, "is_active" boolean NOT NULL, "date_joined" timestamp with time zone NOT NULL); (params None)
(0.003) CREATE TABLE "auth_user" ("id" serial NOT NULL PRIMARY KEY, "password" varchar(128) NOT NULL, "last_login" timestamp with time zone NOT NULL, "is_superuser" boolean NOT NULL, "username" varchar(30) NOT NULL UNIQUE, "first_name" varchar(30) NOT NULL, "last_name" varchar(30) NOT NULL, "email" varchar(75) NOT NULL, "is_staff" boolean NOT NULL, "is_active" boolean NOT NULL, "date_joined" timestamp with time zone NOT NULL); args=None
CREATE TABLE "auth_user_groups" ("id" serial NOT NULL PRIMARY KEY, "user_id" integer NOT NULL, "group_id" integer NOT NULL); (params None)
(0.002) CREATE TABLE "auth_user_groups" ("id" serial NOT NULL PRIMARY KEY, "user_id" integer NOT NULL, "group_id" integer NOT NULL); args=None
CREATE TABLE "auth_user_user_permissions" ("id" serial NOT NULL PRIMARY KEY, "user_id" integer NOT NULL, "permission_id" integer NOT NULL); (params None)
(0.002) CREATE TABLE "auth_user_user_permissions" ("id" serial NOT NULL PRIMARY KEY, "user_id" integer NOT NULL, "permission_id" integer NOT NULL); args=None
ALTER TABLE "auth_permission" ADD CONSTRAINT "auth_permiss_content_type_id_2f476e4b_fk_django_content_type_id" FOREIGN KEY ("content_type_id") REFERENCES "django_content_type" ("id") DEFERRABLE INITIALLY DEFERRED; (params [])
(0.003) ALTER TABLE "auth_permission" ADD CONSTRAINT "auth_permiss_content_type_id_2f476e4b_fk_django_content_type_id" FOREIGN KEY ("content_type_id") REFERENCES "django_content_type" ("id") DEFERRABLE INITIALLY DEFERRED; args=[]
ALTER TABLE "auth_permission" ADD CONSTRAINT "auth_permission_content_type_id_01ab375a_uniq" UNIQUE ("content_type_id", "codename"); (params [])
(0.001) ALTER TABLE "auth_permission" ADD CONSTRAINT "auth_permission_content_type_id_01ab375a_uniq" UNIQUE ("content_type_id", "codename"); args=[]
CREATE INDEX "auth_permission_417f1b1c" ON "auth_permission" ("content_type_id"); (params [])
(0.001) CREATE INDEX "auth_permission_417f1b1c" ON "auth_permission" ("content_type_id"); args=[]
CREATE INDEX "auth_group_name_a6ea08ec_like" ON "auth_group" ("name" varchar_pattern_ops); (params [])
(0.001) CREATE INDEX "auth_group_name_a6ea08ec_like" ON "auth_group" ("name" varchar_pattern_ops); args=[]
ALTER TABLE "auth_group_permissions" ADD CONSTRAINT "auth_group_permissions_group_id_b120cbf9_fk_auth_group_id" FOREIGN KEY ("group_id") REFERENCES "auth_group" ("id") DEFERRABLE INITIALLY DEFERRED; (params [])
(0.001) ALTER TABLE "auth_group_permissions" ADD CONSTRAINT "auth_group_permissions_group_id_b120cbf9_fk_auth_group_id" FOREIGN KEY ("group_id") REFERENCES "auth_group" ("id") DEFERRABLE INITIALLY DEFERRED; args=[]
ALTER TABLE "auth_group_permissions" ADD CONSTRAINT "auth_group_permiss_permission_id_84c5c92e_fk_auth_permission_id" FOREIGN KEY ("permission_id") REFERENCES "auth_permission" ("id") DEFERRABLE INITIALLY DEFERRED; (params [])
(0.001) ALTER TABLE "auth_group_permissions" ADD CONSTRAINT "auth_group_permiss_permission_id_84c5c92e_fk_auth_permission_id" FOREIGN KEY ("permission_id") REFERENCES "auth_permission" ("id") DEFERRABLE INITIALLY DEFERRED; args=[]
ALTER TABLE "auth_group_permissions" ADD CONSTRAINT "auth_group_permissions_group_id_0cd325b0_uniq" UNIQUE ("group_id", "permission_id"); (params [])
(0.001) ALTER TABLE "auth_group_permissions" ADD CONSTRAINT "auth_group_permissions_group_id_0cd325b0_uniq" UNIQUE ("group_id", "permission_id"); args=[]
CREATE INDEX "auth_group_permissions_0e939a4f" ON "auth_group_permissions" ("group_id"); (params [])
(0.001) CREATE INDEX "auth_group_permissions_0e939a4f" ON "auth_group_permissions" ("group_id"); args=[]
CREATE INDEX "auth_group_permissions_8373b171" ON "auth_group_permissions" ("permission_id"); (params [])
(0.001) CREATE INDEX "auth_group_permissions_8373b171" ON "auth_group_permissions" ("permission_id"); args=[]
CREATE INDEX "auth_user_username_6821ab7c_like" ON "auth_user" ("username" varchar_pattern_ops); (params [])
(0.001) CREATE INDEX "auth_user_username_6821ab7c_like" ON "auth_user" ("username" varchar_pattern_ops); args=[]
ALTER TABLE "auth_user_groups" ADD CONSTRAINT "auth_user_groups_user_id_6a12ed8b_fk_auth_user_id" FOREIGN KEY ("user_id") REFERENCES "auth_user" ("id") DEFERRABLE INITIALLY DEFERRED; (params [])
(0.001) ALTER TABLE "auth_user_groups" ADD CONSTRAINT "auth_user_groups_user_id_6a12ed8b_fk_auth_user_id" FOREIGN KEY ("user_id") REFERENCES "auth_user" ("id") DEFERRABLE INITIALLY DEFERRED; args=[]
ALTER TABLE "auth_user_groups" ADD CONSTRAINT "auth_user_groups_group_id_97559544_fk_auth_group_id" FOREIGN KEY ("group_id") REFERENCES "auth_group" ("id") DEFERRABLE INITIALLY DEFERRED; (params [])
(0.001) ALTER TABLE "auth_user_groups" ADD CONSTRAINT "auth_user_groups_group_id_97559544_fk_auth_group_id" FOREIGN KEY ("group_id") REFERENCES "auth_group" ("id") DEFERRABLE INITIALLY DEFERRED; args=[]
ALTER TABLE "auth_user_groups" ADD CONSTRAINT "auth_user_groups_user_id_94350c0c_uniq" UNIQUE ("user_id", "group_id"); (params [])
(0.001) ALTER TABLE "auth_user_groups" ADD CONSTRAINT "auth_user_groups_user_id_94350c0c_uniq" UNIQUE ("user_id", "group_id"); args=[]
CREATE INDEX "auth_user_groups_e8701ad4" ON "auth_user_groups" ("user_id"); (params [])
(0.001) CREATE INDEX "auth_user_groups_e8701ad4" ON "auth_user_groups" ("user_id"); args=[]
CREATE INDEX "auth_user_groups_0e939a4f" ON "auth_user_groups" ("group_id"); (params [])
(0.001) CREATE INDEX "auth_user_groups_0e939a4f" ON "auth_user_groups" ("group_id"); args=[]
ALTER TABLE "auth_user_user_permissions" ADD CONSTRAINT "auth_user_user_permissions_user_id_a95ead1b_fk_auth_user_id" FOREIGN KEY ("user_id") REFERENCES "auth_user" ("id") DEFERRABLE INITIALLY DEFERRED; (params [])
(0.001) ALTER TABLE "auth_user_user_permissions" ADD CONSTRAINT "auth_user_user_permissions_user_id_a95ead1b_fk_auth_user_id" FOREIGN KEY ("user_id") REFERENCES "auth_user" ("id") DEFERRABLE INITIALLY DEFERRED; args=[]
ALTER TABLE "auth_user_user_permissions" ADD CONSTRAINT "auth_user_user_per_permission_id_1fbb5f2c_fk_auth_permission_id" FOREIGN KEY ("permission_id") REFERENCES "auth_permission" ("id") DEFERRABLE INITIALLY DEFERRED; (params [])
(0.001) ALTER TABLE "auth_user_user_permissions" ADD CONSTRAINT "auth_user_user_per_permission_id_1fbb5f2c_fk_auth_permission_id" FOREIGN KEY ("permission_id") REFERENCES "auth_permission" ("id") DEFERRABLE INITIALLY DEFERRED; args=[]
ALTER TABLE "auth_user_user_permissions" ADD CONSTRAINT "auth_user_user_permissions_user_id_14a6b632_uniq" UNIQUE ("user_id", "permission_id"); (params [])
(0.001) ALTER TABLE "auth_user_user_permissions" ADD CONSTRAINT "auth_user_user_permissions_user_id_14a6b632_uniq" UNIQUE ("user_id", "permission_id"); args=[]
CREATE INDEX "auth_user_user_permissions_e8701ad4" ON "auth_user_user_permissions" ("user_id"); (params [])
(0.001) CREATE INDEX "auth_user_user_permissions_e8701ad4" ON "auth_user_user_permissions" ("user_id"); args=[]
CREATE INDEX "auth_user_user_permissions_8373b171" ON "auth_user_user_permissions" ("permission_id"); (params [])
(0.001) CREATE INDEX "auth_user_user_permissions_8373b171" ON "auth_user_user_permissions" ("permission_id"); args=[]
(0.001) 
            SELECT c.relname, c.relkind
            FROM pg_catalog.pg_class c
            LEFT JOIN pg_catalog.pg_namespace n ON n.oid = c.relnamespace
            WHERE c.relkind IN ('r', 'v')
                AND n.nspname NOT IN ('pg_catalog', 'pg_toast')
                AND pg_catalog.pg_table_is_visible(c.oid); args=None
(0.000) INSERT INTO "django_migrations" ("app", "name", "applied") VALUES ('auth', '0001_initial', '2017-03-01T13:34:51.661492+00:00'::timestamptz) RETURNING "django_migrations"."id"; args=('auth', '0001_initial', datetime.datetime(2017, 3, 1, 13, 34, 51, 661492, tzinfo=<UTC>))
CREATE TABLE "django_admin_log" ("id" serial NOT NULL PRIMARY KEY, "action_time" timestamp with time zone NOT NULL, "object_id" text NULL, "object_repr" varchar(200) NOT NULL, "action_flag" smallint NOT NULL CHECK ("action_flag" >= 0), "change_message" text NOT NULL, "content_type_id" integer NULL, "user_id" integer NOT NULL); (params None)
(0.003) CREATE TABLE "django_admin_log" ("id" serial NOT NULL PRIMARY KEY, "action_time" timestamp with time zone NOT NULL, "object_id" text NULL, "object_repr" varchar(200) NOT NULL, "action_flag" smallint NOT NULL CHECK ("action_flag" >= 0), "change_message" text NOT NULL, "content_type_id" integer NULL, "user_id" integer NOT NULL); args=None
ALTER TABLE "django_admin_log" ADD CONSTRAINT "django_admin_content_type_id_c4bce8eb_fk_django_content_type_id" FOREIGN KEY ("content_type_id") REFERENCES "django_content_type" ("id") DEFERRABLE INITIALLY DEFERRED; (params [])
(0.001) ALTER TABLE "django_admin_log" ADD CONSTRAINT "django_admin_content_type_id_c4bce8eb_fk_django_content_type_id" FOREIGN KEY ("content_type_id") REFERENCES "django_content_type" ("id") DEFERRABLE INITIALLY DEFERRED; args=[]
ALTER TABLE "django_admin_log" ADD CONSTRAINT "django_admin_log_user_id_c564eba6_fk_auth_user_id" FOREIGN KEY ("user_id") REFERENCES "auth_user" ("id") DEFERRABLE INITIALLY DEFERRED; (params [])
(0.001) ALTER TABLE "django_admin_log" ADD CONSTRAINT "django_admin_log_user_id_c564eba6_fk_auth_user_id" FOREIGN KEY ("user_id") REFERENCES "auth_user" ("id") DEFERRABLE INITIALLY DEFERRED; args=[]
CREATE INDEX "django_admin_log_417f1b1c" ON "django_admin_log" ("content_type_id"); (params [])
(0.001) CREATE INDEX "django_admin_log_417f1b1c" ON "django_admin_log" ("content_type_id"); args=[]
CREATE INDEX "django_admin_log_e8701ad4" ON "django_admin_log" ("user_id"); (params [])
(0.001) CREATE INDEX "django_admin_log_e8701ad4" ON "django_admin_log" ("user_id"); args=[]
(0.001) 
            SELECT c.relname, c.relkind
            FROM pg_catalog.pg_class c
            LEFT JOIN pg_catalog.pg_namespace n ON n.oid = c.relnamespace
            WHERE c.relkind IN ('r', 'v')
                AND n.nspname NOT IN ('pg_catalog', 'pg_toast')
                AND pg_catalog.pg_table_is_visible(c.oid); args=None
(0.000) INSERT INTO "django_migrations" ("app", "name", "applied") VALUES ('admin', '0001_initial', '2017-03-01T13:34:51.681681+00:00'::timestamptz) RETURNING "django_migrations"."id"; args=('admin', '0001_initial', datetime.datetime(2017, 3, 1, 13, 34, 51, 681681, tzinfo=<UTC>))
ALTER TABLE "django_admin_log" ALTER COLUMN "action_time" SET DEFAULT %s; (params [datetime.datetime(2017, 3, 1, 13, 34, 51, 691301, tzinfo=<UTC>)])
(0.001) ALTER TABLE "django_admin_log" ALTER COLUMN "action_time" SET DEFAULT '2017-03-01T13:34:51.691301+00:00'::timestamptz; args=[datetime.datetime(2017, 3, 1, 13, 34, 51, 691301, tzinfo=<UTC>)]
ALTER TABLE "django_admin_log" ALTER COLUMN "action_time" DROP DEFAULT; (params [])
(0.001) ALTER TABLE "django_admin_log" ALTER COLUMN "action_time" DROP DEFAULT; args=[]
(0.001) 
            SELECT c.relname, c.relkind
            FROM pg_catalog.pg_class c
            LEFT JOIN pg_catalog.pg_namespace n ON n.oid = c.relnamespace
            WHERE c.relkind IN ('r', 'v')
                AND n.nspname NOT IN ('pg_catalog', 'pg_toast')
                AND pg_catalog.pg_table_is_visible(c.oid); args=None
(0.000) INSERT INTO "django_migrations" ("app", "name", "applied") VALUES ('admin', '0002_logentry_remove_auto_add', '2017-03-01T13:34:51.694114+00:00'::timestamptz) RETURNING "django_migrations"."id"; args=('admin', '0002_logentry_remove_auto_add', datetime.datetime(2017, 3, 1, 13, 34, 51, 694114, tzinfo=<UTC>))
ALTER TABLE "django_content_type" ALTER COLUMN "name" DROP NOT NULL; (params [])
(0.000) ALTER TABLE "django_content_type" ALTER COLUMN "name" DROP NOT NULL; args=[]
ALTER TABLE "django_content_type" DROP COLUMN "name" CASCADE; (params [])
(0.000) ALTER TABLE "django_content_type" DROP COLUMN "name" CASCADE; args=[]
(0.001) 
            SELECT c.relname, c.relkind
            FROM pg_catalog.pg_class c
            LEFT JOIN pg_catalog.pg_namespace n ON n.oid = c.relnamespace
            WHERE c.relkind IN ('r', 'v')
                AND n.nspname NOT IN ('pg_catalog', 'pg_toast')
                AND pg_catalog.pg_table_is_visible(c.oid); args=None
(0.000) INSERT INTO "django_migrations" ("app", "name", "applied") VALUES ('contenttypes', '0002_remove_content_type_name', '2017-03-01T13:34:51.733352+00:00'::timestamptz) RETURNING "django_migrations"."id"; args=('contenttypes', '0002_remove_content_type_name', datetime.datetime(2017, 3, 1, 13, 34, 51, 733352, tzinfo=<UTC>))
ALTER TABLE "auth_permission" ALTER COLUMN "name" TYPE varchar(255) USING "name"::varchar(255); (params [])
(0.001) ALTER TABLE "auth_permission" ALTER COLUMN "name" TYPE varchar(255) USING "name"::varchar(255); args=[]
(0.001) 
            SELECT c.relname, c.relkind
            FROM pg_catalog.pg_class c
            LEFT JOIN pg_catalog.pg_namespace n ON n.oid = c.relnamespace
            WHERE c.relkind IN ('r', 'v')
                AND n.nspname NOT IN ('pg_catalog', 'pg_toast')
                AND pg_catalog.pg_table_is_visible(c.oid); args=None
(0.000) INSERT INTO "django_migrations" ("app", "name", "applied") VALUES ('auth', '0002_alter_permission_name_max_length', '2017-03-01T13:34:51.744424+00:00'::timestamptz) RETURNING "django_migrations"."id"; args=('auth', '0002_alter_permission_name_max_length', datetime.datetime(2017, 3, 1, 13, 34, 51, 744424, tzinfo=<UTC>))
ALTER TABLE "auth_user" ALTER COLUMN "email" TYPE varchar(254) USING "email"::varchar(254); (params [])
(0.000) ALTER TABLE "auth_user" ALTER COLUMN "email" TYPE varchar(254) USING "email"::varchar(254); args=[]
(0.001) 
            SELECT c.relname, c.relkind
            FROM pg_catalog.pg_class c
            LEFT JOIN pg_catalog.pg_namespace n ON n.oid = c.relnamespace
            WHERE c.relkind IN ('r', 'v')
                AND n.nspname NOT IN ('pg_catalog', 'pg_toast')
                AND pg_catalog.pg_table_is_visible(c.oid); args=None
(0.000) INSERT INTO "django_migrations" ("app", "name", "applied") VALUES ('auth', '0003_alter_user_email_max_length', '2017-03-01T13:34:51.754023+00:00'::timestamptz) RETURNING "django_migrations"."id"; args=('auth', '0003_alter_user_email_max_length', datetime.datetime(2017, 3, 1, 13, 34, 51, 754023, tzinfo=<UTC>))
(0.001) 
            SELECT c.relname, c.relkind
            FROM pg_catalog.pg_class c
            LEFT JOIN pg_catalog.pg_namespace n ON n.oid = c.relnamespace
            WHERE c.relkind IN ('r', 'v')
                AND n.nspname NOT IN ('pg_catalog', 'pg_toast')
                AND pg_catalog.pg_table_is_visible(c.oid); args=None
(0.000) INSERT INTO "django_migrations" ("app", "name", "applied") VALUES ('auth', '0004_alter_user_username_opts', '2017-03-01T13:34:51.762988+00:00'::timestamptz) RETURNING "django_migrations"."id"; args=('auth', '0004_alter_user_username_opts', datetime.datetime(2017, 3, 1, 13, 34, 51, 762988, tzinfo=<UTC>))
ALTER TABLE "auth_user" ALTER COLUMN "last_login" DROP NOT NULL; (params [])
(0.000) ALTER TABLE "auth_user" ALTER COLUMN "last_login" DROP NOT NULL; args=[]
(0.001) 
            SELECT c.relname, c.relkind
            FROM pg_catalog.pg_class c
            LEFT JOIN pg_catalog.pg_namespace n ON n.oid = c.relnamespace
            WHERE c.relkind IN ('r', 'v')
                AND n.nspname NOT IN ('pg_catalog', 'pg_toast')
                AND pg_catalog.pg_table_is_visible(c.oid); args=None
(0.000) INSERT INTO "django_migrations" ("app", "name", "applied") VALUES ('auth', '0005_alter_user_last_login_null', '2017-03-01T13:34:51.775887+00:00'::timestamptz) RETURNING "django_migrations"."id"; args=('auth', '0005_alter_user_last_login_null', datetime.datetime(2017, 3, 1, 13, 34, 51, 775887, tzinfo=<UTC>))
(0.001) 
            SELECT c.relname, c.relkind
            FROM pg_catalog.pg_class c
            LEFT JOIN pg_catalog.pg_namespace n ON n.oid = c.relnamespace
            WHERE c.relkind IN ('r', 'v')
                AND n.nspname NOT IN ('pg_catalog', 'pg_toast')
                AND pg_catalog.pg_table_is_visible(c.oid); args=None
(0.000) INSERT INTO "django_migrations" ("app", "name", "applied") VALUES ('auth', '0006_require_contenttypes_0002', '2017-03-01T13:34:51.777779+00:00'::timestamptz) RETURNING "django_migrations"."id"; args=('auth', '0006_require_contenttypes_0002', datetime.datetime(2017, 3, 1, 13, 34, 51, 777779, tzinfo=<UTC>))
(0.001) 
            SELECT c.relname, c.relkind
            FROM pg_catalog.pg_class c
            LEFT JOIN pg_catalog.pg_namespace n ON n.oid = c.relnamespace
            WHERE c.relkind IN ('r', 'v')
                AND n.nspname NOT IN ('pg_catalog', 'pg_toast')
                AND pg_catalog.pg_table_is_visible(c.oid); args=None
(0.000) INSERT INTO "django_migrations" ("app", "name", "applied") VALUES ('auth', '0007_alter_validators_add_error_messages', '2017-03-01T13:34:51.786279+00:00'::timestamptz) RETURNING "django_migrations"."id"; args=('auth', '0007_alter_validators_add_error_messages', datetime.datetime(2017, 3, 1, 13, 34, 51, 786279, tzinfo=<UTC>))
ALTER TABLE "auth_user" ALTER COLUMN "username" TYPE varchar(150) USING "username"::varchar(150); (params [])
(0.003) ALTER TABLE "auth_user" ALTER COLUMN "username" TYPE varchar(150) USING "username"::varchar(150); args=[]
(0.001) 
            SELECT c.relname, c.relkind
            FROM pg_catalog.pg_class c
            LEFT JOIN pg_catalog.pg_namespace n ON n.oid = c.relnamespace
            WHERE c.relkind IN ('r', 'v')
                AND n.nspname NOT IN ('pg_catalog', 'pg_toast')
                AND pg_catalog.pg_table_is_visible(c.oid); args=None
(0.000) INSERT INTO "django_migrations" ("app", "name", "applied") VALUES ('auth', '0008_alter_user_username_max_length', '2017-03-01T13:34:51.798035+00:00'::timestamptz) RETURNING "django_migrations"."id"; args=('auth', '0008_alter_user_username_max_length', datetime.datetime(2017, 3, 1, 13, 34, 51, 798035, tzinfo=<UTC>))
CREATE TABLE "category_category" ("id" integer NOT NULL PRIMARY KEY, "name" varchar(50) NOT NULL); (params None)
(0.001) CREATE TABLE "category_category" ("id" integer NOT NULL PRIMARY KEY, "name" varchar(50) NOT NULL); args=None
(0.001) 
            SELECT c.relname, c.relkind
            FROM pg_catalog.pg_class c
            LEFT JOIN pg_catalog.pg_namespace n ON n.oid = c.relnamespace
            WHERE c.relkind IN ('r', 'v')
                AND n.nspname NOT IN ('pg_catalog', 'pg_toast')
                AND pg_catalog.pg_table_is_visible(c.oid); args=None
(0.000) INSERT INTO "django_migrations" ("app", "name", "applied") VALUES ('category', '0001_initial', '2017-03-01T13:34:51.803761+00:00'::timestamptz) RETURNING "django_migrations"."id"; args=('category', '0001_initial', datetime.datetime(2017, 3, 1, 13, 34, 51, 803761, tzinfo=<UTC>))
CREATE TABLE "item_item" ("id" integer NOT NULL PRIMARY KEY, "name" varchar(50) NOT NULL, "description" text NOT NULL, "size" varchar(20) NOT NULL, "options" text NOT NULL, "quantity" integer NOT NULL, "image" varchar(100) NOT NULL, "price" integer NOT NULL, "category_id_id" integer NOT NULL); (params None)
(0.003) CREATE TABLE "item_item" ("id" integer NOT NULL PRIMARY KEY, "name" varchar(50) NOT NULL, "description" text NOT NULL, "size" varchar(20) NOT NULL, "options" text NOT NULL, "quantity" integer NOT NULL, "image" varchar(100) NOT NULL, "price" integer NOT NULL, "category_id_id" integer NOT NULL); args=None
ALTER TABLE "item_item" ADD CONSTRAINT "item_item_category_id_id_d98f1b50_fk_category_category_id" FOREIGN KEY ("category_id_id") REFERENCES "category_category" ("id") DEFERRABLE INITIALLY DEFERRED; (params [])
(0.001) ALTER TABLE "item_item" ADD CONSTRAINT "item_item_category_id_id_d98f1b50_fk_category_category_id" FOREIGN KEY ("category_id_id") REFERENCES "category_category" ("id") DEFERRABLE INITIALLY DEFERRED; args=[]
CREATE INDEX "item_item_2d5f8f90" ON "item_item" ("category_id_id"); (params [])
(0.001) CREATE INDEX "item_item_2d5f8f90" ON "item_item" ("category_id_id"); args=[]
(0.001) 
            SELECT c.relname, c.relkind
            FROM pg_catalog.pg_class c
            LEFT JOIN pg_catalog.pg_namespace n ON n.oid = c.relnamespace
            WHERE c.relkind IN ('r', 'v')
                AND n.nspname NOT IN ('pg_catalog', 'pg_toast')
                AND pg_catalog.pg_table_is_visible(c.oid); args=None
(0.000) INSERT INTO "django_migrations" ("app", "name", "applied") VALUES ('item', '0001_initial', '2017-03-01T13:34:51.814112+00:00'::timestamptz) RETURNING "django_migrations"."id"; args=('item', '0001_initial', datetime.datetime(2017, 3, 1, 13, 34, 51, 814112, tzinfo=<UTC>))
CREATE TABLE "cart_cartorder" ("id" integer NOT NULL PRIMARY KEY, "quantity" integer NOT NULL, "item_id_id" integer NOT NULL); (params None)
(0.002) CREATE TABLE "cart_cartorder" ("id" integer NOT NULL PRIMARY KEY, "quantity" integer NOT NULL, "item_id_id" integer NOT NULL); args=None
ALTER TABLE "cart_cartorder" ADD CONSTRAINT "cart_cartorder_item_id_id_4c169ea0_fk_item_item_id" FOREIGN KEY ("item_id_id") REFERENCES "item_item" ("id") DEFERRABLE INITIALLY DEFERRED; (params [])
(0.001) ALTER TABLE "cart_cartorder" ADD CONSTRAINT "cart_cartorder_item_id_id_4c169ea0_fk_item_item_id" FOREIGN KEY ("item_id_id") REFERENCES "item_item" ("id") DEFERRABLE INITIALLY DEFERRED; args=[]
CREATE INDEX "cart_cartorder_3834d646" ON "cart_cartorder" ("item_id_id"); (params [])
(0.001) CREATE INDEX "cart_cartorder_3834d646" ON "cart_cartorder" ("item_id_id"); args=[]
(0.001) 
            SELECT c.relname, c.relkind
            FROM pg_catalog.pg_class c
            LEFT JOIN pg_catalog.pg_namespace n ON n.oid = c.relnamespace
            WHERE c.relkind IN ('r', 'v')
                AND n.nspname NOT IN ('pg_catalog', 'pg_toast')
                AND pg_catalog.pg_table_is_visible(c.oid); args=None
(0.000) INSERT INTO "django_migrations" ("app", "name", "applied") VALUES ('cart', '0001_initial', '2017-03-01T13:34:51.824038+00:00'::timestamptz) RETURNING "django_migrations"."id"; args=('cart', '0001_initial', datetime.datetime(2017, 3, 1, 13, 34, 51, 824038, tzinfo=<UTC>))
ALTER TABLE "cart_cartorder" ALTER COLUMN "id" TYPE integer USING "id"::integer; (params [])
(0.001) ALTER TABLE "cart_cartorder" ALTER COLUMN "id" TYPE integer USING "id"::integer; args=[]
DROP SEQUENCE IF EXISTS "cart_cartorder_id_seq" CASCADE; (params [])
(0.000) DROP SEQUENCE IF EXISTS "cart_cartorder_id_seq" CASCADE; args=[]
CREATE SEQUENCE "cart_cartorder_id_seq"; (params [])
(0.001) CREATE SEQUENCE "cart_cartorder_id_seq"; args=[]
ALTER TABLE "cart_cartorder" ALTER COLUMN "id" SET DEFAULT nextval('"cart_cartorder_id_seq"'); (params [])
(0.000) ALTER TABLE "cart_cartorder" ALTER COLUMN "id" SET DEFAULT nextval('"cart_cartorder_id_seq"'); args=[]
SELECT setval('"cart_cartorder_id_seq"', MAX("id")) FROM "cart_cartorder"; (params [])
(0.001) SELECT setval('"cart_cartorder_id_seq"', MAX("id")) FROM "cart_cartorder"; args=[]
(0.001) 
            SELECT c.relname, c.relkind
            FROM pg_catalog.pg_class c
            LEFT JOIN pg_catalog.pg_namespace n ON n.oid = c.relnamespace
            WHERE c.relkind IN ('r', 'v')
                AND n.nspname NOT IN ('pg_catalog', 'pg_toast')
                AND pg_catalog.pg_table_is_visible(c.oid); args=None
(0.000) INSERT INTO "django_migrations" ("app", "name", "applied") VALUES ('cart', '0002_auto_20170301_1309', '2017-03-01T13:34:51.833972+00:00'::timestamptz) RETURNING "django_migrations"."id"; args=('cart', '0002_auto_20170301_1309', datetime.datetime(2017, 3, 1, 13, 34, 51, 833972, tzinfo=<UTC>))
ALTER TABLE "category_category" ADD COLUMN "slug" varchar(50) NULL; (params [])
(0.000) ALTER TABLE "category_category" ADD COLUMN "slug" varchar(50) NULL; args=[]
ALTER TABLE "category_category" ALTER COLUMN "slug" DROP DEFAULT; (params [])
(0.000) ALTER TABLE "category_category" ALTER COLUMN "slug" DROP DEFAULT; args=[]
ALTER TABLE "category_category" ADD COLUMN "sort_order" varchar(50) NULL; (params [])
(0.000) ALTER TABLE "category_category" ADD COLUMN "sort_order" varchar(50) NULL; args=[]
ALTER TABLE "category_category" ALTER COLUMN "sort_order" DROP DEFAULT; (params [])
(0.000) ALTER TABLE "category_category" ALTER COLUMN "sort_order" DROP DEFAULT; args=[]
(0.001) 
            SELECT c.relname, c.relkind
            FROM pg_catalog.pg_class c
            LEFT JOIN pg_catalog.pg_namespace n ON n.oid = c.relnamespace
            WHERE c.relkind IN ('r', 'v')
                AND n.nspname NOT IN ('pg_catalog', 'pg_toast')
                AND pg_catalog.pg_table_is_visible(c.oid); args=None
(0.000) INSERT INTO "django_migrations" ("app", "name", "applied") VALUES ('category', '0002_auto_20170301_1301', '2017-03-01T13:34:51.843869+00:00'::timestamptz) RETURNING "django_migrations"."id"; args=('category', '0002_auto_20170301_1301', datetime.datetime(2017, 3, 1, 13, 34, 51, 843869, tzinfo=<UTC>))
ALTER TABLE "category_category" ADD COLUMN "image" varchar(100) NULL; (params [])
(0.000) ALTER TABLE "category_category" ADD COLUMN "image" varchar(100) NULL; args=[]
ALTER TABLE "category_category" ALTER COLUMN "image" DROP DEFAULT; (params [])
(0.000) ALTER TABLE "category_category" ALTER COLUMN "image" DROP DEFAULT; args=[]
(0.001) 
            SELECT c.relname, c.relkind
            FROM pg_catalog.pg_class c
            LEFT JOIN pg_catalog.pg_namespace n ON n.oid = c.relnamespace
            WHERE c.relkind IN ('r', 'v')
                AND n.nspname NOT IN ('pg_catalog', 'pg_toast')
                AND pg_catalog.pg_table_is_visible(c.oid); args=None
(0.000) INSERT INTO "django_migrations" ("app", "name", "applied") VALUES ('category', '0003_category_image', '2017-03-01T13:34:51.849870+00:00'::timestamptz) RETURNING "django_migrations"."id"; args=('category', '0003_category_image', datetime.datetime(2017, 3, 1, 13, 34, 51, 849870, tzinfo=<UTC>))
(0.014) 
            SELECT
                kc.constraint_name,
                kc.column_name,
                c.constraint_type,
                array(SELECT table_name::text || '.' || column_name::text
                      FROM information_schema.constraint_column_usage
                      WHERE constraint_name = kc.constraint_name)
            FROM information_schema.key_column_usage AS kc
            JOIN information_schema.table_constraints AS c ON
                kc.table_schema = c.table_schema AND
                kc.table_name = c.table_name AND
                kc.constraint_name = c.constraint_name
            WHERE
                kc.table_schema = 'public' AND
                kc.table_name = 'item_item'
            ORDER BY kc.ordinal_position ASC
        ; args=['public', 'item_item']
(0.006) 
            SELECT kc.constraint_name, kc.column_name
            FROM information_schema.constraint_column_usage AS kc
            JOIN information_schema.table_constraints AS c ON
                kc.table_schema = c.table_schema AND
                kc.table_name = c.table_name AND
                kc.constraint_name = c.constraint_name
            WHERE
                c.constraint_type = 'CHECK' AND
                kc.table_schema = 'public' AND
                kc.table_name = 'item_item'
        ; args=['public', 'item_item']
(0.001) 
            SELECT
                c2.relname,
                ARRAY(
                    SELECT (SELECT attname FROM pg_catalog.pg_attribute WHERE attnum = i AND attrelid = c.oid)
                    FROM unnest(idx.indkey) i
                ),
                idx.indisunique,
                idx.indisprimary
            FROM pg_catalog.pg_class c, pg_catalog.pg_class c2,
                pg_catalog.pg_index idx
            WHERE c.oid = idx.indrelid
                AND idx.indexrelid = c2.oid
                AND c.relname = 'item_item'
        ; args=['item_item']
ALTER TABLE "item_item" DROP CONSTRAINT "item_item_category_id_id_d98f1b50_fk_category_category_id"; (params [])
(0.001) ALTER TABLE "item_item" DROP CONSTRAINT "item_item_category_id_id_d98f1b50_fk_category_category_id"; args=[]
ALTER TABLE "category_category" ALTER COLUMN "id" TYPE integer USING "id"::integer; (params [])
(0.001) ALTER TABLE "category_category" ALTER COLUMN "id" TYPE integer USING "id"::integer; args=[]
DROP SEQUENCE IF EXISTS "category_category_id_seq" CASCADE; (params [])
(0.000) DROP SEQUENCE IF EXISTS "category_category_id_seq" CASCADE; args=[]
CREATE SEQUENCE "category_category_id_seq"; (params [])
(0.001) CREATE SEQUENCE "category_category_id_seq"; args=[]
ALTER TABLE "category_category" ALTER COLUMN "id" SET DEFAULT nextval('"category_category_id_seq"'); (params [])
(0.000) ALTER TABLE "category_category" ALTER COLUMN "id" SET DEFAULT nextval('"category_category_id_seq"'); args=[]
SELECT setval('"category_category_id_seq"', MAX("id")) FROM "category_category"; (params [])
(0.000) SELECT setval('"category_category_id_seq"', MAX("id")) FROM "category_category"; args=[]
ALTER TABLE "item_item" ALTER COLUMN "category_id_id" TYPE integer USING "category_id_id"::integer; (params [])
(0.001) ALTER TABLE "item_item" ALTER COLUMN "category_id_id" TYPE integer USING "category_id_id"::integer; args=[]
ALTER TABLE "item_item" ADD CONSTRAINT "item_item_category_id_id_d98f1b50_fk" FOREIGN KEY ("category_id_id") REFERENCES "category_category" ("id") DEFERRABLE INITIALLY DEFERRED; (params [])
(0.001) ALTER TABLE "item_item" ADD CONSTRAINT "item_item_category_id_id_d98f1b50_fk" FOREIGN KEY ("category_id_id") REFERENCES "category_category" ("id") DEFERRABLE INITIALLY DEFERRED; args=[]
(0.001) 
            SELECT c.relname, c.relkind
            FROM pg_catalog.pg_class c
            LEFT JOIN pg_catalog.pg_namespace n ON n.oid = c.relnamespace
            WHERE c.relkind IN ('r', 'v')
                AND n.nspname NOT IN ('pg_catalog', 'pg_toast')
                AND pg_catalog.pg_table_is_visible(c.oid); args=None
(0.000) INSERT INTO "django_migrations" ("app", "name", "applied") VALUES ('category', '0004_auto_20170301_1307', '2017-03-01T13:34:51.884524+00:00'::timestamptz) RETURNING "django_migrations"."id"; args=('category', '0004_auto_20170301_1307', datetime.datetime(2017, 3, 1, 13, 34, 51, 884524, tzinfo=<UTC>))
(0.001) 
            SELECT c.relname, c.relkind
            FROM pg_catalog.pg_class c
            LEFT JOIN pg_catalog.pg_namespace n ON n.oid = c.relnamespace
            WHERE c.relkind IN ('r', 'v')
                AND n.nspname NOT IN ('pg_catalog', 'pg_toast')
                AND pg_catalog.pg_table_is_visible(c.oid); args=None
(0.000) INSERT INTO "django_migrations" ("app", "name", "applied") VALUES ('category', '0005_auto_20170301_1533', '2017-03-01T13:34:51.895815+00:00'::timestamptz) RETURNING "django_migrations"."id"; args=('category', '0005_auto_20170301_1533', datetime.datetime(2017, 3, 1, 13, 34, 51, 895815, tzinfo=<UTC>))
CREATE TABLE "delivery_delivery" ("id" integer NOT NULL PRIMARY KEY, "name" varchar(100) NOT NULL, "price" integer NOT NULL); (params None)
(0.001) CREATE TABLE "delivery_delivery" ("id" integer NOT NULL PRIMARY KEY, "name" varchar(100) NOT NULL, "price" integer NOT NULL); args=None
(0.001) 
            SELECT c.relname, c.relkind
            FROM pg_catalog.pg_class c
            LEFT JOIN pg_catalog.pg_namespace n ON n.oid = c.relnamespace
            WHERE c.relkind IN ('r', 'v')
                AND n.nspname NOT IN ('pg_catalog', 'pg_toast')
                AND pg_catalog.pg_table_is_visible(c.oid); args=None
(0.000) INSERT INTO "django_migrations" ("app", "name", "applied") VALUES ('delivery', '0001_initial', '2017-03-01T13:34:51.901234+00:00'::timestamptz) RETURNING "django_migrations"."id"; args=('delivery', '0001_initial', datetime.datetime(2017, 3, 1, 13, 34, 51, 901234, tzinfo=<UTC>))
ALTER TABLE "delivery_delivery" ALTER COLUMN "id" TYPE integer USING "id"::integer; (params [])
(0.001) ALTER TABLE "delivery_delivery" ALTER COLUMN "id" TYPE integer USING "id"::integer; args=[]
DROP SEQUENCE IF EXISTS "delivery_delivery_id_seq" CASCADE; (params [])
(0.000) DROP SEQUENCE IF EXISTS "delivery_delivery_id_seq" CASCADE; args=[]
CREATE SEQUENCE "delivery_delivery_id_seq"; (params [])
(0.001) CREATE SEQUENCE "delivery_delivery_id_seq"; args=[]
ALTER TABLE "delivery_delivery" ALTER COLUMN "id" SET DEFAULT nextval('"delivery_delivery_id_seq"'); (params [])
(0.000) ALTER TABLE "delivery_delivery" ALTER COLUMN "id" SET DEFAULT nextval('"delivery_delivery_id_seq"'); args=[]
SELECT setval('"delivery_delivery_id_seq"', MAX("id")) FROM "delivery_delivery"; (params [])
(0.000) SELECT setval('"delivery_delivery_id_seq"', MAX("id")) FROM "delivery_delivery"; args=[]
(0.001) 
            SELECT c.relname, c.relkind
            FROM pg_catalog.pg_class c
            LEFT JOIN pg_catalog.pg_namespace n ON n.oid = c.relnamespace
            WHERE c.relkind IN ('r', 'v')
                AND n.nspname NOT IN ('pg_catalog', 'pg_toast')
                AND pg_catalog.pg_table_is_visible(c.oid); args=None
(0.000) INSERT INTO "django_migrations" ("app", "name", "applied") VALUES ('delivery', '0002_auto_20170301_1309', '2017-03-01T13:34:51.909373+00:00'::timestamptz) RETURNING "django_migrations"."id"; args=('delivery', '0002_auto_20170301_1309', datetime.datetime(2017, 3, 1, 13, 34, 51, 909373, tzinfo=<UTC>))
ALTER TABLE "item_item" DROP COLUMN "image" CASCADE; (params [])
(0.000) ALTER TABLE "item_item" DROP COLUMN "image" CASCADE; args=[]
(0.001) 
            SELECT c.relname, c.relkind
            FROM pg_catalog.pg_class c
            LEFT JOIN pg_catalog.pg_namespace n ON n.oid = c.relnamespace
            WHERE c.relkind IN ('r', 'v')
                AND n.nspname NOT IN ('pg_catalog', 'pg_toast')
                AND pg_catalog.pg_table_is_visible(c.oid); args=None
(0.000) INSERT INTO "django_migrations" ("app", "name", "applied") VALUES ('item', '0002_remove_item_image', '2017-03-01T13:34:51.915479+00:00'::timestamptz) RETURNING "django_migrations"."id"; args=('item', '0002_remove_item_image', datetime.datetime(2017, 3, 1, 13, 34, 51, 915479, tzinfo=<UTC>))
ALTER TABLE "item_item" ADD COLUMN "image" varchar(100) NULL; (params [])
(0.000) ALTER TABLE "item_item" ADD COLUMN "image" varchar(100) NULL; args=[]
ALTER TABLE "item_item" ALTER COLUMN "image" DROP DEFAULT; (params [])
(0.000) ALTER TABLE "item_item" ALTER COLUMN "image" DROP DEFAULT; args=[]
(0.001) 
            SELECT c.relname, c.relkind
            FROM pg_catalog.pg_class c
            LEFT JOIN pg_catalog.pg_namespace n ON n.oid = c.relnamespace
            WHERE c.relkind IN ('r', 'v')
                AND n.nspname NOT IN ('pg_catalog', 'pg_toast')
                AND pg_catalog.pg_table_is_visible(c.oid); args=None
(0.000) INSERT INTO "django_migrations" ("app", "name", "applied") VALUES ('item', '0003_item_image', '2017-03-01T13:34:51.921688+00:00'::timestamptz) RETURNING "django_migrations"."id"; args=('item', '0003_item_image', datetime.datetime(2017, 3, 1, 13, 34, 51, 921688, tzinfo=<UTC>))
(0.009) 
            SELECT
                kc.constraint_name,
                kc.column_name,
                c.constraint_type,
                array(SELECT table_name::text || '.' || column_name::text
                      FROM information_schema.constraint_column_usage
                      WHERE constraint_name = kc.constraint_name)
            FROM information_schema.key_column_usage AS kc
            JOIN information_schema.table_constraints AS c ON
                kc.table_schema = c.table_schema AND
                kc.table_name = c.table_name AND
                kc.constraint_name = c.constraint_name
            WHERE
                kc.table_schema = 'public' AND
                kc.table_name = 'cart_cartorder'
            ORDER BY kc.ordinal_position ASC
        ; args=['public', 'cart_cartorder']
(0.006) 
            SELECT kc.constraint_name, kc.column_name
            FROM information_schema.constraint_column_usage AS kc
            JOIN information_schema.table_constraints AS c ON
                kc.table_schema = c.table_schema AND
                kc.table_name = c.table_name AND
                kc.constraint_name = c.constraint_name
            WHERE
                c.constraint_type = 'CHECK' AND
                kc.table_schema = 'public' AND
                kc.table_name = 'cart_cartorder'
        ; args=['public', 'cart_cartorder']
(0.002) 
            SELECT
                c2.relname,
                ARRAY(
                    SELECT (SELECT attname FROM pg_catalog.pg_attribute WHERE attnum = i AND attrelid = c.oid)
                    FROM unnest(idx.indkey) i
                ),
                idx.indisunique,
                idx.indisprimary
            FROM pg_catalog.pg_class c, pg_catalog.pg_class c2,
                pg_catalog.pg_index idx
            WHERE c.oid = idx.indrelid
                AND idx.indexrelid = c2.oid
                AND c.relname = 'cart_cartorder'
        ; args=['cart_cartorder']
ALTER TABLE "cart_cartorder" DROP CONSTRAINT "cart_cartorder_item_id_id_4c169ea0_fk_item_item_id"; (params [])
(0.001) ALTER TABLE "cart_cartorder" DROP CONSTRAINT "cart_cartorder_item_id_id_4c169ea0_fk_item_item_id"; args=[]
ALTER TABLE "item_item" ALTER COLUMN "id" TYPE integer USING "id"::integer; (params [])
(0.001) ALTER TABLE "item_item" ALTER COLUMN "id" TYPE integer USING "id"::integer; args=[]
DROP SEQUENCE IF EXISTS "item_item_id_seq" CASCADE; (params [])
(0.000) DROP SEQUENCE IF EXISTS "item_item_id_seq" CASCADE; args=[]
CREATE SEQUENCE "item_item_id_seq"; (params [])
(0.001) CREATE SEQUENCE "item_item_id_seq"; args=[]
ALTER TABLE "item_item" ALTER COLUMN "id" SET DEFAULT nextval('"item_item_id_seq"'); (params [])
(0.000) ALTER TABLE "item_item" ALTER COLUMN "id" SET DEFAULT nextval('"item_item_id_seq"'); args=[]
SELECT setval('"item_item_id_seq"', MAX("id")) FROM "item_item"; (params [])
(0.000) SELECT setval('"item_item_id_seq"', MAX("id")) FROM "item_item"; args=[]
ALTER TABLE "cart_cartorder" ALTER COLUMN "item_id_id" TYPE integer USING "item_id_id"::integer; (params [])
(0.001) ALTER TABLE "cart_cartorder" ALTER COLUMN "item_id_id" TYPE integer USING "item_id_id"::integer; args=[]
ALTER TABLE "cart_cartorder" ADD CONSTRAINT "cart_cartorder_item_id_id_4c169ea0_fk" FOREIGN KEY ("item_id_id") REFERENCES "item_item" ("id") DEFERRABLE INITIALLY DEFERRED; (params [])
(0.001) ALTER TABLE "cart_cartorder" ADD CONSTRAINT "cart_cartorder_item_id_id_4c169ea0_fk" FOREIGN KEY ("item_id_id") REFERENCES "item_item" ("id") DEFERRABLE INITIALLY DEFERRED; args=[]
(0.001) 
            SELECT c.relname, c.relkind
            FROM pg_catalog.pg_class c
            LEFT JOIN pg_catalog.pg_namespace n ON n.oid = c.relnamespace
            WHERE c.relkind IN ('r', 'v')
                AND n.nspname NOT IN ('pg_catalog', 'pg_toast')
                AND pg_catalog.pg_table_is_visible(c.oid); args=None
(0.000) INSERT INTO "django_migrations" ("app", "name", "applied") VALUES ('item', '0004_auto_20170301_1309', '2017-03-01T13:34:51.951862+00:00'::timestamptz) RETURNING "django_migrations"."id"; args=('item', '0004_auto_20170301_1309', datetime.datetime(2017, 3, 1, 13, 34, 51, 951862, tzinfo=<UTC>))
CREATE TABLE "user_user" ("id" integer NOT NULL PRIMARY KEY, "first_name" varchar(100) NOT NULL, "second_name" varchar(100) NOT NULL, "birthday" date NOT NULL, "city" varchar(100) NOT NULL, "first_line_adress" varchar(255) NOT NULL, "second_line_adress" varchar(255) NOT NULL, "country" varchar(100) NOT NULL, "postal_code" varchar(10) NOT NULL, "personal_sale" integer NOT NULL, "email" varchar(254) NOT NULL, "password" varchar(255) NOT NULL, "sex" varchar(10) NOT NULL, "forgot_key" varchar(255) NOT NULL); (params None)
(0.003) CREATE TABLE "user_user" ("id" integer NOT NULL PRIMARY KEY, "first_name" varchar(100) NOT NULL, "second_name" varchar(100) NOT NULL, "birthday" date NOT NULL, "city" varchar(100) NOT NULL, "first_line_adress" varchar(255) NOT NULL, "second_line_adress" varchar(255) NOT NULL, "country" varchar(100) NOT NULL, "postal_code" varchar(10) NOT NULL, "personal_sale" integer NOT NULL, "email" varchar(254) NOT NULL, "password" varchar(255) NOT NULL, "sex" varchar(10) NOT NULL, "forgot_key" varchar(255) NOT NULL); args=None
(0.001) 
            SELECT c.relname, c.relkind
            FROM pg_catalog.pg_class c
            LEFT JOIN pg_catalog.pg_namespace n ON n.oid = c.relnamespace
            WHERE c.relkind IN ('r', 'v')
                AND n.nspname NOT IN ('pg_catalog', 'pg_toast')
                AND pg_catalog.pg_table_is_visible(c.oid); args=None
(0.000) INSERT INTO "django_migrations" ("app", "name", "applied") VALUES ('user', '0001_initial', '2017-03-01T13:34:51.959779+00:00'::timestamptz) RETURNING "django_migrations"."id"; args=('user', '0001_initial', datetime.datetime(2017, 3, 1, 13, 34, 51, 959779, tzinfo=<UTC>))
CREATE TABLE "payment_payment" ("id" integer NOT NULL PRIMARY KEY, "name" varchar(50) NOT NULL); (params None)
(0.001) CREATE TABLE "payment_payment" ("id" integer NOT NULL PRIMARY KEY, "name" varchar(50) NOT NULL); args=None
(0.001) 
            SELECT c.relname, c.relkind
            FROM pg_catalog.pg_class c
            LEFT JOIN pg_catalog.pg_namespace n ON n.oid = c.relnamespace
            WHERE c.relkind IN ('r', 'v')
                AND n.nspname NOT IN ('pg_catalog', 'pg_toast')
                AND pg_catalog.pg_table_is_visible(c.oid); args=None
(0.000) INSERT INTO "django_migrations" ("app", "name", "applied") VALUES ('payment', '0001_initial', '2017-03-01T13:34:51.965172+00:00'::timestamptz) RETURNING "django_migrations"."id"; args=('payment', '0001_initial', datetime.datetime(2017, 3, 1, 13, 34, 51, 965172, tzinfo=<UTC>))
CREATE TABLE "order_userorder" ("id" integer NOT NULL PRIMARY KEY, "status" integer NOT NULL, "summary" integer NOT NULL, "cart_id_id" integer NOT NULL, "delivery_id_id" integer NOT NULL, "payment_id_id" integer NOT NULL, "user_id_id" integer NOT NULL); (params None)
(0.002) CREATE TABLE "order_userorder" ("id" integer NOT NULL PRIMARY KEY, "status" integer NOT NULL, "summary" integer NOT NULL, "cart_id_id" integer NOT NULL, "delivery_id_id" integer NOT NULL, "payment_id_id" integer NOT NULL, "user_id_id" integer NOT NULL); args=None
ALTER TABLE "order_userorder" ADD CONSTRAINT "order_userorder_cart_id_id_c5593907_fk_cart_cartorder_id" FOREIGN KEY ("cart_id_id") REFERENCES "cart_cartorder" ("id") DEFERRABLE INITIALLY DEFERRED; (params [])
(0.001) ALTER TABLE "order_userorder" ADD CONSTRAINT "order_userorder_cart_id_id_c5593907_fk_cart_cartorder_id" FOREIGN KEY ("cart_id_id") REFERENCES "cart_cartorder" ("id") DEFERRABLE INITIALLY DEFERRED; args=[]
ALTER TABLE "order_userorder" ADD CONSTRAINT "order_userorder_delivery_id_id_e225123f_fk_delivery_delivery_id" FOREIGN KEY ("delivery_id_id") REFERENCES "delivery_delivery" ("id") DEFERRABLE INITIALLY DEFERRED; (params [])
(0.001) ALTER TABLE "order_userorder" ADD CONSTRAINT "order_userorder_delivery_id_id_e225123f_fk_delivery_delivery_id" FOREIGN KEY ("delivery_id_id") REFERENCES "delivery_delivery" ("id") DEFERRABLE INITIALLY DEFERRED; args=[]
ALTER TABLE "order_userorder" ADD CONSTRAINT "order_userorder_payment_id_id_9f01735a_fk_payment_payment_id" FOREIGN KEY ("payment_id_id") REFERENCES "payment_payment" ("id") DEFERRABLE INITIALLY DEFERRED; (params [])
(0.001) ALTER TABLE "order_userorder" ADD CONSTRAINT "order_userorder_payment_id_id_9f01735a_fk_payment_payment_id" FOREIGN KEY ("payment_id_id") REFERENCES "payment_payment" ("id") DEFERRABLE INITIALLY DEFERRED; args=[]
ALTER TABLE "order_userorder" ADD CONSTRAINT "order_userorder_user_id_id_1be064ba_fk_user_user_id" FOREIGN KEY ("user_id_id") REFERENCES "user_user" ("id") DEFERRABLE INITIALLY DEFERRED; (params [])
(0.001) ALTER TABLE "order_userorder" ADD CONSTRAINT "order_userorder_user_id_id_1be064ba_fk_user_user_id" FOREIGN KEY ("user_id_id") REFERENCES "user_user" ("id") DEFERRABLE INITIALLY DEFERRED; args=[]
CREATE INDEX "order_userorder_3ac3ee06" ON "order_userorder" ("cart_id_id"); (params [])
(0.001) CREATE INDEX "order_userorder_3ac3ee06" ON "order_userorder" ("cart_id_id"); args=[]
CREATE INDEX "order_userorder_235c7ab9" ON "order_userorder" ("delivery_id_id"); (params [])
(0.001) CREATE INDEX "order_userorder_235c7ab9" ON "order_userorder" ("delivery_id_id"); args=[]
CREATE INDEX "order_userorder_1e46f767" ON "order_userorder" ("payment_id_id"); (params [])
(0.001) CREATE INDEX "order_userorder_1e46f767" ON "order_userorder" ("payment_id_id"); args=[]
CREATE INDEX "order_userorder_18624dd3" ON "order_userorder" ("user_id_id"); (params [])
(0.001) CREATE INDEX "order_userorder_18624dd3" ON "order_userorder" ("user_id_id"); args=[]
(0.001) 
            SELECT c.relname, c.relkind
            FROM pg_catalog.pg_class c
            LEFT JOIN pg_catalog.pg_namespace n ON n.oid = c.relnamespace
            WHERE c.relkind IN ('r', 'v')
                AND n.nspname NOT IN ('pg_catalog', 'pg_toast')
                AND pg_catalog.pg_table_is_visible(c.oid); args=None
(0.000) INSERT INTO "django_migrations" ("app", "name", "applied") VALUES ('order', '0001_initial', '2017-03-01T13:34:51.988331+00:00'::timestamptz) RETURNING "django_migrations"."id"; args=('order', '0001_initial', datetime.datetime(2017, 3, 1, 13, 34, 51, 988331, tzinfo=<UTC>))
ALTER TABLE "order_userorder" ALTER COLUMN "id" TYPE integer USING "id"::integer; (params [])
(0.001) ALTER TABLE "order_userorder" ALTER COLUMN "id" TYPE integer USING "id"::integer; args=[]
DROP SEQUENCE IF EXISTS "order_userorder_id_seq" CASCADE; (params [])
(0.000) DROP SEQUENCE IF EXISTS "order_userorder_id_seq" CASCADE; args=[]
CREATE SEQUENCE "order_userorder_id_seq"; (params [])
(0.001) CREATE SEQUENCE "order_userorder_id_seq"; args=[]
ALTER TABLE "order_userorder" ALTER COLUMN "id" SET DEFAULT nextval('"order_userorder_id_seq"'); (params [])
(0.000) ALTER TABLE "order_userorder" ALTER COLUMN "id" SET DEFAULT nextval('"order_userorder_id_seq"'); args=[]
SELECT setval('"order_userorder_id_seq"', MAX("id")) FROM "order_userorder"; (params [])
(0.000) SELECT setval('"order_userorder_id_seq"', MAX("id")) FROM "order_userorder"; args=[]
(0.001) 
            SELECT c.relname, c.relkind
            FROM pg_catalog.pg_class c
            LEFT JOIN pg_catalog.pg_namespace n ON n.oid = c.relnamespace
            WHERE c.relkind IN ('r', 'v')
                AND n.nspname NOT IN ('pg_catalog', 'pg_toast')
                AND pg_catalog.pg_table_is_visible(c.oid); args=None
(0.000) INSERT INTO "django_migrations" ("app", "name", "applied") VALUES ('order', '0002_auto_20170301_1309', '2017-03-01T13:34:52.001904+00:00'::timestamptz) RETURNING "django_migrations"."id"; args=('order', '0002_auto_20170301_1309', datetime.datetime(2017, 3, 1, 13, 34, 52, 1904, tzinfo=<UTC>))
(0.014) 
            SELECT
                kc.constraint_name,
                kc.column_name,
                c.constraint_type,
                array(SELECT table_name::text || '.' || column_name::text
                      FROM information_schema.constraint_column_usage
                      WHERE constraint_name = kc.constraint_name)
            FROM information_schema.key_column_usage AS kc
            JOIN information_schema.table_constraints AS c ON
                kc.table_schema = c.table_schema AND
                kc.table_name = c.table_name AND
                kc.constraint_name = c.constraint_name
            WHERE
                kc.table_schema = 'public' AND
                kc.table_name = 'order_userorder'
            ORDER BY kc.ordinal_position ASC
        ; args=['public', 'order_userorder']
(0.006) 
            SELECT kc.constraint_name, kc.column_name
            FROM information_schema.constraint_column_usage AS kc
            JOIN information_schema.table_constraints AS c ON
                kc.table_schema = c.table_schema AND
                kc.table_name = c.table_name AND
                kc.constraint_name = c.constraint_name
            WHERE
                c.constraint_type = 'CHECK' AND
                kc.table_schema = 'public' AND
                kc.table_name = 'order_userorder'
        ; args=['public', 'order_userorder']
(0.001) 
            SELECT
                c2.relname,
                ARRAY(
                    SELECT (SELECT attname FROM pg_catalog.pg_attribute WHERE attnum = i AND attrelid = c.oid)
                    FROM unnest(idx.indkey) i
                ),
                idx.indisunique,
                idx.indisprimary
            FROM pg_catalog.pg_class c, pg_catalog.pg_class c2,
                pg_catalog.pg_index idx
            WHERE c.oid = idx.indrelid
                AND idx.indexrelid = c2.oid
                AND c.relname = 'order_userorder'
        ; args=['order_userorder']
ALTER TABLE "order_userorder" DROP CONSTRAINT "order_userorder_payment_id_id_9f01735a_fk_payment_payment_id"; (params [])
(0.001) ALTER TABLE "order_userorder" DROP CONSTRAINT "order_userorder_payment_id_id_9f01735a_fk_payment_payment_id"; args=[]
ALTER TABLE "payment_payment" ALTER COLUMN "id" TYPE integer USING "id"::integer; (params [])
(0.001) ALTER TABLE "payment_payment" ALTER COLUMN "id" TYPE integer USING "id"::integer; args=[]
DROP SEQUENCE IF EXISTS "payment_payment_id_seq" CASCADE; (params [])
(0.000) DROP SEQUENCE IF EXISTS "payment_payment_id_seq" CASCADE; args=[]
CREATE SEQUENCE "payment_payment_id_seq"; (params [])
(0.001) CREATE SEQUENCE "payment_payment_id_seq"; args=[]
ALTER TABLE "payment_payment" ALTER COLUMN "id" SET DEFAULT nextval('"payment_payment_id_seq"'); (params [])
(0.000) ALTER TABLE "payment_payment" ALTER COLUMN "id" SET DEFAULT nextval('"payment_payment_id_seq"'); args=[]
SELECT setval('"payment_payment_id_seq"', MAX("id")) FROM "payment_payment"; (params [])
(0.000) SELECT setval('"payment_payment_id_seq"', MAX("id")) FROM "payment_payment"; args=[]
ALTER TABLE "order_userorder" ALTER COLUMN "payment_id_id" TYPE integer USING "payment_id_id"::integer; (params [])
(0.001) ALTER TABLE "order_userorder" ALTER COLUMN "payment_id_id" TYPE integer USING "payment_id_id"::integer; args=[]
ALTER TABLE "order_userorder" ADD CONSTRAINT "order_userorder_payment_id_id_9f01735a_fk" FOREIGN KEY ("payment_id_id") REFERENCES "payment_payment" ("id") DEFERRABLE INITIALLY DEFERRED; (params [])
(0.001) ALTER TABLE "order_userorder" ADD CONSTRAINT "order_userorder_payment_id_id_9f01735a_fk" FOREIGN KEY ("payment_id_id") REFERENCES "payment_payment" ("id") DEFERRABLE INITIALLY DEFERRED; args=[]
(0.001) 
            SELECT c.relname, c.relkind
            FROM pg_catalog.pg_class c
            LEFT JOIN pg_catalog.pg_namespace n ON n.oid = c.relnamespace
            WHERE c.relkind IN ('r', 'v')
                AND n.nspname NOT IN ('pg_catalog', 'pg_toast')
                AND pg_catalog.pg_table_is_visible(c.oid); args=None
(0.000) INSERT INTO "django_migrations" ("app", "name", "applied") VALUES ('payment', '0002_auto_20170301_1310', '2017-03-01T13:34:52.038086+00:00'::timestamptz) RETURNING "django_migrations"."id"; args=('payment', '0002_auto_20170301_1310', datetime.datetime(2017, 3, 1, 13, 34, 52, 38086, tzinfo=<UTC>))
CREATE TABLE "django_session" ("session_key" varchar(40) NOT NULL PRIMARY KEY, "session_data" text NOT NULL, "expire_date" timestamp with time zone NOT NULL); (params None)
(0.003) CREATE TABLE "django_session" ("session_key" varchar(40) NOT NULL PRIMARY KEY, "session_data" text NOT NULL, "expire_date" timestamp with time zone NOT NULL); args=None
CREATE INDEX "django_session_de54fa62" ON "django_session" ("expire_date"); (params [])
(0.001) CREATE INDEX "django_session_de54fa62" ON "django_session" ("expire_date"); args=[]
CREATE INDEX "django_session_session_key_c0390e0f_like" ON "django_session" ("session_key" varchar_pattern_ops); (params [])
(0.001) CREATE INDEX "django_session_session_key_c0390e0f_like" ON "django_session" ("session_key" varchar_pattern_ops); args=[]
(0.001) 
            SELECT c.relname, c.relkind
            FROM pg_catalog.pg_class c
            LEFT JOIN pg_catalog.pg_namespace n ON n.oid = c.relnamespace
            WHERE c.relkind IN ('r', 'v')
                AND n.nspname NOT IN ('pg_catalog', 'pg_toast')
                AND pg_catalog.pg_table_is_visible(c.oid); args=None
(0.000) INSERT INTO "django_migrations" ("app", "name", "applied") VALUES ('sessions', '0001_initial', '2017-03-01T13:34:52.047503+00:00'::timestamptz) RETURNING "django_migrations"."id"; args=('sessions', '0001_initial', datetime.datetime(2017, 3, 1, 13, 34, 52, 47503, tzinfo=<UTC>))
(0.013) 
            SELECT
                kc.constraint_name,
                kc.column_name,
                c.constraint_type,
                array(SELECT table_name::text || '.' || column_name::text
                      FROM information_schema.constraint_column_usage
                      WHERE constraint_name = kc.constraint_name)
            FROM information_schema.key_column_usage AS kc
            JOIN information_schema.table_constraints AS c ON
                kc.table_schema = c.table_schema AND
                kc.table_name = c.table_name AND
                kc.constraint_name = c.constraint_name
            WHERE
                kc.table_schema = 'public' AND
                kc.table_name = 'order_userorder'
            ORDER BY kc.ordinal_position ASC
        ; args=['public', 'order_userorder']
(0.006) 
            SELECT kc.constraint_name, kc.column_name
            FROM information_schema.constraint_column_usage AS kc
            JOIN information_schema.table_constraints AS c ON
                kc.table_schema = c.table_schema AND
                kc.table_name = c.table_name AND
                kc.constraint_name = c.constraint_name
            WHERE
                c.constraint_type = 'CHECK' AND
                kc.table_schema = 'public' AND
                kc.table_name = 'order_userorder'
        ; args=['public', 'order_userorder']
(0.001) 
            SELECT
                c2.relname,
                ARRAY(
                    SELECT (SELECT attname FROM pg_catalog.pg_attribute WHERE attnum = i AND attrelid = c.oid)
                    FROM unnest(idx.indkey) i
                ),
                idx.indisunique,
                idx.indisprimary
            FROM pg_catalog.pg_class c, pg_catalog.pg_class c2,
                pg_catalog.pg_index idx
            WHERE c.oid = idx.indrelid
                AND idx.indexrelid = c2.oid
                AND c.relname = 'order_userorder'
        ; args=['order_userorder']
ALTER TABLE "order_userorder" DROP CONSTRAINT "order_userorder_user_id_id_1be064ba_fk_user_user_id"; (params [])
(0.001) ALTER TABLE "order_userorder" DROP CONSTRAINT "order_userorder_user_id_id_1be064ba_fk_user_user_id"; args=[]
ALTER TABLE "user_user" ALTER COLUMN "id" TYPE integer USING "id"::integer; (params [])
(0.001) ALTER TABLE "user_user" ALTER COLUMN "id" TYPE integer USING "id"::integer; args=[]
DROP SEQUENCE IF EXISTS "user_user_id_seq" CASCADE; (params [])
(0.000) DROP SEQUENCE IF EXISTS "user_user_id_seq" CASCADE; args=[]
CREATE SEQUENCE "user_user_id_seq"; (params [])
(0.001) CREATE SEQUENCE "user_user_id_seq"; args=[]
ALTER TABLE "user_user" ALTER COLUMN "id" SET DEFAULT nextval('"user_user_id_seq"'); (params [])
(0.000) ALTER TABLE "user_user" ALTER COLUMN "id" SET DEFAULT nextval('"user_user_id_seq"'); args=[]
SELECT setval('"user_user_id_seq"', MAX("id")) FROM "user_user"; (params [])
(0.000) SELECT setval('"user_user_id_seq"', MAX("id")) FROM "user_user"; args=[]
ALTER TABLE "order_userorder" ALTER COLUMN "user_id_id" TYPE integer USING "user_id_id"::integer; (params [])
(0.001) ALTER TABLE "order_userorder" ALTER COLUMN "user_id_id" TYPE integer USING "user_id_id"::integer; args=[]
ALTER TABLE "order_userorder" ADD CONSTRAINT "order_userorder_user_id_id_1be064ba_fk" FOREIGN KEY ("user_id_id") REFERENCES "user_user" ("id") DEFERRABLE INITIALLY DEFERRED; (params [])
(0.001) ALTER TABLE "order_userorder" ADD CONSTRAINT "order_userorder_user_id_id_1be064ba_fk" FOREIGN KEY ("user_id_id") REFERENCES "user_user" ("id") DEFERRABLE INITIALLY DEFERRED; args=[]
ALTER TABLE "user_user" ALTER COLUMN "sex" SET DEFAULT %s; (params [''])
(0.000) ALTER TABLE "user_user" ALTER COLUMN "sex" SET DEFAULT ''; args=['']
ALTER TABLE "user_user" ALTER COLUMN "sex" DROP DEFAULT; (params [])
(0.000) ALTER TABLE "user_user" ALTER COLUMN "sex" DROP DEFAULT; args=[]
(0.001) 
            SELECT c.relname, c.relkind
            FROM pg_catalog.pg_class c
            LEFT JOIN pg_catalog.pg_namespace n ON n.oid = c.relnamespace
            WHERE c.relkind IN ('r', 'v')
                AND n.nspname NOT IN ('pg_catalog', 'pg_toast')
                AND pg_catalog.pg_table_is_visible(c.oid); args=None
(0.000) INSERT INTO "django_migrations" ("app", "name", "applied") VALUES ('user', '0002_auto_20170301_1312', '2017-03-01T13:34:52.101551+00:00'::timestamptz) RETURNING "django_migrations"."id"; args=('user', '0002_auto_20170301_1312', datetime.datetime(2017, 3, 1, 13, 34, 52, 101551, tzinfo=<UTC>))
(0.001) 
            SELECT c.relname, c.relkind
            FROM pg_catalog.pg_class c
            LEFT JOIN pg_catalog.pg_namespace n ON n.oid = c.relnamespace
            WHERE c.relkind IN ('r', 'v')
                AND n.nspname NOT IN ('pg_catalog', 'pg_toast')
                AND pg_catalog.pg_table_is_visible(c.oid); args=None
(0.000) SELECT "django_migrations"."app", "django_migrations"."name" FROM "django_migrations"; args=()
(0.001) SELECT "django_content_type"."id", "django_content_type"."app_label", "django_content_type"."model" FROM "django_content_type" WHERE ("django_content_type"."app_label" = 'admin' AND "django_content_type"."model" = 'logentry'); args=('admin', 'logentry')
(0.000) SELECT "django_content_type"."id", "django_content_type"."app_label", "django_content_type"."model" FROM "django_content_type" WHERE ("django_content_type"."app_label" = 'admin' AND "django_content_type"."model" = 'logentry'); args=('admin', 'logentry')
(0.000) INSERT INTO "django_content_type" ("app_label", "model") VALUES ('admin', 'logentry') RETURNING "django_content_type"."id"; args=('admin', 'logentry')
(0.001) SELECT "auth_permission"."content_type_id", "auth_permission"."codename" FROM "auth_permission" INNER JOIN "django_content_type" ON ("auth_permission"."content_type_id" = "django_content_type"."id") WHERE "auth_permission"."content_type_id" IN (1) ORDER BY "django_content_type"."app_label" ASC, "django_content_type"."model" ASC, "auth_permission"."codename" ASC; args=(1,)
(0.001) INSERT INTO "auth_permission" ("name", "content_type_id", "codename") VALUES ('Can add log entry', 1, 'add_logentry'), ('Can change log entry', 1, 'change_logentry'), ('Can delete log entry', 1, 'delete_logentry') RETURNING "auth_permission"."id"; args=('Can add log entry', 1, 'add_logentry', 'Can change log entry', 1, 'change_logentry', 'Can delete log entry', 1, 'delete_logentry')
(0.000) SELECT "django_content_type"."id", "django_content_type"."app_label", "django_content_type"."model" FROM "django_content_type" WHERE "django_content_type"."app_label" = 'admin'; args=('admin',)
(0.000) SELECT "django_content_type"."id", "django_content_type"."app_label", "django_content_type"."model" FROM "django_content_type" WHERE ("django_content_type"."app_label" = 'auth' AND "django_content_type"."model" = 'permission'); args=('auth', 'permission')
(0.000) SELECT "django_content_type"."id", "django_content_type"."app_label", "django_content_type"."model" FROM "django_content_type" WHERE ("django_content_type"."app_label" = 'auth' AND "django_content_type"."model" = 'permission'); args=('auth', 'permission')
(0.000) INSERT INTO "django_content_type" ("app_label", "model") VALUES ('auth', 'permission') RETURNING "django_content_type"."id"; args=('auth', 'permission')
(0.000) SELECT "django_content_type"."id", "django_content_type"."app_label", "django_content_type"."model" FROM "django_content_type" WHERE ("django_content_type"."app_label" = 'auth' AND "django_content_type"."model" = 'group'); args=('auth', 'group')
(0.000) SELECT "django_content_type"."id", "django_content_type"."app_label", "django_content_type"."model" FROM "django_content_type" WHERE ("django_content_type"."app_label" = 'auth' AND "django_content_type"."model" = 'group'); args=('auth', 'group')
(0.000) INSERT INTO "django_content_type" ("app_label", "model") VALUES ('auth', 'group') RETURNING "django_content_type"."id"; args=('auth', 'group')
(0.000) SELECT "django_content_type"."id", "django_content_type"."app_label", "django_content_type"."model" FROM "django_content_type" WHERE ("django_content_type"."app_label" = 'auth' AND "django_content_type"."model" = 'user'); args=('auth', 'user')
(0.000) SELECT "django_content_type"."id", "django_content_type"."app_label", "django_content_type"."model" FROM "django_content_type" WHERE ("django_content_type"."app_label" = 'auth' AND "django_content_type"."model" = 'user'); args=('auth', 'user')
(0.000) INSERT INTO "django_content_type" ("app_label", "model") VALUES ('auth', 'user') RETURNING "django_content_type"."id"; args=('auth', 'user')
(0.001) SELECT "auth_permission"."content_type_id", "auth_permission"."codename" FROM "auth_permission" INNER JOIN "django_content_type" ON ("auth_permission"."content_type_id" = "django_content_type"."id") WHERE "auth_permission"."content_type_id" IN (2, 3, 4) ORDER BY "django_content_type"."app_label" ASC, "django_content_type"."model" ASC, "auth_permission"."codename" ASC; args=(2, 3, 4)
(0.001) INSERT INTO "auth_permission" ("name", "content_type_id", "codename") VALUES ('Can add permission', 2, 'add_permission'), ('Can change permission', 2, 'change_permission'), ('Can delete permission', 2, 'delete_permission'), ('Can add group', 3, 'add_group'), ('Can change group', 3, 'change_group'), ('Can delete group', 3, 'delete_group'), ('Can add user', 4, 'add_user'), ('Can change user', 4, 'change_user'), ('Can delete user', 4, 'delete_user') RETURNING "auth_permission"."id"; args=('Can add permission', 2, 'add_permission', 'Can change permission', 2, 'change_permission', 'Can delete permission', 2, 'delete_permission', 'Can add group', 3, 'add_group', 'Can change group', 3, 'change_group', 'Can delete group', 3, 'delete_group', 'Can add user', 4, 'add_user', 'Can change user', 4, 'change_user', 'Can delete user', 4, 'delete_user')
(0.000) SELECT "django_content_type"."id", "django_content_type"."app_label", "django_content_type"."model" FROM "django_content_type" WHERE "django_content_type"."app_label" = 'auth'; args=('auth',)
(0.000) SELECT "django_content_type"."id", "django_content_type"."app_label", "django_content_type"."model" FROM "django_content_type" WHERE ("django_content_type"."app_label" = 'contenttypes' AND "django_content_type"."model" = 'contenttype'); args=('contenttypes', 'contenttype')
(0.000) SELECT "django_content_type"."id", "django_content_type"."app_label", "django_content_type"."model" FROM "django_content_type" WHERE ("django_content_type"."app_label" = 'contenttypes' AND "django_content_type"."model" = 'contenttype'); args=('contenttypes', 'contenttype')
(0.000) INSERT INTO "django_content_type" ("app_label", "model") VALUES ('contenttypes', 'contenttype') RETURNING "django_content_type"."id"; args=('contenttypes', 'contenttype')
(0.000) SELECT "auth_permission"."content_type_id", "auth_permission"."codename" FROM "auth_permission" INNER JOIN "django_content_type" ON ("auth_permission"."content_type_id" = "django_content_type"."id") WHERE "auth_permission"."content_type_id" IN (5) ORDER BY "django_content_type"."app_label" ASC, "django_content_type"."model" ASC, "auth_permission"."codename" ASC; args=(5,)
(0.152) INSERT INTO "auth_permission" ("name", "content_type_id", "codename") VALUES ('Can add content type', 5, 'add_contenttype'), ('Can change content type', 5, 'change_contenttype'), ('Can delete content type', 5, 'delete_contenttype') RETURNING "auth_permission"."id"; args=('Can add content type', 5, 'add_contenttype', 'Can change content type', 5, 'change_contenttype', 'Can delete content type', 5, 'delete_contenttype')
(0.001) SELECT "django_content_type"."id", "django_content_type"."app_label", "django_content_type"."model" FROM "django_content_type" WHERE "django_content_type"."app_label" = 'contenttypes'; args=('contenttypes',)
(0.000) SELECT "django_content_type"."id", "django_content_type"."app_label", "django_content_type"."model" FROM "django_content_type" WHERE ("django_content_type"."app_label" = 'sessions' AND "django_content_type"."model" = 'session'); args=('sessions', 'session')
(0.000) SELECT "django_content_type"."id", "django_content_type"."app_label", "django_content_type"."model" FROM "django_content_type" WHERE ("django_content_type"."app_label" = 'sessions' AND "django_content_type"."model" = 'session'); args=('sessions', 'session')
(0.000) INSERT INTO "django_content_type" ("app_label", "model") VALUES ('sessions', 'session') RETURNING "django_content_type"."id"; args=('sessions', 'session')
(0.001) SELECT "auth_permission"."content_type_id", "auth_permission"."codename" FROM "auth_permission" INNER JOIN "django_content_type" ON ("auth_permission"."content_type_id" = "django_content_type"."id") WHERE "auth_permission"."content_type_id" IN (6) ORDER BY "django_content_type"."app_label" ASC, "django_content_type"."model" ASC, "auth_permission"."codename" ASC; args=(6,)
(0.001) INSERT INTO "auth_permission" ("name", "content_type_id", "codename") VALUES ('Can add session', 6, 'add_session'), ('Can change session', 6, 'change_session'), ('Can delete session', 6, 'delete_session') RETURNING "auth_permission"."id"; args=('Can add session', 6, 'add_session', 'Can change session', 6, 'change_session', 'Can delete session', 6, 'delete_session')
(0.000) SELECT "django_content_type"."id", "django_content_type"."app_label", "django_content_type"."model" FROM "django_content_type" WHERE "django_content_type"."app_label" = 'sessions'; args=('sessions',)
(0.000) SELECT "django_content_type"."id", "django_content_type"."app_label", "django_content_type"."model" FROM "django_content_type" WHERE ("django_content_type"."app_label" = 'user' AND "django_content_type"."model" = 'user'); args=('user', 'user')
(0.000) SELECT "django_content_type"."id", "django_content_type"."app_label", "django_content_type"."model" FROM "django_content_type" WHERE ("django_content_type"."app_label" = 'user' AND "django_content_type"."model" = 'user'); args=('user', 'user')
(0.000) INSERT INTO "django_content_type" ("app_label", "model") VALUES ('user', 'user') RETURNING "django_content_type"."id"; args=('user', 'user')
(0.000) SELECT "auth_permission"."content_type_id", "auth_permission"."codename" FROM "auth_permission" INNER JOIN "django_content_type" ON ("auth_permission"."content_type_id" = "django_content_type"."id") WHERE "auth_permission"."content_type_id" IN (7) ORDER BY "django_content_type"."app_label" ASC, "django_content_type"."model" ASC, "auth_permission"."codename" ASC; args=(7,)
(0.000) INSERT INTO "auth_permission" ("name", "content_type_id", "codename") VALUES ('Can add user', 7, 'add_user'), ('Can change user', 7, 'change_user'), ('Can delete user', 7, 'delete_user') RETURNING "auth_permission"."id"; args=('Can add user', 7, 'add_user', 'Can change user', 7, 'change_user', 'Can delete user', 7, 'delete_user')
(0.000) SELECT "django_content_type"."id", "django_content_type"."app_label", "django_content_type"."model" FROM "django_content_type" WHERE "django_content_type"."app_label" = 'user'; args=('user',)
(0.000) SELECT "django_content_type"."id", "django_content_type"."app_label", "django_content_type"."model" FROM "django_content_type" WHERE ("django_content_type"."app_label" = 'delivery' AND "django_content_type"."model" = 'delivery'); args=('delivery', 'delivery')
(0.000) SELECT "django_content_type"."id", "django_content_type"."app_label", "django_content_type"."model" FROM "django_content_type" WHERE ("django_content_type"."app_label" = 'delivery' AND "django_content_type"."model" = 'delivery'); args=('delivery', 'delivery')
(0.000) INSERT INTO "django_content_type" ("app_label", "model") VALUES ('delivery', 'delivery') RETURNING "django_content_type"."id"; args=('delivery', 'delivery')
(0.000) SELECT "auth_permission"."content_type_id", "auth_permission"."codename" FROM "auth_permission" INNER JOIN "django_content_type" ON ("auth_permission"."content_type_id" = "django_content_type"."id") WHERE "auth_permission"."content_type_id" IN (8) ORDER BY "django_content_type"."app_label" ASC, "django_content_type"."model" ASC, "auth_permission"."codename" ASC; args=(8,)
(0.000) INSERT INTO "auth_permission" ("name", "content_type_id", "codename") VALUES ('Can add delivery', 8, 'add_delivery'), ('Can change delivery', 8, 'change_delivery'), ('Can delete delivery', 8, 'delete_delivery') RETURNING "auth_permission"."id"; args=('Can add delivery', 8, 'add_delivery', 'Can change delivery', 8, 'change_delivery', 'Can delete delivery', 8, 'delete_delivery')
(0.000) SELECT "django_content_type"."id", "django_content_type"."app_label", "django_content_type"."model" FROM "django_content_type" WHERE "django_content_type"."app_label" = 'delivery'; args=('delivery',)
(0.000) SELECT "django_content_type"."id", "django_content_type"."app_label", "django_content_type"."model" FROM "django_content_type" WHERE ("django_content_type"."app_label" = 'payment' AND "django_content_type"."model" = 'payment'); args=('payment', 'payment')
(0.000) SELECT "django_content_type"."id", "django_content_type"."app_label", "django_content_type"."model" FROM "django_content_type" WHERE ("django_content_type"."app_label" = 'payment' AND "django_content_type"."model" = 'payment'); args=('payment', 'payment')
(0.000) INSERT INTO "django_content_type" ("app_label", "model") VALUES ('payment', 'payment') RETURNING "django_content_type"."id"; args=('payment', 'payment')
(0.000) SELECT "auth_permission"."content_type_id", "auth_permission"."codename" FROM "auth_permission" INNER JOIN "django_content_type" ON ("auth_permission"."content_type_id" = "django_content_type"."id") WHERE "auth_permission"."content_type_id" IN (9) ORDER BY "django_content_type"."app_label" ASC, "django_content_type"."model" ASC, "auth_permission"."codename" ASC; args=(9,)
(0.000) INSERT INTO "auth_permission" ("name", "content_type_id", "codename") VALUES ('Can add payment', 9, 'add_payment'), ('Can change payment', 9, 'change_payment'), ('Can delete payment', 9, 'delete_payment') RETURNING "auth_permission"."id"; args=('Can add payment', 9, 'add_payment', 'Can change payment', 9, 'change_payment', 'Can delete payment', 9, 'delete_payment')
(0.000) SELECT "django_content_type"."id", "django_content_type"."app_label", "django_content_type"."model" FROM "django_content_type" WHERE "django_content_type"."app_label" = 'payment'; args=('payment',)
(0.000) SELECT "django_content_type"."id", "django_content_type"."app_label", "django_content_type"."model" FROM "django_content_type" WHERE ("django_content_type"."app_label" = 'category' AND "django_content_type"."model" = 'category'); args=('category', 'category')
(0.000) SELECT "django_content_type"."id", "django_content_type"."app_label", "django_content_type"."model" FROM "django_content_type" WHERE ("django_content_type"."app_label" = 'category' AND "django_content_type"."model" = 'category'); args=('category', 'category')
(0.000) INSERT INTO "django_content_type" ("app_label", "model") VALUES ('category', 'category') RETURNING "django_content_type"."id"; args=('category', 'category')
(0.000) SELECT "auth_permission"."content_type_id", "auth_permission"."codename" FROM "auth_permission" INNER JOIN "django_content_type" ON ("auth_permission"."content_type_id" = "django_content_type"."id") WHERE "auth_permission"."content_type_id" IN (10) ORDER BY "django_content_type"."app_label" ASC, "django_content_type"."model" ASC, "auth_permission"."codename" ASC; args=(10,)
(0.000) INSERT INTO "auth_permission" ("name", "content_type_id", "codename") VALUES ('Can add category', 10, 'add_category'), ('Can change category', 10, 'change_category'), ('Can delete category', 10, 'delete_category') RETURNING "auth_permission"."id"; args=('Can add category', 10, 'add_category', 'Can change category', 10, 'change_category', 'Can delete category', 10, 'delete_category')
(0.000) SELECT "django_content_type"."id", "django_content_type"."app_label", "django_content_type"."model" FROM "django_content_type" WHERE "django_content_type"."app_label" = 'category'; args=('category',)
(0.000) SELECT "django_content_type"."id", "django_content_type"."app_label", "django_content_type"."model" FROM "django_content_type" WHERE ("django_content_type"."app_label" = 'item' AND "django_content_type"."model" = 'item'); args=('item', 'item')
(0.000) SELECT "django_content_type"."id", "django_content_type"."app_label", "django_content_type"."model" FROM "django_content_type" WHERE ("django_content_type"."app_label" = 'item' AND "django_content_type"."model" = 'item'); args=('item', 'item')
(0.000) INSERT INTO "django_content_type" ("app_label", "model") VALUES ('item', 'item') RETURNING "django_content_type"."id"; args=('item', 'item')
(0.000) SELECT "auth_permission"."content_type_id", "auth_permission"."codename" FROM "auth_permission" INNER JOIN "django_content_type" ON ("auth_permission"."content_type_id" = "django_content_type"."id") WHERE "auth_permission"."content_type_id" IN (11) ORDER BY "django_content_type"."app_label" ASC, "django_content_type"."model" ASC, "auth_permission"."codename" ASC; args=(11,)
(0.000) INSERT INTO "auth_permission" ("name", "content_type_id", "codename") VALUES ('Can add item', 11, 'add_item'), ('Can change item', 11, 'change_item'), ('Can delete item', 11, 'delete_item') RETURNING "auth_permission"."id"; args=('Can add item', 11, 'add_item', 'Can change item', 11, 'change_item', 'Can delete item', 11, 'delete_item')
(0.000) SELECT "django_content_type"."id", "django_content_type"."app_label", "django_content_type"."model" FROM "django_content_type" WHERE "django_content_type"."app_label" = 'item'; args=('item',)
(0.000) SELECT "django_content_type"."id", "django_content_type"."app_label", "django_content_type"."model" FROM "django_content_type" WHERE ("django_content_type"."app_label" = 'cart' AND "django_content_type"."model" = 'cartorder'); args=('cart', 'cartorder')
(0.000) SELECT "django_content_type"."id", "django_content_type"."app_label", "django_content_type"."model" FROM "django_content_type" WHERE ("django_content_type"."app_label" = 'cart' AND "django_content_type"."model" = 'cartorder'); args=('cart', 'cartorder')
(0.000) INSERT INTO "django_content_type" ("app_label", "model") VALUES ('cart', 'cartorder') RETURNING "django_content_type"."id"; args=('cart', 'cartorder')
(0.001) SELECT "auth_permission"."content_type_id", "auth_permission"."codename" FROM "auth_permission" INNER JOIN "django_content_type" ON ("auth_permission"."content_type_id" = "django_content_type"."id") WHERE "auth_permission"."content_type_id" IN (12) ORDER BY "django_content_type"."app_label" ASC, "django_content_type"."model" ASC, "auth_permission"."codename" ASC; args=(12,)
(0.000) INSERT INTO "auth_permission" ("name", "content_type_id", "codename") VALUES ('Can add cart order', 12, 'add_cartorder'), ('Can change cart order', 12, 'change_cartorder'), ('Can delete cart order', 12, 'delete_cartorder') RETURNING "auth_permission"."id"; args=('Can add cart order', 12, 'add_cartorder', 'Can change cart order', 12, 'change_cartorder', 'Can delete cart order', 12, 'delete_cartorder')
(0.000) SELECT "django_content_type"."id", "django_content_type"."app_label", "django_content_type"."model" FROM "django_content_type" WHERE "django_content_type"."app_label" = 'cart'; args=('cart',)
(0.000) SELECT "django_content_type"."id", "django_content_type"."app_label", "django_content_type"."model" FROM "django_content_type" WHERE ("django_content_type"."app_label" = 'order' AND "django_content_type"."model" = 'userorder'); args=('order', 'userorder')
(0.000) SELECT "django_content_type"."id", "django_content_type"."app_label", "django_content_type"."model" FROM "django_content_type" WHERE ("django_content_type"."app_label" = 'order' AND "django_content_type"."model" = 'userorder'); args=('order', 'userorder')
(0.000) INSERT INTO "django_content_type" ("app_label", "model") VALUES ('order', 'userorder') RETURNING "django_content_type"."id"; args=('order', 'userorder')
(0.000) SELECT "auth_permission"."content_type_id", "auth_permission"."codename" FROM "auth_permission" INNER JOIN "django_content_type" ON ("auth_permission"."content_type_id" = "django_content_type"."id") WHERE "auth_permission"."content_type_id" IN (13) ORDER BY "django_content_type"."app_label" ASC, "django_content_type"."model" ASC, "auth_permission"."codename" ASC; args=(13,)
(0.000) INSERT INTO "auth_permission" ("name", "content_type_id", "codename") VALUES ('Can add user order', 13, 'add_userorder'), ('Can change user order', 13, 'change_userorder'), ('Can delete user order', 13, 'delete_userorder') RETURNING "auth_permission"."id"; args=('Can add user order', 13, 'add_userorder', 'Can change user order', 13, 'change_userorder', 'Can delete user order', 13, 'delete_userorder')
(0.000) SELECT "django_content_type"."id", "django_content_type"."app_label", "django_content_type"."model" FROM "django_content_type" WHERE "django_content_type"."app_label" = 'order'; args=('order',)
(0.003) 
            SELECT c.relname, c.relkind
            FROM pg_catalog.pg_class c
            LEFT JOIN pg_catalog.pg_namespace n ON n.oid = c.relnamespace
            WHERE c.relkind IN ('r', 'v')
                AND n.nspname NOT IN ('pg_catalog', 'pg_toast')
                AND pg_catalog.pg_table_is_visible(c.oid); args=None
(0.001) SELECT "django_migrations"."app", "django_migrations"."name" FROM "django_migrations"; args=()
"GET / HTTP/1.1" 200 1767
Exception while resolving variable 'name' in template 'unknown'.
Traceback (most recent call last):
  File "/Library/Frameworks/Python.framework/Versions/3.6/lib/python3.6/site-packages/django/core/handlers/exception.py", line 39, in inner
    response = get_response(request)
  File "/Library/Frameworks/Python.framework/Versions/3.6/lib/python3.6/site-packages/django/core/handlers/base.py", line 172, in _get_response
    resolver_match = resolver.resolve(request.path_info)
  File "/Library/Frameworks/Python.framework/Versions/3.6/lib/python3.6/site-packages/django/urls/resolvers.py", line 300, in resolve
    raise Resolver404({'tried': tried, 'path': new_path})
django.urls.exceptions.Resolver404: {'tried': [[<RegexURLResolver <RegexURLPattern list> (admin:admin) ^admin/>]], 'path': 'favicon.ico'}

During handling of the above exception, another exception occurred:

Traceback (most recent call last):
  File "/Library/Frameworks/Python.framework/Versions/3.6/lib/python3.6/site-packages/django/template/base.py", line 885, in _resolve_lookup
    current = current[bit]
TypeError: 'RegexURLResolver' object is not subscriptable

During handling of the above exception, another exception occurred:

Traceback (most recent call last):
  File "/Library/Frameworks/Python.framework/Versions/3.6/lib/python3.6/site-packages/django/template/base.py", line 893, in _resolve_lookup
    current = getattr(current, bit)
AttributeError: 'RegexURLResolver' object has no attribute 'name'

During handling of the above exception, another exception occurred:

Traceback (most recent call last):
  File "/Library/Frameworks/Python.framework/Versions/3.6/lib/python3.6/site-packages/django/template/base.py", line 900, in _resolve_lookup
    current = current[int(bit)]
ValueError: invalid literal for int() with base 10: 'name'

During handling of the above exception, another exception occurred:

Traceback (most recent call last):
  File "/Library/Frameworks/Python.framework/Versions/3.6/lib/python3.6/site-packages/django/template/base.py", line 907, in _resolve_lookup
    (bit, current))  # missing attribute
django.template.base.VariableDoesNotExist: Failed lookup for key [name] in '<RegexURLResolver <RegexURLPattern list> (admin:admin) ^admin/>'
Not Found: /favicon.ico
"GET /favicon.ico HTTP/1.1" 404 1934
Exception while resolving variable 'name' in template 'unknown'.
Traceback (most recent call last):
  File "/Library/Frameworks/Python.framework/Versions/3.6/lib/python3.6/site-packages/django/core/handlers/exception.py", line 39, in inner
    response = get_response(request)
  File "/Library/Frameworks/Python.framework/Versions/3.6/lib/python3.6/site-packages/django/core/handlers/base.py", line 172, in _get_response
    resolver_match = resolver.resolve(request.path_info)
  File "/Library/Frameworks/Python.framework/Versions/3.6/lib/python3.6/site-packages/django/urls/resolvers.py", line 300, in resolve
    raise Resolver404({'tried': tried, 'path': new_path})
django.urls.exceptions.Resolver404: {'tried': [[<RegexURLResolver <RegexURLPattern list> (admin:admin) ^admin/>]], 'path': 'shop'}

During handling of the above exception, another exception occurred:

Traceback (most recent call last):
  File "/Library/Frameworks/Python.framework/Versions/3.6/lib/python3.6/site-packages/django/template/base.py", line 885, in _resolve_lookup
    current = current[bit]
TypeError: 'RegexURLResolver' object is not subscriptable

During handling of the above exception, another exception occurred:

Traceback (most recent call last):
  File "/Library/Frameworks/Python.framework/Versions/3.6/lib/python3.6/site-packages/django/template/base.py", line 893, in _resolve_lookup
    current = getattr(current, bit)
AttributeError: 'RegexURLResolver' object has no attribute 'name'

During handling of the above exception, another exception occurred:

Traceback (most recent call last):
  File "/Library/Frameworks/Python.framework/Versions/3.6/lib/python3.6/site-packages/django/template/base.py", line 900, in _resolve_lookup
    current = current[int(bit)]
ValueError: invalid literal for int() with base 10: 'name'

During handling of the above exception, another exception occurred:

Traceback (most recent call last):
  File "/Library/Frameworks/Python.framework/Versions/3.6/lib/python3.6/site-packages/django/template/base.py", line 907, in _resolve_lookup
    (bit, current))  # missing attribute
django.template.base.VariableDoesNotExist: Failed lookup for key [name] in '<RegexURLResolver <RegexURLPattern list> (admin:admin) ^admin/>'
Not Found: /shop
"GET /shop HTTP/1.1" 404 1913
(0.003) 
            SELECT c.relname, c.relkind
            FROM pg_catalog.pg_class c
            LEFT JOIN pg_catalog.pg_namespace n ON n.oid = c.relnamespace
            WHERE c.relkind IN ('r', 'v')
                AND n.nspname NOT IN ('pg_catalog', 'pg_toast')
                AND pg_catalog.pg_table_is_visible(c.oid); args=None
(0.001) SELECT "django_migrations"."app", "django_migrations"."name" FROM "django_migrations"; args=()
(0.003) 
            SELECT c.relname, c.relkind
            FROM pg_catalog.pg_class c
            LEFT JOIN pg_catalog.pg_namespace n ON n.oid = c.relnamespace
            WHERE c.relkind IN ('r', 'v')
                AND n.nspname NOT IN ('pg_catalog', 'pg_toast')
                AND pg_catalog.pg_table_is_visible(c.oid); args=None
(0.000) SELECT "django_migrations"."app", "django_migrations"."name" FROM "django_migrations"; args=()
"GET / HTTP/1.1" 200 1767
(0.003) 
            SELECT c.relname, c.relkind
            FROM pg_catalog.pg_class c
            LEFT JOIN pg_catalog.pg_namespace n ON n.oid = c.relnamespace
            WHERE c.relkind IN ('r', 'v')
                AND n.nspname NOT IN ('pg_catalog', 'pg_toast')
                AND pg_catalog.pg_table_is_visible(c.oid); args=None
(0.001) SELECT "django_migrations"."app", "django_migrations"."name" FROM "django_migrations"; args=()
(0.002) SELECT "auth_user"."id", "auth_user"."password", "auth_user"."last_login", "auth_user"."is_superuser", "auth_user"."username", "auth_user"."first_name", "auth_user"."last_name", "auth_user"."email", "auth_user"."is_staff", "auth_user"."is_active", "auth_user"."date_joined" FROM "auth_user" WHERE "auth_user"."username" = 'karavaev'; args=('karavaev',)
(0.001) SELECT "auth_user"."id", "auth_user"."password", "auth_user"."last_login", "auth_user"."is_superuser", "auth_user"."username", "auth_user"."first_name", "auth_user"."last_name", "auth_user"."email", "auth_user"."is_staff", "auth_user"."is_active", "auth_user"."date_joined" FROM "auth_user" WHERE "auth_user"."username" = 'karavaev'; args=('karavaev',)
(0.003) 
            SELECT c.relname, c.relkind
            FROM pg_catalog.pg_class c
            LEFT JOIN pg_catalog.pg_namespace n ON n.oid = c.relnamespace
            WHERE c.relkind IN ('r', 'v')
                AND n.nspname NOT IN ('pg_catalog', 'pg_toast')
                AND pg_catalog.pg_table_is_visible(c.oid); args=None
(0.001) SELECT "django_migrations"."app", "django_migrations"."name" FROM "django_migrations"; args=()
(0.001) SELECT "auth_user"."id", "auth_user"."password", "auth_user"."last_login", "auth_user"."is_superuser", "auth_user"."username", "auth_user"."first_name", "auth_user"."last_name", "auth_user"."email", "auth_user"."is_staff", "auth_user"."is_active", "auth_user"."date_joined" FROM "auth_user" WHERE "auth_user"."username" = 'karavaev'; args=('karavaev',)
(0.001) SELECT "auth_user"."id", "auth_user"."password", "auth_user"."last_login", "auth_user"."is_superuser", "auth_user"."username", "auth_user"."first_name", "auth_user"."last_name", "auth_user"."email", "auth_user"."is_staff", "auth_user"."is_active", "auth_user"."date_joined" FROM "auth_user" WHERE "auth_user"."username" = 'admin'; args=('admin',)
(0.001) INSERT INTO "auth_user" ("password", "last_login", "is_superuser", "username", "first_name", "last_name", "email", "is_staff", "is_active", "date_joined") VALUES ('pbkdf2_sha256$30000$iVmzSLlU3BPG$g9TeBHjLE7RubMkmnX0FNwZpyM0XaENERuhK7oDG514=', NULL, true, 'admin', '', '', 'andrewnyash@gmail.com', true, true, '2017-03-01T13:43:47.863332+00:00'::timestamptz) RETURNING "auth_user"."id"; args=('pbkdf2_sha256$30000$iVmzSLlU3BPG$g9TeBHjLE7RubMkmnX0FNwZpyM0XaENERuhK7oDG514=', None, True, 'admin', '', '', 'andrewnyash@gmail.com', True, True, datetime.datetime(2017, 3, 1, 13, 43, 47, 863332, tzinfo=<UTC>))
(0.003) 
            SELECT c.relname, c.relkind
            FROM pg_catalog.pg_class c
            LEFT JOIN pg_catalog.pg_namespace n ON n.oid = c.relnamespace
            WHERE c.relkind IN ('r', 'v')
                AND n.nspname NOT IN ('pg_catalog', 'pg_toast')
                AND pg_catalog.pg_table_is_visible(c.oid); args=None
(0.001) SELECT "django_migrations"."app", "django_migrations"."name" FROM "django_migrations"; args=()
"GET / HTTP/1.1" 200 1767
"GET /admin HTTP/1.1" 301 0
"GET /admin/ HTTP/1.1" 302 0
Exception while resolving variable 'is_popup' in template 'admin/login.html'.
Traceback (most recent call last):
  File "/Library/Frameworks/Python.framework/Versions/3.6/lib/python3.6/site-packages/django/template/base.py", line 885, in _resolve_lookup
    current = current[bit]
  File "/Library/Frameworks/Python.framework/Versions/3.6/lib/python3.6/site-packages/django/template/context.py", line 75, in __getitem__
    raise KeyError(key)
KeyError: 'is_popup'

During handling of the above exception, another exception occurred:

Traceback (most recent call last):
  File "/Library/Frameworks/Python.framework/Versions/3.6/lib/python3.6/site-packages/django/template/base.py", line 891, in _resolve_lookup
    if isinstance(current, BaseContext) and getattr(type(current), bit):
AttributeError: type object 'RequestContext' has no attribute 'is_popup'

During handling of the above exception, another exception occurred:

Traceback (most recent call last):
  File "/Library/Frameworks/Python.framework/Versions/3.6/lib/python3.6/site-packages/django/template/base.py", line 900, in _resolve_lookup
    current = current[int(bit)]
ValueError: invalid literal for int() with base 10: 'is_popup'

During handling of the above exception, another exception occurred:

Traceback (most recent call last):
  File "/Library/Frameworks/Python.framework/Versions/3.6/lib/python3.6/site-packages/django/template/base.py", line 907, in _resolve_lookup
    (bit, current))  # missing attribute
django.template.base.VariableDoesNotExist: Failed lookup for key [is_popup] in "[{'True': True, 'False': False, 'None': None}, {'csrf_token': <SimpleLazyObject: <function csrf.<locals>._get_val at 0x104fe0950>>, 'request': <WSGIRequest: GET '/admin/login/?next=/admin/'>, 'user': <SimpleLazyObject: <django.contrib.auth.models.AnonymousUser object at 0x104fc9c18>>, 'perms': <django.contrib.auth.context_processors.PermWrapper object at 0x104ffba58>, 'messages': <django.contrib.messages.storage.fallback.FallbackStorage object at 0x104fc9be0>, 'DEFAULT_MESSAGE_LEVELS': {'DEBUG': 10, 'INFO': 20, 'SUCCESS': 25, 'WARNING': 30, 'ERROR': 40}}, {}, {'form': <AdminAuthenticationForm bound=False, valid=Unknown, fields=(username;password)>, 'next': '/admin/', 'site': <django.contrib.sites.requests.RequestSite object at 0x104fc9f28>, 'site_name': '127.0.0.1:8000', 'site_title': <django.utils.functional.lazy.<locals>.__proxy__ object at 0x103c84da0>, 'site_header': <django.utils.functional.lazy.<locals>.__proxy__ object at 0x103c84e10>, 'site_url': '/', 'has_permission': False, 'available_apps': [], 'title': 'Log in', 'app_path': '/admin/login/?next=/admin/', 'username': '', 'LANGUAGE_CODE': 'en-us', 'LANGUAGE_BIDI': False}]"
Exception while resolving variable 'is_popup' in template 'admin/login.html'.
Traceback (most recent call last):
  File "/Library/Frameworks/Python.framework/Versions/3.6/lib/python3.6/site-packages/django/template/base.py", line 885, in _resolve_lookup
    current = current[bit]
  File "/Library/Frameworks/Python.framework/Versions/3.6/lib/python3.6/site-packages/django/template/context.py", line 75, in __getitem__
    raise KeyError(key)
KeyError: 'is_popup'

During handling of the above exception, another exception occurred:

Traceback (most recent call last):
  File "/Library/Frameworks/Python.framework/Versions/3.6/lib/python3.6/site-packages/django/template/base.py", line 891, in _resolve_lookup
    if isinstance(current, BaseContext) and getattr(type(current), bit):
AttributeError: type object 'RequestContext' has no attribute 'is_popup'

During handling of the above exception, another exception occurred:

Traceback (most recent call last):
  File "/Library/Frameworks/Python.framework/Versions/3.6/lib/python3.6/site-packages/django/template/base.py", line 900, in _resolve_lookup
    current = current[int(bit)]
ValueError: invalid literal for int() with base 10: 'is_popup'

During handling of the above exception, another exception occurred:

Traceback (most recent call last):
  File "/Library/Frameworks/Python.framework/Versions/3.6/lib/python3.6/site-packages/django/template/base.py", line 907, in _resolve_lookup
    (bit, current))  # missing attribute
django.template.base.VariableDoesNotExist: Failed lookup for key [is_popup] in "[{'True': True, 'False': False, 'None': None}, {'csrf_token': <SimpleLazyObject: <function csrf.<locals>._get_val at 0x104fe0950>>, 'request': <WSGIRequest: GET '/admin/login/?next=/admin/'>, 'user': <SimpleLazyObject: <django.contrib.auth.models.AnonymousUser object at 0x104fc9c18>>, 'perms': <django.contrib.auth.context_processors.PermWrapper object at 0x104ffba58>, 'messages': <django.contrib.messages.storage.fallback.FallbackStorage object at 0x104fc9be0>, 'DEFAULT_MESSAGE_LEVELS': {'DEBUG': 10, 'INFO': 20, 'SUCCESS': 25, 'WARNING': 30, 'ERROR': 40}}, {}, {'form': <AdminAuthenticationForm bound=False, valid=Unknown, fields=(username;password)>, 'next': '/admin/', 'site': <django.contrib.sites.requests.RequestSite object at 0x104fc9f28>, 'site_name': '127.0.0.1:8000', 'site_title': <django.utils.functional.lazy.<locals>.__proxy__ object at 0x103c84da0>, 'site_header': <django.utils.functional.lazy.<locals>.__proxy__ object at 0x103c84e10>, 'site_url': '/', 'has_permission': False, 'available_apps': [], 'title': 'Log in', 'app_path': '/admin/login/?next=/admin/', 'username': '', 'LANGUAGE_CODE': 'en-us', 'LANGUAGE_BIDI': False}]"
"GET /admin/login/?next=/admin/ HTTP/1.1" 200 1653
"GET /static/admin/css/login.css HTTP/1.1" 200 1203
"GET /static/admin/css/base.css HTTP/1.1" 200 15937
"GET /static/admin/css/fonts.css HTTP/1.1" 200 423
"GET /static/admin/fonts/Roboto-Regular-webfont.woff HTTP/1.1" 200 80304
"GET /static/admin/fonts/Roboto-Light-webfont.woff HTTP/1.1" 200 81348
(0.002) SELECT "auth_user"."id", "auth_user"."password", "auth_user"."last_login", "auth_user"."is_superuser", "auth_user"."username", "auth_user"."first_name", "auth_user"."last_name", "auth_user"."email", "auth_user"."is_staff", "auth_user"."is_active", "auth_user"."date_joined" FROM "auth_user" WHERE "auth_user"."username" = 'admin'; args=('admin',)
(0.001) SELECT (1) AS "a" FROM "django_session" WHERE "django_session"."session_key" = 'v3tq4v3m28lod56655dhdh50769ydeg7' LIMIT 1; args=('v3tq4v3m28lod56655dhdh50769ydeg7',)
(0.001) INSERT INTO "django_session" ("session_key", "session_data", "expire_date") VALUES ('v3tq4v3m28lod56655dhdh50769ydeg7', 'ODcyNjZlNzcwYmRiOWY2YTk3YzQxYWVlYmYwN2ZkZjI5NmEzMjFhNTp7fQ==', '2017-03-15T13:44:37.382754+00:00'::timestamptz); args=('v3tq4v3m28lod56655dhdh50769ydeg7', 'ODcyNjZlNzcwYmRiOWY2YTk3YzQxYWVlYmYwN2ZkZjI5NmEzMjFhNTp7fQ==', datetime.datetime(2017, 3, 15, 13, 44, 37, 382754, tzinfo=<UTC>))
(0.001) UPDATE "auth_user" SET "last_login" = '2017-03-01T13:44:37.384733+00:00'::timestamptz WHERE "auth_user"."id" = 1; args=(datetime.datetime(2017, 3, 1, 13, 44, 37, 384733, tzinfo=<UTC>), 1)
(0.000) UPDATE "django_session" SET "session_data" = 'NGI3NWM2NDg0ZjkzOWQ1OGU3NzYwZmRkMmQ3NWVjMWVmMjFlOTk3Yzp7Il9hdXRoX3VzZXJfaWQiOiIxIiwiX2F1dGhfdXNlcl9iYWNrZW5kIjoiZGphbmdvLmNvbnRyaWIuYXV0aC5iYWNrZW5kcy5Nb2RlbEJhY2tlbmQiLCJfYXV0aF91c2VyX2hhc2giOiJhNThmNTNhMjQxMTVjNDViYzIzYTFkYjYxZDc2OGMzNTQ3OWEzMjAzIn0=', "expire_date" = '2017-03-15T13:44:37.387139+00:00'::timestamptz WHERE "django_session"."session_key" = 'v3tq4v3m28lod56655dhdh50769ydeg7'; args=('NGI3NWM2NDg0ZjkzOWQ1OGU3NzYwZmRkMmQ3NWVjMWVmMjFlOTk3Yzp7Il9hdXRoX3VzZXJfaWQiOiIxIiwiX2F1dGhfdXNlcl9iYWNrZW5kIjoiZGphbmdvLmNvbnRyaWIuYXV0aC5iYWNrZW5kcy5Nb2RlbEJhY2tlbmQiLCJfYXV0aF91c2VyX2hhc2giOiJhNThmNTNhMjQxMTVjNDViYzIzYTFkYjYxZDc2OGMzNTQ3OWEzMjAzIn0=', datetime.datetime(2017, 3, 15, 13, 44, 37, 387139, tzinfo=<UTC>), 'v3tq4v3m28lod56655dhdh50769ydeg7')
"POST /admin/login/?next=/admin/ HTTP/1.1" 302 0
(0.002) SELECT "django_session"."session_key", "django_session"."session_data", "django_session"."expire_date" FROM "django_session" WHERE ("django_session"."session_key" = 'v3tq4v3m28lod56655dhdh50769ydeg7' AND "django_session"."expire_date" > '2017-03-01T13:44:37.392982+00:00'::timestamptz); args=('v3tq4v3m28lod56655dhdh50769ydeg7', datetime.datetime(2017, 3, 1, 13, 44, 37, 392982, tzinfo=<UTC>))
(0.001) SELECT "auth_user"."id", "auth_user"."password", "auth_user"."last_login", "auth_user"."is_superuser", "auth_user"."username", "auth_user"."first_name", "auth_user"."last_name", "auth_user"."email", "auth_user"."is_staff", "auth_user"."is_active", "auth_user"."date_joined" FROM "auth_user" WHERE "auth_user"."id" = 1; args=(1,)
Exception while resolving variable 'is_popup' in template 'admin/index.html'.
Traceback (most recent call last):
  File "/Library/Frameworks/Python.framework/Versions/3.6/lib/python3.6/site-packages/django/template/base.py", line 885, in _resolve_lookup
    current = current[bit]
  File "/Library/Frameworks/Python.framework/Versions/3.6/lib/python3.6/site-packages/django/template/context.py", line 75, in __getitem__
    raise KeyError(key)
KeyError: 'is_popup'

During handling of the above exception, another exception occurred:

Traceback (most recent call last):
  File "/Library/Frameworks/Python.framework/Versions/3.6/lib/python3.6/site-packages/django/template/base.py", line 891, in _resolve_lookup
    if isinstance(current, BaseContext) and getattr(type(current), bit):
AttributeError: type object 'RequestContext' has no attribute 'is_popup'

During handling of the above exception, another exception occurred:

Traceback (most recent call last):
  File "/Library/Frameworks/Python.framework/Versions/3.6/lib/python3.6/site-packages/django/template/base.py", line 900, in _resolve_lookup
    current = current[int(bit)]
ValueError: invalid literal for int() with base 10: 'is_popup'

During handling of the above exception, another exception occurred:

Traceback (most recent call last):
  File "/Library/Frameworks/Python.framework/Versions/3.6/lib/python3.6/site-packages/django/template/base.py", line 907, in _resolve_lookup
    (bit, current))  # missing attribute
django.template.base.VariableDoesNotExist: Failed lookup for key [is_popup] in "[{'True': True, 'False': False, 'None': None}, {'csrf_token': <SimpleLazyObject: <function csrf.<locals>._get_val at 0x10685ce18>>, 'request': <WSGIRequest: GET '/admin/'>, 'user': <SimpleLazyObject: <User: admin>>, 'perms': <django.contrib.auth.context_processors.PermWrapper object at 0x104ff4438>, 'messages': <django.contrib.messages.storage.fallback.FallbackStorage object at 0x1068242b0>, 'DEFAULT_MESSAGE_LEVELS': {'DEBUG': 10, 'INFO': 20, 'SUCCESS': 25, 'WARNING': 30, 'ERROR': 40}}, {}, {'site_title': <django.utils.functional.lazy.<locals>.__proxy__ object at 0x103c84da0>, 'site_header': <django.utils.functional.lazy.<locals>.__proxy__ object at 0x103c84e10>, 'site_url': '/', 'has_permission': True, 'available_apps': [{'name': <django.utils.functional.lazy.<locals>.__proxy__ object at 0x103c9cf28>, 'app_label': 'auth', 'app_url': '/admin/auth/', 'has_module_perms': True, 'models': [{'name': <django.utils.functional.lazy.<locals>.__proxy__ object at 0x10681e320>, 'object_name': 'Group', 'perms': {'add': True, 'change': True, 'delete': True}, 'admin_url': '/admin/auth/group/', 'add_url': '/admin/auth/group/add/'}, {'name': <django.utils.functional.lazy.<locals>.__proxy__ object at 0x10681ec88>, 'object_name': 'User', 'perms': {'add': True, 'change': True, 'delete': True}, 'admin_url': '/admin/auth/user/', 'add_url': '/admin/auth/user/add/'}]}, {'name': 'Cart', 'app_label': 'cart', 'app_url': '/admin/cart/', 'has_module_perms': True, 'models': [{'name': <django.utils.functional.lazy.<locals>.__proxy__ object at 0x10681ec18>, 'object_name': 'CartOrder', 'perms': {'add': True, 'change': True, 'delete': True}, 'admin_url': '/admin/cart/cartorder/', 'add_url': '/admin/cart/cartorder/add/'}]}, {'name': 'Category', 'app_label': 'category', 'app_url': '/admin/category/', 'has_module_perms': True, 'models': [{'name': <django.utils.functional.lazy.<locals>.__proxy__ object at 0x10681ef28>, 'object_name': 'Category', 'perms': {'add': True, 'change': True, 'delete': True}, 'admin_url': '/admin/category/category/', 'add_url': '/admin/category/category/add/'}]}, {'name': 'Delivery', 'app_label': 'delivery', 'app_url': '/admin/delivery/', 'has_module_perms': True, 'models': [{'name': <django.utils.functional.lazy.<locals>.__proxy__ object at 0x10681e240>, 'object_name': 'Delivery', 'perms': {'add': True, 'change': True, 'delete': True}, 'admin_url': '/admin/delivery/delivery/', 'add_url': '/admin/delivery/delivery/add/'}]}, {'name': 'Item', 'app_label': 'item', 'app_url': '/admin/item/', 'has_module_perms': True, 'models': [{'name': <django.utils.functional.lazy.<locals>.__proxy__ object at 0x10681ee48>, 'object_name': 'Item', 'perms': {'add': True, 'change': True, 'delete': True}, 'admin_url': '/admin/item/item/', 'add_url': '/admin/item/item/add/'}]}, {'name': 'Order', 'app_label': 'order', 'app_url': '/admin/order/', 'has_module_perms': True, 'models': [{'name': <django.utils.functional.lazy.<locals>.__proxy__ object at 0x10681e0f0>, 'object_name': 'UserOrder', 'perms': {'add': True, 'change': True, 'delete': True}, 'admin_url': '/admin/order/userorder/', 'add_url': '/admin/order/userorder/add/'}]}, {'name': 'Payment', 'app_label': 'payment', 'app_url': '/admin/payment/', 'has_module_perms': True, 'models': [{'name': <django.utils.functional.lazy.<locals>.__proxy__ object at 0x10681e080>, 'object_name': 'Payment', 'perms': {'add': True, 'change': True, 'delete': True}, 'admin_url': '/admin/payment/payment/', 'add_url': '/admin/payment/payment/add/'}]}, {'name': 'User', 'app_label': 'user', 'app_url': '/admin/user/', 'has_module_perms': True, 'models': [{'name': <django.utils.functional.lazy.<locals>.__proxy__ object at 0x10681e128>, 'object_name': 'User', 'perms': {'add': True, 'change': True, 'delete': True}, 'admin_url': '/admin/user/user/', 'add_url': '/admin/user/user/add/'}]}], 'title': <django.utils.functional.lazy.<locals>.__proxy__ object at 0x103c92160>, 'app_list': [{'name': <django.utils.functional.lazy.<locals>.__proxy__ object at 0x103c9cf28>, 'app_label': 'auth', 'app_url': '/admin/auth/', 'has_module_perms': True, 'models': [{'name': <django.utils.functional.lazy.<locals>.__proxy__ object at 0x10681eef0>, 'object_name': 'Group', 'perms': {'add': True, 'change': True, 'delete': True}, 'admin_url': '/admin/auth/group/', 'add_url': '/admin/auth/group/add/'}, {'name': <django.utils.functional.lazy.<locals>.__proxy__ object at 0x10681ef60>, 'object_name': 'User', 'perms': {'add': True, 'change': True, 'delete': True}, 'admin_url': '/admin/auth/user/', 'add_url': '/admin/auth/user/add/'}]}, {'name': 'Cart', 'app_label': 'cart', 'app_url': '/admin/cart/', 'has_module_perms': True, 'models': [{'name': <django.utils.functional.lazy.<locals>.__proxy__ object at 0x10681e2b0>, 'object_name': 'CartOrder', 'perms': {'add': True, 'change': True, 'delete': True}, 'admin_url': '/admin/cart/cartorder/', 'add_url': '/admin/cart/cartorder/add/'}]}, {'name': 'Category', 'app_label': 'category', 'app_url': '/admin/category/', 'has_module_perms': True, 'models': [{'name': <django.utils.functional.lazy.<locals>.__proxy__ object at 0x10681ecc0>, 'object_name': 'Category', 'perms': {'add': True, 'change': True, 'delete': True}, 'admin_url': '/admin/category/category/', 'add_url': '/admin/category/category/add/'}]}, {'name': 'Delivery', 'app_label': 'delivery', 'app_url': '/admin/delivery/', 'has_module_perms': True, 'models': [{'name': <django.utils.functional.lazy.<locals>.__proxy__ object at 0x10681e160>, 'object_name': 'Delivery', 'perms': {'add': True, 'change': True, 'delete': True}, 'admin_url': '/admin/delivery/delivery/', 'add_url': '/admin/delivery/delivery/add/'}]}, {'name': 'Item', 'app_label': 'item', 'app_url': '/admin/item/', 'has_module_perms': True, 'models': [{'name': <django.utils.functional.lazy.<locals>.__proxy__ object at 0x10681e9b0>, 'object_name': 'Item', 'perms': {'add': True, 'change': True, 'delete': True}, 'admin_url': '/admin/item/item/', 'add_url': '/admin/item/item/add/'}]}, {'name': 'Order', 'app_label': 'order', 'app_url': '/admin/order/', 'has_module_perms': True, 'models': [{'name': <django.utils.functional.lazy.<locals>.__proxy__ object at 0x10681e1d0>, 'object_name': 'UserOrder', 'perms': {'add': True, 'change': True, 'delete': True}, 'admin_url': '/admin/order/userorder/', 'add_url': '/admin/order/userorder/add/'}]}, {'name': 'Payment', 'app_label': 'payment', 'app_url': '/admin/payment/', 'has_module_perms': True, 'models': [{'name': <django.utils.functional.lazy.<locals>.__proxy__ object at 0x10681e7b8>, 'object_name': 'Payment', 'perms': {'add': True, 'change': True, 'delete': True}, 'admin_url': '/admin/payment/payment/', 'add_url': '/admin/payment/payment/add/'}]}, {'name': 'User', 'app_label': 'user', 'app_url': '/admin/user/', 'has_module_perms': True, 'models': [{'name': <django.utils.functional.lazy.<locals>.__proxy__ object at 0x10681e358>, 'object_name': 'User', 'perms': {'add': True, 'change': True, 'delete': True}, 'admin_url': '/admin/user/user/', 'add_url': '/admin/user/user/add/'}]}], 'LANGUAGE_CODE': 'en-us', 'LANGUAGE_BIDI': False}]"
Exception while resolving variable 'is_popup' in template 'admin/index.html'.
Traceback (most recent call last):
  File "/Library/Frameworks/Python.framework/Versions/3.6/lib/python3.6/site-packages/django/template/base.py", line 885, in _resolve_lookup
    current = current[bit]
  File "/Library/Frameworks/Python.framework/Versions/3.6/lib/python3.6/site-packages/django/template/context.py", line 75, in __getitem__
    raise KeyError(key)
KeyError: 'is_popup'

During handling of the above exception, another exception occurred:

Traceback (most recent call last):
  File "/Library/Frameworks/Python.framework/Versions/3.6/lib/python3.6/site-packages/django/template/base.py", line 891, in _resolve_lookup
    if isinstance(current, BaseContext) and getattr(type(current), bit):
AttributeError: type object 'RequestContext' has no attribute 'is_popup'

During handling of the above exception, another exception occurred:

Traceback (most recent call last):
  File "/Library/Frameworks/Python.framework/Versions/3.6/lib/python3.6/site-packages/django/template/base.py", line 900, in _resolve_lookup
    current = current[int(bit)]
ValueError: invalid literal for int() with base 10: 'is_popup'

During handling of the above exception, another exception occurred:

Traceback (most recent call last):
  File "/Library/Frameworks/Python.framework/Versions/3.6/lib/python3.6/site-packages/django/template/base.py", line 907, in _resolve_lookup
    (bit, current))  # missing attribute
django.template.base.VariableDoesNotExist: Failed lookup for key [is_popup] in "[{'True': True, 'False': False, 'None': None}, {'csrf_token': <SimpleLazyObject: <function csrf.<locals>._get_val at 0x10685ce18>>, 'request': <WSGIRequest: GET '/admin/'>, 'user': <SimpleLazyObject: <User: admin>>, 'perms': <django.contrib.auth.context_processors.PermWrapper object at 0x104ff4438>, 'messages': <django.contrib.messages.storage.fallback.FallbackStorage object at 0x1068242b0>, 'DEFAULT_MESSAGE_LEVELS': {'DEBUG': 10, 'INFO': 20, 'SUCCESS': 25, 'WARNING': 30, 'ERROR': 40}}, {}, {'site_title': <django.utils.functional.lazy.<locals>.__proxy__ object at 0x103c84da0>, 'site_header': <django.utils.functional.lazy.<locals>.__proxy__ object at 0x103c84e10>, 'site_url': '/', 'has_permission': True, 'available_apps': [{'name': <django.utils.functional.lazy.<locals>.__proxy__ object at 0x103c9cf28>, 'app_label': 'auth', 'app_url': '/admin/auth/', 'has_module_perms': True, 'models': [{'name': <django.utils.functional.lazy.<locals>.__proxy__ object at 0x10681e320>, 'object_name': 'Group', 'perms': {'add': True, 'change': True, 'delete': True}, 'admin_url': '/admin/auth/group/', 'add_url': '/admin/auth/group/add/'}, {'name': <django.utils.functional.lazy.<locals>.__proxy__ object at 0x10681ec88>, 'object_name': 'User', 'perms': {'add': True, 'change': True, 'delete': True}, 'admin_url': '/admin/auth/user/', 'add_url': '/admin/auth/user/add/'}]}, {'name': 'Cart', 'app_label': 'cart', 'app_url': '/admin/cart/', 'has_module_perms': True, 'models': [{'name': <django.utils.functional.lazy.<locals>.__proxy__ object at 0x10681ec18>, 'object_name': 'CartOrder', 'perms': {'add': True, 'change': True, 'delete': True}, 'admin_url': '/admin/cart/cartorder/', 'add_url': '/admin/cart/cartorder/add/'}]}, {'name': 'Category', 'app_label': 'category', 'app_url': '/admin/category/', 'has_module_perms': True, 'models': [{'name': <django.utils.functional.lazy.<locals>.__proxy__ object at 0x10681ef28>, 'object_name': 'Category', 'perms': {'add': True, 'change': True, 'delete': True}, 'admin_url': '/admin/category/category/', 'add_url': '/admin/category/category/add/'}]}, {'name': 'Delivery', 'app_label': 'delivery', 'app_url': '/admin/delivery/', 'has_module_perms': True, 'models': [{'name': <django.utils.functional.lazy.<locals>.__proxy__ object at 0x10681e240>, 'object_name': 'Delivery', 'perms': {'add': True, 'change': True, 'delete': True}, 'admin_url': '/admin/delivery/delivery/', 'add_url': '/admin/delivery/delivery/add/'}]}, {'name': 'Item', 'app_label': 'item', 'app_url': '/admin/item/', 'has_module_perms': True, 'models': [{'name': <django.utils.functional.lazy.<locals>.__proxy__ object at 0x10681ee48>, 'object_name': 'Item', 'perms': {'add': True, 'change': True, 'delete': True}, 'admin_url': '/admin/item/item/', 'add_url': '/admin/item/item/add/'}]}, {'name': 'Order', 'app_label': 'order', 'app_url': '/admin/order/', 'has_module_perms': True, 'models': [{'name': <django.utils.functional.lazy.<locals>.__proxy__ object at 0x10681e0f0>, 'object_name': 'UserOrder', 'perms': {'add': True, 'change': True, 'delete': True}, 'admin_url': '/admin/order/userorder/', 'add_url': '/admin/order/userorder/add/'}]}, {'name': 'Payment', 'app_label': 'payment', 'app_url': '/admin/payment/', 'has_module_perms': True, 'models': [{'name': <django.utils.functional.lazy.<locals>.__proxy__ object at 0x10681e080>, 'object_name': 'Payment', 'perms': {'add': True, 'change': True, 'delete': True}, 'admin_url': '/admin/payment/payment/', 'add_url': '/admin/payment/payment/add/'}]}, {'name': 'User', 'app_label': 'user', 'app_url': '/admin/user/', 'has_module_perms': True, 'models': [{'name': <django.utils.functional.lazy.<locals>.__proxy__ object at 0x10681e128>, 'object_name': 'User', 'perms': {'add': True, 'change': True, 'delete': True}, 'admin_url': '/admin/user/user/', 'add_url': '/admin/user/user/add/'}]}], 'title': <django.utils.functional.lazy.<locals>.__proxy__ object at 0x103c92160>, 'app_list': [{'name': <django.utils.functional.lazy.<locals>.__proxy__ object at 0x103c9cf28>, 'app_label': 'auth', 'app_url': '/admin/auth/', 'has_module_perms': True, 'models': [{'name': <django.utils.functional.lazy.<locals>.__proxy__ object at 0x10681eef0>, 'object_name': 'Group', 'perms': {'add': True, 'change': True, 'delete': True}, 'admin_url': '/admin/auth/group/', 'add_url': '/admin/auth/group/add/'}, {'name': <django.utils.functional.lazy.<locals>.__proxy__ object at 0x10681ef60>, 'object_name': 'User', 'perms': {'add': True, 'change': True, 'delete': True}, 'admin_url': '/admin/auth/user/', 'add_url': '/admin/auth/user/add/'}]}, {'name': 'Cart', 'app_label': 'cart', 'app_url': '/admin/cart/', 'has_module_perms': True, 'models': [{'name': <django.utils.functional.lazy.<locals>.__proxy__ object at 0x10681e2b0>, 'object_name': 'CartOrder', 'perms': {'add': True, 'change': True, 'delete': True}, 'admin_url': '/admin/cart/cartorder/', 'add_url': '/admin/cart/cartorder/add/'}]}, {'name': 'Category', 'app_label': 'category', 'app_url': '/admin/category/', 'has_module_perms': True, 'models': [{'name': <django.utils.functional.lazy.<locals>.__proxy__ object at 0x10681ecc0>, 'object_name': 'Category', 'perms': {'add': True, 'change': True, 'delete': True}, 'admin_url': '/admin/category/category/', 'add_url': '/admin/category/category/add/'}]}, {'name': 'Delivery', 'app_label': 'delivery', 'app_url': '/admin/delivery/', 'has_module_perms': True, 'models': [{'name': <django.utils.functional.lazy.<locals>.__proxy__ object at 0x10681e160>, 'object_name': 'Delivery', 'perms': {'add': True, 'change': True, 'delete': True}, 'admin_url': '/admin/delivery/delivery/', 'add_url': '/admin/delivery/delivery/add/'}]}, {'name': 'Item', 'app_label': 'item', 'app_url': '/admin/item/', 'has_module_perms': True, 'models': [{'name': <django.utils.functional.lazy.<locals>.__proxy__ object at 0x10681e9b0>, 'object_name': 'Item', 'perms': {'add': True, 'change': True, 'delete': True}, 'admin_url': '/admin/item/item/', 'add_url': '/admin/item/item/add/'}]}, {'name': 'Order', 'app_label': 'order', 'app_url': '/admin/order/', 'has_module_perms': True, 'models': [{'name': <django.utils.functional.lazy.<locals>.__proxy__ object at 0x10681e1d0>, 'object_name': 'UserOrder', 'perms': {'add': True, 'change': True, 'delete': True}, 'admin_url': '/admin/order/userorder/', 'add_url': '/admin/order/userorder/add/'}]}, {'name': 'Payment', 'app_label': 'payment', 'app_url': '/admin/payment/', 'has_module_perms': True, 'models': [{'name': <django.utils.functional.lazy.<locals>.__proxy__ object at 0x10681e7b8>, 'object_name': 'Payment', 'perms': {'add': True, 'change': True, 'delete': True}, 'admin_url': '/admin/payment/payment/', 'add_url': '/admin/payment/payment/add/'}]}, {'name': 'User', 'app_label': 'user', 'app_url': '/admin/user/', 'has_module_perms': True, 'models': [{'name': <django.utils.functional.lazy.<locals>.__proxy__ object at 0x10681e358>, 'object_name': 'User', 'perms': {'add': True, 'change': True, 'delete': True}, 'admin_url': '/admin/user/user/', 'add_url': '/admin/user/user/add/'}]}], 'LANGUAGE_CODE': 'en-us', 'LANGUAGE_BIDI': False}]"
(0.002) SELECT "django_admin_log"."id", "django_admin_log"."action_time", "django_admin_log"."user_id", "django_admin_log"."content_type_id", "django_admin_log"."object_id", "django_admin_log"."object_repr", "django_admin_log"."action_flag", "django_admin_log"."change_message", "auth_user"."id", "auth_user"."password", "auth_user"."last_login", "auth_user"."is_superuser", "auth_user"."username", "auth_user"."first_name", "auth_user"."last_name", "auth_user"."email", "auth_user"."is_staff", "auth_user"."is_active", "auth_user"."date_joined", "django_content_type"."id", "django_content_type"."app_label", "django_content_type"."model" FROM "django_admin_log" INNER JOIN "auth_user" ON ("django_admin_log"."user_id" = "auth_user"."id") LEFT OUTER JOIN "django_content_type" ON ("django_admin_log"."content_type_id" = "django_content_type"."id") WHERE "django_admin_log"."user_id" = 1 ORDER BY "django_admin_log"."action_time" DESC LIMIT 10; args=(1,)
"GET /admin/ HTTP/1.1" 200 7296
"GET /static/admin/css/dashboard.css HTTP/1.1" 200 434
"GET /static/admin/img/icon-addlink.svg HTTP/1.1" 200 331
"GET /static/admin/img/icon-changelink.svg HTTP/1.1" 200 380
"GET /static/admin/fonts/Roboto-Bold-webfont.woff HTTP/1.1" 200 82564
(0.002) SELECT "django_session"."session_key", "django_session"."session_data", "django_session"."expire_date" FROM "django_session" WHERE ("django_session"."session_key" = 'v3tq4v3m28lod56655dhdh50769ydeg7' AND "django_session"."expire_date" > '2017-03-01T13:44:44.892151+00:00'::timestamptz); args=('v3tq4v3m28lod56655dhdh50769ydeg7', datetime.datetime(2017, 3, 1, 13, 44, 44, 892151, tzinfo=<UTC>))
(0.001) SELECT "auth_user"."id", "auth_user"."password", "auth_user"."last_login", "auth_user"."is_superuser", "auth_user"."username", "auth_user"."first_name", "auth_user"."last_name", "auth_user"."email", "auth_user"."is_staff", "auth_user"."is_active", "auth_user"."date_joined" FROM "auth_user" WHERE "auth_user"."id" = 1; args=(1,)
(0.001) SELECT COUNT(*) AS "__count" FROM "auth_group"; args=()
(0.000) SELECT COUNT(*) AS "__count" FROM "auth_group"; args=()
(0.001) SELECT "auth_group"."id", "auth_group"."name" FROM "auth_group" ORDER BY "auth_group"."name" ASC, "auth_group"."id" DESC; args=()
Exception while resolving variable 'errors' in template 'admin/change_list.html'.
Traceback (most recent call last):
  File "/Library/Frameworks/Python.framework/Versions/3.6/lib/python3.6/site-packages/django/template/base.py", line 885, in _resolve_lookup
    current = current[bit]
TypeError: 'NoneType' object is not subscriptable

During handling of the above exception, another exception occurred:

Traceback (most recent call last):
  File "/Library/Frameworks/Python.framework/Versions/3.6/lib/python3.6/site-packages/django/template/base.py", line 893, in _resolve_lookup
    current = getattr(current, bit)
AttributeError: 'NoneType' object has no attribute 'errors'

During handling of the above exception, another exception occurred:

Traceback (most recent call last):
  File "/Library/Frameworks/Python.framework/Versions/3.6/lib/python3.6/site-packages/django/template/base.py", line 900, in _resolve_lookup
    current = current[int(bit)]
ValueError: invalid literal for int() with base 10: 'errors'

During handling of the above exception, another exception occurred:

Traceback (most recent call last):
  File "/Library/Frameworks/Python.framework/Versions/3.6/lib/python3.6/site-packages/django/template/base.py", line 907, in _resolve_lookup
    (bit, current))  # missing attribute
django.template.base.VariableDoesNotExist: Failed lookup for key [errors] in 'None'
Exception while resolving variable 'show' in template 'admin/change_list.html'.
Traceback (most recent call last):
  File "/Library/Frameworks/Python.framework/Versions/3.6/lib/python3.6/site-packages/django/template/base.py", line 885, in _resolve_lookup
    current = current[bit]
  File "/Library/Frameworks/Python.framework/Versions/3.6/lib/python3.6/site-packages/django/template/context.py", line 75, in __getitem__
    raise KeyError(key)
KeyError: 'show'

During handling of the above exception, another exception occurred:

Traceback (most recent call last):
  File "/Library/Frameworks/Python.framework/Versions/3.6/lib/python3.6/site-packages/django/template/base.py", line 891, in _resolve_lookup
    if isinstance(current, BaseContext) and getattr(type(current), bit):
AttributeError: type object 'RequestContext' has no attribute 'show'

During handling of the above exception, another exception occurred:

Traceback (most recent call last):
  File "/Library/Frameworks/Python.framework/Versions/3.6/lib/python3.6/site-packages/django/template/base.py", line 900, in _resolve_lookup
    current = current[int(bit)]
ValueError: invalid literal for int() with base 10: 'show'

During handling of the above exception, another exception occurred:

Traceback (most recent call last):
  File "/Library/Frameworks/Python.framework/Versions/3.6/lib/python3.6/site-packages/django/template/base.py", line 907, in _resolve_lookup
    (bit, current))  # missing attribute
django.template.base.VariableDoesNotExist: Failed lookup for key [show] in "[{'True': True, 'False': False, 'None': None, 'csrf_token': <SimpleLazyObject: <function csrf.<locals>._get_val at 0x104fe0510>>}]"
Exception while resolving variable 'is_multipart' in template 'admin/change_list.html'.
Traceback (most recent call last):
  File "/Library/Frameworks/Python.framework/Versions/3.6/lib/python3.6/site-packages/django/template/base.py", line 885, in _resolve_lookup
    current = current[bit]
TypeError: 'NoneType' object is not subscriptable

During handling of the above exception, another exception occurred:

Traceback (most recent call last):
  File "/Library/Frameworks/Python.framework/Versions/3.6/lib/python3.6/site-packages/django/template/base.py", line 893, in _resolve_lookup
    current = getattr(current, bit)
AttributeError: 'NoneType' object has no attribute 'is_multipart'

During handling of the above exception, another exception occurred:

Traceback (most recent call last):
  File "/Library/Frameworks/Python.framework/Versions/3.6/lib/python3.6/site-packages/django/template/base.py", line 900, in _resolve_lookup
    current = current[int(bit)]
ValueError: invalid literal for int() with base 10: 'is_multipart'

During handling of the above exception, another exception occurred:

Traceback (most recent call last):
  File "/Library/Frameworks/Python.framework/Versions/3.6/lib/python3.6/site-packages/django/template/base.py", line 907, in _resolve_lookup
    (bit, current))  # missing attribute
django.template.base.VariableDoesNotExist: Failed lookup for key [is_multipart] in 'None'
"GET /admin/auth/group/ HTTP/1.1" 200 3379
"GET /static/admin/css/changelists.css HTTP/1.1" 200 6117
"GET /static/admin/js/admin/RelatedObjectLookups.js HTTP/1.1" 200 6577
"GET /static/admin/js/jquery.init.js HTTP/1.1" 200 363
"GET /static/admin/js/core.js HTTP/1.1" 200 7976
"GET /static/admin/js/actions.js HTTP/1.1" 200 6501
(0.004) SELECT "django_session"."session_key", "django_session"."session_data", "django_session"."expire_date" FROM "django_session" WHERE ("django_session"."session_key" = 'v3tq4v3m28lod56655dhdh50769ydeg7' AND "django_session"."expire_date" > '2017-03-01T13:44:44.942403+00:00'::timestamptz); args=('v3tq4v3m28lod56655dhdh50769ydeg7', datetime.datetime(2017, 3, 1, 13, 44, 44, 942403, tzinfo=<UTC>))
"GET /static/admin/js/urlify.js HTTP/1.1" 200 8186
"GET /static/admin/js/prepopulate.js HTTP/1.1" 200 1538
(0.002) SELECT "auth_user"."id", "auth_user"."password", "auth_user"."last_login", "auth_user"."is_superuser", "auth_user"."username", "auth_user"."first_name", "auth_user"."last_name", "auth_user"."email", "auth_user"."is_staff", "auth_user"."is_active", "auth_user"."date_joined" FROM "auth_user" WHERE "auth_user"."id" = 1; args=(1,)
"GET /static/admin/js/vendor/jquery/jquery.js HTTP/1.1" 200 258648
"GET /admin/jsi18n/ HTTP/1.1" 200 3189
"GET /static/admin/js/vendor/xregexp/xregexp.js HTTP/1.1" 200 128820
"GET /static/admin/img/search.svg HTTP/1.1" 200 458
"GET /static/admin/img/tooltag-add.svg HTTP/1.1" 200 331
(0.002) SELECT "django_session"."session_key", "django_session"."session_data", "django_session"."expire_date" FROM "django_session" WHERE ("django_session"."session_key" = 'v3tq4v3m28lod56655dhdh50769ydeg7' AND "django_session"."expire_date" > '2017-03-01T13:44:46.278841+00:00'::timestamptz); args=('v3tq4v3m28lod56655dhdh50769ydeg7', datetime.datetime(2017, 3, 1, 13, 44, 46, 278841, tzinfo=<UTC>))
(0.001) SELECT "auth_user"."id", "auth_user"."password", "auth_user"."last_login", "auth_user"."is_superuser", "auth_user"."username", "auth_user"."first_name", "auth_user"."last_name", "auth_user"."email", "auth_user"."is_staff", "auth_user"."is_active", "auth_user"."date_joined" FROM "auth_user" WHERE "auth_user"."id" = 1; args=(1,)
Exception while resolving variable 'is_popup' in template 'admin/index.html'.
Traceback (most recent call last):
  File "/Library/Frameworks/Python.framework/Versions/3.6/lib/python3.6/site-packages/django/template/base.py", line 885, in _resolve_lookup
    current = current[bit]
  File "/Library/Frameworks/Python.framework/Versions/3.6/lib/python3.6/site-packages/django/template/context.py", line 75, in __getitem__
    raise KeyError(key)
KeyError: 'is_popup'

During handling of the above exception, another exception occurred:

Traceback (most recent call last):
  File "/Library/Frameworks/Python.framework/Versions/3.6/lib/python3.6/site-packages/django/template/base.py", line 891, in _resolve_lookup
    if isinstance(current, BaseContext) and getattr(type(current), bit):
AttributeError: type object 'RequestContext' has no attribute 'is_popup'

During handling of the above exception, another exception occurred:

Traceback (most recent call last):
  File "/Library/Frameworks/Python.framework/Versions/3.6/lib/python3.6/site-packages/django/template/base.py", line 900, in _resolve_lookup
    current = current[int(bit)]
ValueError: invalid literal for int() with base 10: 'is_popup'

During handling of the above exception, another exception occurred:

Traceback (most recent call last):
  File "/Library/Frameworks/Python.framework/Versions/3.6/lib/python3.6/site-packages/django/template/base.py", line 907, in _resolve_lookup
    (bit, current))  # missing attribute
django.template.base.VariableDoesNotExist: Failed lookup for key [is_popup] in "[{'True': True, 'False': False, 'None': None}, {'csrf_token': <SimpleLazyObject: <function csrf.<locals>._get_val at 0x104f58c80>>, 'request': <WSGIRequest: GET '/admin/'>, 'user': <SimpleLazyObject: <User: admin>>, 'perms': <django.contrib.auth.context_processors.PermWrapper object at 0x1068b1f98>, 'messages': <django.contrib.messages.storage.fallback.FallbackStorage object at 0x10689d5f8>, 'DEFAULT_MESSAGE_LEVELS': {'DEBUG': 10, 'INFO': 20, 'SUCCESS': 25, 'WARNING': 30, 'ERROR': 40}}, {}, {'site_title': <django.utils.functional.lazy.<locals>.__proxy__ object at 0x103c84da0>, 'site_header': <django.utils.functional.lazy.<locals>.__proxy__ object at 0x103c84e10>, 'site_url': '/', 'has_permission': True, 'available_apps': [{'name': <django.utils.functional.lazy.<locals>.__proxy__ object at 0x103c9cf28>, 'app_label': 'auth', 'app_url': '/admin/auth/', 'has_module_perms': True, 'models': [{'name': <django.utils.functional.lazy.<locals>.__proxy__ object at 0x104ffae10>, 'object_name': 'Group', 'perms': {'add': True, 'change': True, 'delete': True}, 'admin_url': '/admin/auth/group/', 'add_url': '/admin/auth/group/add/'}, {'name': <django.utils.functional.lazy.<locals>.__proxy__ object at 0x104ffa198>, 'object_name': 'User', 'perms': {'add': True, 'change': True, 'delete': True}, 'admin_url': '/admin/auth/user/', 'add_url': '/admin/auth/user/add/'}]}, {'name': 'Cart', 'app_label': 'cart', 'app_url': '/admin/cart/', 'has_module_perms': True, 'models': [{'name': <django.utils.functional.lazy.<locals>.__proxy__ object at 0x10689dcc0>, 'object_name': 'CartOrder', 'perms': {'add': True, 'change': True, 'delete': True}, 'admin_url': '/admin/cart/cartorder/', 'add_url': '/admin/cart/cartorder/add/'}]}, {'name': 'Category', 'app_label': 'category', 'app_url': '/admin/category/', 'has_module_perms': True, 'models': [{'name': <django.utils.functional.lazy.<locals>.__proxy__ object at 0x104ff4710>, 'object_name': 'Category', 'perms': {'add': True, 'change': True, 'delete': True}, 'admin_url': '/admin/category/category/', 'add_url': '/admin/category/category/add/'}]}, {'name': 'Delivery', 'app_label': 'delivery', 'app_url': '/admin/delivery/', 'has_module_perms': True, 'models': [{'name': <django.utils.functional.lazy.<locals>.__proxy__ object at 0x104ffa4e0>, 'object_name': 'Delivery', 'perms': {'add': True, 'change': True, 'delete': True}, 'admin_url': '/admin/delivery/delivery/', 'add_url': '/admin/delivery/delivery/add/'}]}, {'name': 'Item', 'app_label': 'item', 'app_url': '/admin/item/', 'has_module_perms': True, 'models': [{'name': <django.utils.functional.lazy.<locals>.__proxy__ object at 0x10689d9b0>, 'object_name': 'Item', 'perms': {'add': True, 'change': True, 'delete': True}, 'admin_url': '/admin/item/item/', 'add_url': '/admin/item/item/add/'}]}, {'name': 'Order', 'app_label': 'order', 'app_url': '/admin/order/', 'has_module_perms': True, 'models': [{'name': <django.utils.functional.lazy.<locals>.__proxy__ object at 0x10689d2e8>, 'object_name': 'UserOrder', 'perms': {'add': True, 'change': True, 'delete': True}, 'admin_url': '/admin/order/userorder/', 'add_url': '/admin/order/userorder/add/'}]}, {'name': 'Payment', 'app_label': 'payment', 'app_url': '/admin/payment/', 'has_module_perms': True, 'models': [{'name': <django.utils.functional.lazy.<locals>.__proxy__ object at 0x104ff4a90>, 'object_name': 'Payment', 'perms': {'add': True, 'change': True, 'delete': True}, 'admin_url': '/admin/payment/payment/', 'add_url': '/admin/payment/payment/add/'}]}, {'name': 'User', 'app_label': 'user', 'app_url': '/admin/user/', 'has_module_perms': True, 'models': [{'name': <django.utils.functional.lazy.<locals>.__proxy__ object at 0x104ffa1d0>, 'object_name': 'User', 'perms': {'add': True, 'change': True, 'delete': True}, 'admin_url': '/admin/user/user/', 'add_url': '/admin/user/user/add/'}]}], 'title': <django.utils.functional.lazy.<locals>.__proxy__ object at 0x103c92160>, 'app_list': [{'name': <django.utils.functional.lazy.<locals>.__proxy__ object at 0x103c9cf28>, 'app_label': 'auth', 'app_url': '/admin/auth/', 'has_module_perms': True, 'models': [{'name': <django.utils.functional.lazy.<locals>.__proxy__ object at 0x10689d358>, 'object_name': 'Group', 'perms': {'add': True, 'change': True, 'delete': True}, 'admin_url': '/admin/auth/group/', 'add_url': '/admin/auth/group/add/'}, {'name': <django.utils.functional.lazy.<locals>.__proxy__ object at 0x10689dac8>, 'object_name': 'User', 'perms': {'add': True, 'change': True, 'delete': True}, 'admin_url': '/admin/auth/user/', 'add_url': '/admin/auth/user/add/'}]}, {'name': 'Cart', 'app_label': 'cart', 'app_url': '/admin/cart/', 'has_module_perms': True, 'models': [{'name': <django.utils.functional.lazy.<locals>.__proxy__ object at 0x104ffa4a8>, 'object_name': 'CartOrder', 'perms': {'add': True, 'change': True, 'delete': True}, 'admin_url': '/admin/cart/cartorder/', 'add_url': '/admin/cart/cartorder/add/'}]}, {'name': 'Category', 'app_label': 'category', 'app_url': '/admin/category/', 'has_module_perms': True, 'models': [{'name': <django.utils.functional.lazy.<locals>.__proxy__ object at 0x104ffa208>, 'object_name': 'Category', 'perms': {'add': True, 'change': True, 'delete': True}, 'admin_url': '/admin/category/category/', 'add_url': '/admin/category/category/add/'}]}, {'name': 'Delivery', 'app_label': 'delivery', 'app_url': '/admin/delivery/', 'has_module_perms': True, 'models': [{'name': <django.utils.functional.lazy.<locals>.__proxy__ object at 0x10689d630>, 'object_name': 'Delivery', 'perms': {'add': True, 'change': True, 'delete': True}, 'admin_url': '/admin/delivery/delivery/', 'add_url': '/admin/delivery/delivery/add/'}]}, {'name': 'Item', 'app_label': 'item', 'app_url': '/admin/item/', 'has_module_perms': True, 'models': [{'name': <django.utils.functional.lazy.<locals>.__proxy__ object at 0x104ffaef0>, 'object_name': 'Item', 'perms': {'add': True, 'change': True, 'delete': True}, 'admin_url': '/admin/item/item/', 'add_url': '/admin/item/item/add/'}]}, {'name': 'Order', 'app_label': 'order', 'app_url': '/admin/order/', 'has_module_perms': True, 'models': [{'name': <django.utils.functional.lazy.<locals>.__proxy__ object at 0x104ffa3c8>, 'object_name': 'UserOrder', 'perms': {'add': True, 'change': True, 'delete': True}, 'admin_url': '/admin/order/userorder/', 'add_url': '/admin/order/userorder/add/'}]}, {'name': 'Payment', 'app_label': 'payment', 'app_url': '/admin/payment/', 'has_module_perms': True, 'models': [{'name': <django.utils.functional.lazy.<locals>.__proxy__ object at 0x104ffa588>, 'object_name': 'Payment', 'perms': {'add': True, 'change': True, 'delete': True}, 'admin_url': '/admin/payment/payment/', 'add_url': '/admin/payment/payment/add/'}]}, {'name': 'User', 'app_label': 'user', 'app_url': '/admin/user/', 'has_module_perms': True, 'models': [{'name': <django.utils.functional.lazy.<locals>.__proxy__ object at 0x10689d7f0>, 'object_name': 'User', 'perms': {'add': True, 'change': True, 'delete': True}, 'admin_url': '/admin/user/user/', 'add_url': '/admin/user/user/add/'}]}], 'LANGUAGE_CODE': 'en-us', 'LANGUAGE_BIDI': False}]"
Exception while resolving variable 'is_popup' in template 'admin/index.html'.
Traceback (most recent call last):
  File "/Library/Frameworks/Python.framework/Versions/3.6/lib/python3.6/site-packages/django/template/base.py", line 885, in _resolve_lookup
    current = current[bit]
  File "/Library/Frameworks/Python.framework/Versions/3.6/lib/python3.6/site-packages/django/template/context.py", line 75, in __getitem__
    raise KeyError(key)
KeyError: 'is_popup'

During handling of the above exception, another exception occurred:

Traceback (most recent call last):
  File "/Library/Frameworks/Python.framework/Versions/3.6/lib/python3.6/site-packages/django/template/base.py", line 891, in _resolve_lookup
    if isinstance(current, BaseContext) and getattr(type(current), bit):
AttributeError: type object 'RequestContext' has no attribute 'is_popup'

During handling of the above exception, another exception occurred:

Traceback (most recent call last):
  File "/Library/Frameworks/Python.framework/Versions/3.6/lib/python3.6/site-packages/django/template/base.py", line 900, in _resolve_lookup
    current = current[int(bit)]
ValueError: invalid literal for int() with base 10: 'is_popup'

During handling of the above exception, another exception occurred:

Traceback (most recent call last):
  File "/Library/Frameworks/Python.framework/Versions/3.6/lib/python3.6/site-packages/django/template/base.py", line 907, in _resolve_lookup
    (bit, current))  # missing attribute
django.template.base.VariableDoesNotExist: Failed lookup for key [is_popup] in "[{'True': True, 'False': False, 'None': None}, {'csrf_token': <SimpleLazyObject: <function csrf.<locals>._get_val at 0x104f58c80>>, 'request': <WSGIRequest: GET '/admin/'>, 'user': <SimpleLazyObject: <User: admin>>, 'perms': <django.contrib.auth.context_processors.PermWrapper object at 0x1068b1f98>, 'messages': <django.contrib.messages.storage.fallback.FallbackStorage object at 0x10689d5f8>, 'DEFAULT_MESSAGE_LEVELS': {'DEBUG': 10, 'INFO': 20, 'SUCCESS': 25, 'WARNING': 30, 'ERROR': 40}}, {}, {'site_title': <django.utils.functional.lazy.<locals>.__proxy__ object at 0x103c84da0>, 'site_header': <django.utils.functional.lazy.<locals>.__proxy__ object at 0x103c84e10>, 'site_url': '/', 'has_permission': True, 'available_apps': [{'name': <django.utils.functional.lazy.<locals>.__proxy__ object at 0x103c9cf28>, 'app_label': 'auth', 'app_url': '/admin/auth/', 'has_module_perms': True, 'models': [{'name': <django.utils.functional.lazy.<locals>.__proxy__ object at 0x104ffae10>, 'object_name': 'Group', 'perms': {'add': True, 'change': True, 'delete': True}, 'admin_url': '/admin/auth/group/', 'add_url': '/admin/auth/group/add/'}, {'name': <django.utils.functional.lazy.<locals>.__proxy__ object at 0x104ffa198>, 'object_name': 'User', 'perms': {'add': True, 'change': True, 'delete': True}, 'admin_url': '/admin/auth/user/', 'add_url': '/admin/auth/user/add/'}]}, {'name': 'Cart', 'app_label': 'cart', 'app_url': '/admin/cart/', 'has_module_perms': True, 'models': [{'name': <django.utils.functional.lazy.<locals>.__proxy__ object at 0x10689dcc0>, 'object_name': 'CartOrder', 'perms': {'add': True, 'change': True, 'delete': True}, 'admin_url': '/admin/cart/cartorder/', 'add_url': '/admin/cart/cartorder/add/'}]}, {'name': 'Category', 'app_label': 'category', 'app_url': '/admin/category/', 'has_module_perms': True, 'models': [{'name': <django.utils.functional.lazy.<locals>.__proxy__ object at 0x104ff4710>, 'object_name': 'Category', 'perms': {'add': True, 'change': True, 'delete': True}, 'admin_url': '/admin/category/category/', 'add_url': '/admin/category/category/add/'}]}, {'name': 'Delivery', 'app_label': 'delivery', 'app_url': '/admin/delivery/', 'has_module_perms': True, 'models': [{'name': <django.utils.functional.lazy.<locals>.__proxy__ object at 0x104ffa4e0>, 'object_name': 'Delivery', 'perms': {'add': True, 'change': True, 'delete': True}, 'admin_url': '/admin/delivery/delivery/', 'add_url': '/admin/delivery/delivery/add/'}]}, {'name': 'Item', 'app_label': 'item', 'app_url': '/admin/item/', 'has_module_perms': True, 'models': [{'name': <django.utils.functional.lazy.<locals>.__proxy__ object at 0x10689d9b0>, 'object_name': 'Item', 'perms': {'add': True, 'change': True, 'delete': True}, 'admin_url': '/admin/item/item/', 'add_url': '/admin/item/item/add/'}]}, {'name': 'Order', 'app_label': 'order', 'app_url': '/admin/order/', 'has_module_perms': True, 'models': [{'name': <django.utils.functional.lazy.<locals>.__proxy__ object at 0x10689d2e8>, 'object_name': 'UserOrder', 'perms': {'add': True, 'change': True, 'delete': True}, 'admin_url': '/admin/order/userorder/', 'add_url': '/admin/order/userorder/add/'}]}, {'name': 'Payment', 'app_label': 'payment', 'app_url': '/admin/payment/', 'has_module_perms': True, 'models': [{'name': <django.utils.functional.lazy.<locals>.__proxy__ object at 0x104ff4a90>, 'object_name': 'Payment', 'perms': {'add': True, 'change': True, 'delete': True}, 'admin_url': '/admin/payment/payment/', 'add_url': '/admin/payment/payment/add/'}]}, {'name': 'User', 'app_label': 'user', 'app_url': '/admin/user/', 'has_module_perms': True, 'models': [{'name': <django.utils.functional.lazy.<locals>.__proxy__ object at 0x104ffa1d0>, 'object_name': 'User', 'perms': {'add': True, 'change': True, 'delete': True}, 'admin_url': '/admin/user/user/', 'add_url': '/admin/user/user/add/'}]}], 'title': <django.utils.functional.lazy.<locals>.__proxy__ object at 0x103c92160>, 'app_list': [{'name': <django.utils.functional.lazy.<locals>.__proxy__ object at 0x103c9cf28>, 'app_label': 'auth', 'app_url': '/admin/auth/', 'has_module_perms': True, 'models': [{'name': <django.utils.functional.lazy.<locals>.__proxy__ object at 0x10689d358>, 'object_name': 'Group', 'perms': {'add': True, 'change': True, 'delete': True}, 'admin_url': '/admin/auth/group/', 'add_url': '/admin/auth/group/add/'}, {'name': <django.utils.functional.lazy.<locals>.__proxy__ object at 0x10689dac8>, 'object_name': 'User', 'perms': {'add': True, 'change': True, 'delete': True}, 'admin_url': '/admin/auth/user/', 'add_url': '/admin/auth/user/add/'}]}, {'name': 'Cart', 'app_label': 'cart', 'app_url': '/admin/cart/', 'has_module_perms': True, 'models': [{'name': <django.utils.functional.lazy.<locals>.__proxy__ object at 0x104ffa4a8>, 'object_name': 'CartOrder', 'perms': {'add': True, 'change': True, 'delete': True}, 'admin_url': '/admin/cart/cartorder/', 'add_url': '/admin/cart/cartorder/add/'}]}, {'name': 'Category', 'app_label': 'category', 'app_url': '/admin/category/', 'has_module_perms': True, 'models': [{'name': <django.utils.functional.lazy.<locals>.__proxy__ object at 0x104ffa208>, 'object_name': 'Category', 'perms': {'add': True, 'change': True, 'delete': True}, 'admin_url': '/admin/category/category/', 'add_url': '/admin/category/category/add/'}]}, {'name': 'Delivery', 'app_label': 'delivery', 'app_url': '/admin/delivery/', 'has_module_perms': True, 'models': [{'name': <django.utils.functional.lazy.<locals>.__proxy__ object at 0x10689d630>, 'object_name': 'Delivery', 'perms': {'add': True, 'change': True, 'delete': True}, 'admin_url': '/admin/delivery/delivery/', 'add_url': '/admin/delivery/delivery/add/'}]}, {'name': 'Item', 'app_label': 'item', 'app_url': '/admin/item/', 'has_module_perms': True, 'models': [{'name': <django.utils.functional.lazy.<locals>.__proxy__ object at 0x104ffaef0>, 'object_name': 'Item', 'perms': {'add': True, 'change': True, 'delete': True}, 'admin_url': '/admin/item/item/', 'add_url': '/admin/item/item/add/'}]}, {'name': 'Order', 'app_label': 'order', 'app_url': '/admin/order/', 'has_module_perms': True, 'models': [{'name': <django.utils.functional.lazy.<locals>.__proxy__ object at 0x104ffa3c8>, 'object_name': 'UserOrder', 'perms': {'add': True, 'change': True, 'delete': True}, 'admin_url': '/admin/order/userorder/', 'add_url': '/admin/order/userorder/add/'}]}, {'name': 'Payment', 'app_label': 'payment', 'app_url': '/admin/payment/', 'has_module_perms': True, 'models': [{'name': <django.utils.functional.lazy.<locals>.__proxy__ object at 0x104ffa588>, 'object_name': 'Payment', 'perms': {'add': True, 'change': True, 'delete': True}, 'admin_url': '/admin/payment/payment/', 'add_url': '/admin/payment/payment/add/'}]}, {'name': 'User', 'app_label': 'user', 'app_url': '/admin/user/', 'has_module_perms': True, 'models': [{'name': <django.utils.functional.lazy.<locals>.__proxy__ object at 0x10689d7f0>, 'object_name': 'User', 'perms': {'add': True, 'change': True, 'delete': True}, 'admin_url': '/admin/user/user/', 'add_url': '/admin/user/user/add/'}]}], 'LANGUAGE_CODE': 'en-us', 'LANGUAGE_BIDI': False}]"
(0.002) SELECT "django_admin_log"."id", "django_admin_log"."action_time", "django_admin_log"."user_id", "django_admin_log"."content_type_id", "django_admin_log"."object_id", "django_admin_log"."object_repr", "django_admin_log"."action_flag", "django_admin_log"."change_message", "auth_user"."id", "auth_user"."password", "auth_user"."last_login", "auth_user"."is_superuser", "auth_user"."username", "auth_user"."first_name", "auth_user"."last_name", "auth_user"."email", "auth_user"."is_staff", "auth_user"."is_active", "auth_user"."date_joined", "django_content_type"."id", "django_content_type"."app_label", "django_content_type"."model" FROM "django_admin_log" INNER JOIN "auth_user" ON ("django_admin_log"."user_id" = "auth_user"."id") LEFT OUTER JOIN "django_content_type" ON ("django_admin_log"."content_type_id" = "django_content_type"."id") WHERE "django_admin_log"."user_id" = 1 ORDER BY "django_admin_log"."action_time" DESC LIMIT 10; args=(1,)
"GET /admin/ HTTP/1.1" 200 7296
(0.002) SELECT "django_session"."session_key", "django_session"."session_data", "django_session"."expire_date" FROM "django_session" WHERE ("django_session"."session_key" = 'v3tq4v3m28lod56655dhdh50769ydeg7' AND "django_session"."expire_date" > '2017-03-01T13:44:47.350844+00:00'::timestamptz); args=('v3tq4v3m28lod56655dhdh50769ydeg7', datetime.datetime(2017, 3, 1, 13, 44, 47, 350844, tzinfo=<UTC>))
(0.001) SELECT "auth_user"."id", "auth_user"."password", "auth_user"."last_login", "auth_user"."is_superuser", "auth_user"."username", "auth_user"."first_name", "auth_user"."last_name", "auth_user"."email", "auth_user"."is_staff", "auth_user"."is_active", "auth_user"."date_joined" FROM "auth_user" WHERE "auth_user"."id" = 1; args=(1,)
(0.000) SELECT COUNT(*) AS "__count" FROM "category_category"; args=()
(0.000) SELECT COUNT(*) AS "__count" FROM "category_category"; args=()
(0.001) SELECT "category_category"."id", "category_category"."name", "category_category"."slug", "category_category"."sort_order", "category_category"."image" FROM "category_category" ORDER BY "category_category"."id" DESC; args=()
Exception while resolving variable 'errors' in template 'admin/change_list.html'.
Traceback (most recent call last):
  File "/Library/Frameworks/Python.framework/Versions/3.6/lib/python3.6/site-packages/django/template/base.py", line 885, in _resolve_lookup
    current = current[bit]
TypeError: 'NoneType' object is not subscriptable

During handling of the above exception, another exception occurred:

Traceback (most recent call last):
  File "/Library/Frameworks/Python.framework/Versions/3.6/lib/python3.6/site-packages/django/template/base.py", line 893, in _resolve_lookup
    current = getattr(current, bit)
AttributeError: 'NoneType' object has no attribute 'errors'

During handling of the above exception, another exception occurred:

Traceback (most recent call last):
  File "/Library/Frameworks/Python.framework/Versions/3.6/lib/python3.6/site-packages/django/template/base.py", line 900, in _resolve_lookup
    current = current[int(bit)]
ValueError: invalid literal for int() with base 10: 'errors'

During handling of the above exception, another exception occurred:

Traceback (most recent call last):
  File "/Library/Frameworks/Python.framework/Versions/3.6/lib/python3.6/site-packages/django/template/base.py", line 907, in _resolve_lookup
    (bit, current))  # missing attribute
django.template.base.VariableDoesNotExist: Failed lookup for key [errors] in 'None'
Exception while resolving variable 'show' in template 'admin/change_list.html'.
Traceback (most recent call last):
  File "/Library/Frameworks/Python.framework/Versions/3.6/lib/python3.6/site-packages/django/template/base.py", line 885, in _resolve_lookup
    current = current[bit]
  File "/Library/Frameworks/Python.framework/Versions/3.6/lib/python3.6/site-packages/django/template/context.py", line 75, in __getitem__
    raise KeyError(key)
KeyError: 'show'

During handling of the above exception, another exception occurred:

Traceback (most recent call last):
  File "/Library/Frameworks/Python.framework/Versions/3.6/lib/python3.6/site-packages/django/template/base.py", line 891, in _resolve_lookup
    if isinstance(current, BaseContext) and getattr(type(current), bit):
AttributeError: type object 'RequestContext' has no attribute 'show'

During handling of the above exception, another exception occurred:

Traceback (most recent call last):
  File "/Library/Frameworks/Python.framework/Versions/3.6/lib/python3.6/site-packages/django/template/base.py", line 900, in _resolve_lookup
    current = current[int(bit)]
ValueError: invalid literal for int() with base 10: 'show'

During handling of the above exception, another exception occurred:

Traceback (most recent call last):
  File "/Library/Frameworks/Python.framework/Versions/3.6/lib/python3.6/site-packages/django/template/base.py", line 907, in _resolve_lookup
    (bit, current))  # missing attribute
django.template.base.VariableDoesNotExist: Failed lookup for key [show] in "[{'True': True, 'False': False, 'None': None, 'csrf_token': <SimpleLazyObject: <function csrf.<locals>._get_val at 0x104f58d08>>}]"
Exception while resolving variable 'is_multipart' in template 'admin/change_list.html'.
Traceback (most recent call last):
  File "/Library/Frameworks/Python.framework/Versions/3.6/lib/python3.6/site-packages/django/template/base.py", line 885, in _resolve_lookup
    current = current[bit]
TypeError: 'NoneType' object is not subscriptable

During handling of the above exception, another exception occurred:

Traceback (most recent call last):
  File "/Library/Frameworks/Python.framework/Versions/3.6/lib/python3.6/site-packages/django/template/base.py", line 893, in _resolve_lookup
    current = getattr(current, bit)
AttributeError: 'NoneType' object has no attribute 'is_multipart'

During handling of the above exception, another exception occurred:

Traceback (most recent call last):
  File "/Library/Frameworks/Python.framework/Versions/3.6/lib/python3.6/site-packages/django/template/base.py", line 900, in _resolve_lookup
    current = current[int(bit)]
ValueError: invalid literal for int() with base 10: 'is_multipart'

During handling of the above exception, another exception occurred:

Traceback (most recent call last):
  File "/Library/Frameworks/Python.framework/Versions/3.6/lib/python3.6/site-packages/django/template/base.py", line 907, in _resolve_lookup
    (bit, current))  # missing attribute
django.template.base.VariableDoesNotExist: Failed lookup for key [is_multipart] in 'None'
"GET /admin/category/category/ HTTP/1.1" 200 3062
(0.003) SELECT "django_session"."session_key", "django_session"."session_data", "django_session"."expire_date" FROM "django_session" WHERE ("django_session"."session_key" = 'v3tq4v3m28lod56655dhdh50769ydeg7' AND "django_session"."expire_date" > '2017-03-01T13:44:47.391387+00:00'::timestamptz); args=('v3tq4v3m28lod56655dhdh50769ydeg7', datetime.datetime(2017, 3, 1, 13, 44, 47, 391387, tzinfo=<UTC>))
(0.001) SELECT "auth_user"."id", "auth_user"."password", "auth_user"."last_login", "auth_user"."is_superuser", "auth_user"."username", "auth_user"."first_name", "auth_user"."last_name", "auth_user"."email", "auth_user"."is_staff", "auth_user"."is_active", "auth_user"."date_joined" FROM "auth_user" WHERE "auth_user"."id" = 1; args=(1,)
"GET /admin/jsi18n/ HTTP/1.1" 200 3189
(0.003) 
            SELECT c.relname, c.relkind
            FROM pg_catalog.pg_class c
            LEFT JOIN pg_catalog.pg_namespace n ON n.oid = c.relnamespace
            WHERE c.relkind IN ('r', 'v')
                AND n.nspname NOT IN ('pg_catalog', 'pg_toast')
                AND pg_catalog.pg_table_is_visible(c.oid); args=None
(0.001) SELECT "django_migrations"."app", "django_migrations"."name" FROM "django_migrations"; args=()
"GET / HTTP/1.1" 200 6357
"GET /dist/img/shopping-bag.svg HTTP/1.1" 200 6357
"GET /src/less/main.less HTTP/1.1" 200 6357
"GET / HTTP/1.1" 200 6357
"GET /dist/img/shopping-bag.svg HTTP/1.1" 200 6357
"GET /src/less/main.less HTTP/1.1" 200 6357
"GET /dist/img/shopping-bag.svg HTTP/1.1" 200 6357
"GET /dist/img/shopping-bag.svg HTTP/1.1" 200 6357
"GET /src/less/main.less HTTP/1.1" 200 6357
"GET /dist/img/shopping-bag.svg HTTP/1.1" 200 6357
"GET /src/less/main.less HTTP/1.1" 200 6357
"GET /dist/img/shopping-bag.svg HTTP/1.1" 200 6357
(0.004) 
            SELECT c.relname, c.relkind
            FROM pg_catalog.pg_class c
            LEFT JOIN pg_catalog.pg_namespace n ON n.oid = c.relnamespace
            WHERE c.relkind IN ('r', 'v')
                AND n.nspname NOT IN ('pg_catalog', 'pg_toast')
                AND pg_catalog.pg_table_is_visible(c.oid); args=None
(0.001) SELECT "django_migrations"."app", "django_migrations"."name" FROM "django_migrations"; args=()
(0.003) 
            SELECT c.relname, c.relkind
            FROM pg_catalog.pg_class c
            LEFT JOIN pg_catalog.pg_namespace n ON n.oid = c.relnamespace
            WHERE c.relkind IN ('r', 'v')
                AND n.nspname NOT IN ('pg_catalog', 'pg_toast')
                AND pg_catalog.pg_table_is_visible(c.oid); args=None
(0.000) SELECT "django_migrations"."app", "django_migrations"."name" FROM "django_migrations"; args=()
"GET /src/less/main.less HTTP/1.1" 200 6357
"GET /dist/img/shopping-bag.svg HTTP/1.1" 200 6357
"GET /src/less/main.less HTTP/1.1" 200 6357
"GET /dist/img/shopping-bag.svg HTTP/1.1" 200 6357
Exception while resolving variable 'name' in template 'unknown'.
Traceback (most recent call last):
  File "/Library/Frameworks/Python.framework/Versions/3.6/lib/python3.6/site-packages/django/core/handlers/exception.py", line 39, in inner
    response = get_response(request)
  File "/Library/Frameworks/Python.framework/Versions/3.6/lib/python3.6/site-packages/django/core/handlers/base.py", line 172, in _get_response
    resolver_match = resolver.resolve(request.path_info)
  File "/Library/Frameworks/Python.framework/Versions/3.6/lib/python3.6/site-packages/django/urls/resolvers.py", line 300, in resolve
    raise Resolver404({'tried': tried, 'path': new_path})
django.urls.exceptions.Resolver404: {'tried': [[<RegexURLResolver <RegexURLPattern list> (admin:admin) ^admin/>], [<RegexURLPattern None />]], 'path': ''}

During handling of the above exception, another exception occurred:

Traceback (most recent call last):
  File "/Library/Frameworks/Python.framework/Versions/3.6/lib/python3.6/site-packages/django/template/base.py", line 885, in _resolve_lookup
    current = current[bit]
TypeError: 'RegexURLResolver' object is not subscriptable

During handling of the above exception, another exception occurred:

Traceback (most recent call last):
  File "/Library/Frameworks/Python.framework/Versions/3.6/lib/python3.6/site-packages/django/template/base.py", line 893, in _resolve_lookup
    current = getattr(current, bit)
AttributeError: 'RegexURLResolver' object has no attribute 'name'

During handling of the above exception, another exception occurred:

Traceback (most recent call last):
  File "/Library/Frameworks/Python.framework/Versions/3.6/lib/python3.6/site-packages/django/template/base.py", line 900, in _resolve_lookup
    current = current[int(bit)]
ValueError: invalid literal for int() with base 10: 'name'

During handling of the above exception, another exception occurred:

Traceback (most recent call last):
  File "/Library/Frameworks/Python.framework/Versions/3.6/lib/python3.6/site-packages/django/template/base.py", line 907, in _resolve_lookup
    (bit, current))  # missing attribute
django.template.base.VariableDoesNotExist: Failed lookup for key [name] in '<RegexURLResolver <RegexURLPattern list> (admin:admin) ^admin/>'
Not Found: /
"GET / HTTP/1.1" 404 2002
(0.004) 
            SELECT c.relname, c.relkind
            FROM pg_catalog.pg_class c
            LEFT JOIN pg_catalog.pg_namespace n ON n.oid = c.relnamespace
            WHERE c.relkind IN ('r', 'v')
                AND n.nspname NOT IN ('pg_catalog', 'pg_toast')
                AND pg_catalog.pg_table_is_visible(c.oid); args=None
(0.001) SELECT "django_migrations"."app", "django_migrations"."name" FROM "django_migrations"; args=()
Exception while resolving variable 'name' in template 'unknown'.
Traceback (most recent call last):
  File "/Library/Frameworks/Python.framework/Versions/3.6/lib/python3.6/site-packages/django/core/handlers/exception.py", line 39, in inner
    response = get_response(request)
  File "/Library/Frameworks/Python.framework/Versions/3.6/lib/python3.6/site-packages/django/core/handlers/base.py", line 172, in _get_response
    resolver_match = resolver.resolve(request.path_info)
  File "/Library/Frameworks/Python.framework/Versions/3.6/lib/python3.6/site-packages/django/urls/resolvers.py", line 300, in resolve
    raise Resolver404({'tried': tried, 'path': new_path})
django.urls.exceptions.Resolver404: {'tried': [[<RegexURLResolver <RegexURLPattern list> (admin:admin) ^admin/>], [<RegexURLPattern None ^shop/>]], 'path': ''}

During handling of the above exception, another exception occurred:

Traceback (most recent call last):
  File "/Library/Frameworks/Python.framework/Versions/3.6/lib/python3.6/site-packages/django/template/base.py", line 885, in _resolve_lookup
    current = current[bit]
TypeError: 'RegexURLResolver' object is not subscriptable

During handling of the above exception, another exception occurred:

Traceback (most recent call last):
  File "/Library/Frameworks/Python.framework/Versions/3.6/lib/python3.6/site-packages/django/template/base.py", line 893, in _resolve_lookup
    current = getattr(current, bit)
AttributeError: 'RegexURLResolver' object has no attribute 'name'

During handling of the above exception, another exception occurred:

Traceback (most recent call last):
  File "/Library/Frameworks/Python.framework/Versions/3.6/lib/python3.6/site-packages/django/template/base.py", line 900, in _resolve_lookup
    current = current[int(bit)]
ValueError: invalid literal for int() with base 10: 'name'

During handling of the above exception, another exception occurred:

Traceback (most recent call last):
  File "/Library/Frameworks/Python.framework/Versions/3.6/lib/python3.6/site-packages/django/template/base.py", line 907, in _resolve_lookup
    (bit, current))  # missing attribute
django.template.base.VariableDoesNotExist: Failed lookup for key [name] in '<RegexURLResolver <RegexURLPattern list> (admin:admin) ^admin/>'
Not Found: /
"GET / HTTP/1.1" 404 2007
"GET /shop HTTP/1.1" 301 0
"GET /shop/ HTTP/1.1" 200 6357
Exception while resolving variable 'name' in template 'unknown'.
Traceback (most recent call last):
  File "/Library/Frameworks/Python.framework/Versions/3.6/lib/python3.6/site-packages/django/core/handlers/exception.py", line 39, in inner
    response = get_response(request)
  File "/Library/Frameworks/Python.framework/Versions/3.6/lib/python3.6/site-packages/django/core/handlers/base.py", line 172, in _get_response
    resolver_match = resolver.resolve(request.path_info)
  File "/Library/Frameworks/Python.framework/Versions/3.6/lib/python3.6/site-packages/django/urls/resolvers.py", line 300, in resolve
    raise Resolver404({'tried': tried, 'path': new_path})
django.urls.exceptions.Resolver404: {'tried': [[<RegexURLResolver <RegexURLPattern list> (admin:admin) ^admin/>], [<RegexURLPattern None ^shop/>]], 'path': 'dist/img/shopping-bag.svg'}

During handling of the above exception, another exception occurred:

Traceback (most recent call last):
  File "/Library/Frameworks/Python.framework/Versions/3.6/lib/python3.6/site-packages/django/template/base.py", line 885, in _resolve_lookup
    current = current[bit]
TypeError: 'RegexURLResolver' object is not subscriptable

During handling of the above exception, another exception occurred:

Traceback (most recent call last):
  File "/Library/Frameworks/Python.framework/Versions/3.6/lib/python3.6/site-packages/django/template/base.py", line 893, in _resolve_lookup
    current = getattr(current, bit)
AttributeError: 'RegexURLResolver' object has no attribute 'name'

During handling of the above exception, another exception occurred:

Traceback (most recent call last):
  File "/Library/Frameworks/Python.framework/Versions/3.6/lib/python3.6/site-packages/django/template/base.py", line 900, in _resolve_lookup
    current = current[int(bit)]
ValueError: invalid literal for int() with base 10: 'name'

During handling of the above exception, another exception occurred:

Traceback (most recent call last):
  File "/Library/Frameworks/Python.framework/Versions/3.6/lib/python3.6/site-packages/django/template/base.py", line 907, in _resolve_lookup
    (bit, current))  # missing attribute
django.template.base.VariableDoesNotExist: Failed lookup for key [name] in '<RegexURLResolver <RegexURLPattern list> (admin:admin) ^admin/>'
Not Found: /dist/img/shopping-bag.svg
"GET /dist/img/shopping-bag.svg HTTP/1.1" 404 2082
Exception while resolving variable 'name' in template 'unknown'.
Traceback (most recent call last):
  File "/Library/Frameworks/Python.framework/Versions/3.6/lib/python3.6/site-packages/django/core/handlers/exception.py", line 39, in inner
    response = get_response(request)
  File "/Library/Frameworks/Python.framework/Versions/3.6/lib/python3.6/site-packages/django/core/handlers/base.py", line 172, in _get_response
    resolver_match = resolver.resolve(request.path_info)
  File "/Library/Frameworks/Python.framework/Versions/3.6/lib/python3.6/site-packages/django/urls/resolvers.py", line 300, in resolve
    raise Resolver404({'tried': tried, 'path': new_path})
django.urls.exceptions.Resolver404: {'tried': [[<RegexURLResolver <RegexURLPattern list> (admin:admin) ^admin/>], [<RegexURLPattern None ^shop/>]], 'path': 'src/less/main.less'}

During handling of the above exception, another exception occurred:

Traceback (most recent call last):
  File "/Library/Frameworks/Python.framework/Versions/3.6/lib/python3.6/site-packages/django/template/base.py", line 885, in _resolve_lookup
    current = current[bit]
TypeError: 'RegexURLResolver' object is not subscriptable

During handling of the above exception, another exception occurred:

Traceback (most recent call last):
  File "/Library/Frameworks/Python.framework/Versions/3.6/lib/python3.6/site-packages/django/template/base.py", line 893, in _resolve_lookup
    current = getattr(current, bit)
AttributeError: 'RegexURLResolver' object has no attribute 'name'

During handling of the above exception, another exception occurred:

Traceback (most recent call last):
  File "/Library/Frameworks/Python.framework/Versions/3.6/lib/python3.6/site-packages/django/template/base.py", line 900, in _resolve_lookup
    current = current[int(bit)]
ValueError: invalid literal for int() with base 10: 'name'

During handling of the above exception, another exception occurred:

Traceback (most recent call last):
  File "/Library/Frameworks/Python.framework/Versions/3.6/lib/python3.6/site-packages/django/template/base.py", line 907, in _resolve_lookup
    (bit, current))  # missing attribute
django.template.base.VariableDoesNotExist: Failed lookup for key [name] in '<RegexURLResolver <RegexURLPattern list> (admin:admin) ^admin/>'
Not Found: /src/less/main.less
Exception while resolving variable 'name' in template 'unknown'.
Traceback (most recent call last):
  File "/Library/Frameworks/Python.framework/Versions/3.6/lib/python3.6/site-packages/django/core/handlers/exception.py", line 39, in inner
    response = get_response(request)
  File "/Library/Frameworks/Python.framework/Versions/3.6/lib/python3.6/site-packages/django/core/handlers/base.py", line 172, in _get_response
    resolver_match = resolver.resolve(request.path_info)
  File "/Library/Frameworks/Python.framework/Versions/3.6/lib/python3.6/site-packages/django/urls/resolvers.py", line 300, in resolve
    raise Resolver404({'tried': tried, 'path': new_path})
django.urls.exceptions.Resolver404: {'tried': [[<RegexURLResolver <RegexURLPattern list> (admin:admin) ^admin/>], [<RegexURLPattern None ^shop/>]], 'path': 'dist/img/shopping-bag.svg'}

During handling of the above exception, another exception occurred:

Traceback (most recent call last):
  File "/Library/Frameworks/Python.framework/Versions/3.6/lib/python3.6/site-packages/django/template/base.py", line 885, in _resolve_lookup
    current = current[bit]
TypeError: 'RegexURLResolver' object is not subscriptable

During handling of the above exception, another exception occurred:

Traceback (most recent call last):
  File "/Library/Frameworks/Python.framework/Versions/3.6/lib/python3.6/site-packages/django/template/base.py", line 893, in _resolve_lookup
    current = getattr(current, bit)
AttributeError: 'RegexURLResolver' object has no attribute 'name'

During handling of the above exception, another exception occurred:

Traceback (most recent call last):
  File "/Library/Frameworks/Python.framework/Versions/3.6/lib/python3.6/site-packages/django/template/base.py", line 900, in _resolve_lookup
    current = current[int(bit)]
ValueError: invalid literal for int() with base 10: 'name'

During handling of the above exception, another exception occurred:

Traceback (most recent call last):
  File "/Library/Frameworks/Python.framework/Versions/3.6/lib/python3.6/site-packages/django/template/base.py", line 907, in _resolve_lookup
    (bit, current))  # missing attribute
django.template.base.VariableDoesNotExist: Failed lookup for key [name] in '<RegexURLResolver <RegexURLPattern list> (admin:admin) ^admin/>'
"GET /src/less/main.less HTTP/1.1" 404 2061
Not Found: /dist/img/shopping-bag.svg
"GET /dist/img/shopping-bag.svg HTTP/1.1" 404 2082
Exception while resolving variable 'name' in template 'unknown'.
Traceback (most recent call last):
  File "/Library/Frameworks/Python.framework/Versions/3.6/lib/python3.6/site-packages/django/core/handlers/exception.py", line 39, in inner
    response = get_response(request)
  File "/Library/Frameworks/Python.framework/Versions/3.6/lib/python3.6/site-packages/django/core/handlers/base.py", line 172, in _get_response
    resolver_match = resolver.resolve(request.path_info)
  File "/Library/Frameworks/Python.framework/Versions/3.6/lib/python3.6/site-packages/django/urls/resolvers.py", line 300, in resolve
    raise Resolver404({'tried': tried, 'path': new_path})
django.urls.exceptions.Resolver404: {'tried': [[<RegexURLResolver <RegexURLPattern list> (admin:admin) ^admin/>], [<RegexURLPattern None ^shop/>]], 'path': '/src/less/main.less'}

During handling of the above exception, another exception occurred:

Traceback (most recent call last):
  File "/Library/Frameworks/Python.framework/Versions/3.6/lib/python3.6/site-packages/django/template/base.py", line 885, in _resolve_lookup
    current = current[bit]
TypeError: 'RegexURLResolver' object is not subscriptable

During handling of the above exception, another exception occurred:

Traceback (most recent call last):
  File "/Library/Frameworks/Python.framework/Versions/3.6/lib/python3.6/site-packages/django/template/base.py", line 893, in _resolve_lookup
    current = getattr(current, bit)
AttributeError: 'RegexURLResolver' object has no attribute 'name'

During handling of the above exception, another exception occurred:

Traceback (most recent call last):
  File "/Library/Frameworks/Python.framework/Versions/3.6/lib/python3.6/site-packages/django/template/base.py", line 900, in _resolve_lookup
    current = current[int(bit)]
ValueError: invalid literal for int() with base 10: 'name'

During handling of the above exception, another exception occurred:

Traceback (most recent call last):
  File "/Library/Frameworks/Python.framework/Versions/3.6/lib/python3.6/site-packages/django/template/base.py", line 907, in _resolve_lookup
    (bit, current))  # missing attribute
django.template.base.VariableDoesNotExist: Failed lookup for key [name] in '<RegexURLResolver <RegexURLPattern list> (admin:admin) ^admin/>'
Not Found: //src/less/main.less
"GET //src/less/main.less HTTP/1.1" 404 2064
Exception while resolving variable 'name' in template 'unknown'.
Traceback (most recent call last):
  File "/Library/Frameworks/Python.framework/Versions/3.6/lib/python3.6/site-packages/django/core/handlers/exception.py", line 39, in inner
    response = get_response(request)
  File "/Library/Frameworks/Python.framework/Versions/3.6/lib/python3.6/site-packages/django/core/handlers/base.py", line 172, in _get_response
    resolver_match = resolver.resolve(request.path_info)
  File "/Library/Frameworks/Python.framework/Versions/3.6/lib/python3.6/site-packages/django/urls/resolvers.py", line 300, in resolve
    raise Resolver404({'tried': tried, 'path': new_path})
django.urls.exceptions.Resolver404: {'tried': [[<RegexURLResolver <RegexURLPattern list> (admin:admin) ^admin/>], [<RegexURLPattern None ^shop/>]], 'path': 'src/less/main.less'}

During handling of the above exception, another exception occurred:

Traceback (most recent call last):
  File "/Library/Frameworks/Python.framework/Versions/3.6/lib/python3.6/site-packages/django/template/base.py", line 885, in _resolve_lookup
    current = current[bit]
TypeError: 'RegexURLResolver' object is not subscriptable

During handling of the above exception, another exception occurred:

Traceback (most recent call last):
  File "/Library/Frameworks/Python.framework/Versions/3.6/lib/python3.6/site-packages/django/template/base.py", line 893, in _resolve_lookup
    current = getattr(current, bit)
AttributeError: 'RegexURLResolver' object has no attribute 'name'

During handling of the above exception, another exception occurred:

Traceback (most recent call last):
  File "/Library/Frameworks/Python.framework/Versions/3.6/lib/python3.6/site-packages/django/template/base.py", line 900, in _resolve_lookup
    current = current[int(bit)]
ValueError: invalid literal for int() with base 10: 'name'

During handling of the above exception, another exception occurred:

Traceback (most recent call last):
  File "/Library/Frameworks/Python.framework/Versions/3.6/lib/python3.6/site-packages/django/template/base.py", line 907, in _resolve_lookup
    (bit, current))  # missing attribute
django.template.base.VariableDoesNotExist: Failed lookup for key [name] in '<RegexURLResolver <RegexURLPattern list> (admin:admin) ^admin/>'
Not Found: /src/less/main.less
"GET /src/less/main.less HTTP/1.1" 404 2061
(0.004) 
            SELECT c.relname, c.relkind
            FROM pg_catalog.pg_class c
            LEFT JOIN pg_catalog.pg_namespace n ON n.oid = c.relnamespace
            WHERE c.relkind IN ('r', 'v')
                AND n.nspname NOT IN ('pg_catalog', 'pg_toast')
                AND pg_catalog.pg_table_is_visible(c.oid); args=None
(0.001) SELECT "django_migrations"."app", "django_migrations"."name" FROM "django_migrations"; args=()
(0.003) 
            SELECT c.relname, c.relkind
            FROM pg_catalog.pg_class c
            LEFT JOIN pg_catalog.pg_namespace n ON n.oid = c.relnamespace
            WHERE c.relkind IN ('r', 'v')
                AND n.nspname NOT IN ('pg_catalog', 'pg_toast')
                AND pg_catalog.pg_table_is_visible(c.oid); args=None
(0.001) SELECT "django_migrations"."app", "django_migrations"."name" FROM "django_migrations"; args=()
"GET /src/less/main.less HTTP/1.1" 200 6361
"GET /dist/img/shopping-bag.svg HTTP/1.1" 200 6361
"GET /dist/img/shopping-bag.svg HTTP/1.1" 200 6361
"GET /static/less/main.less HTTP/1.1" 404 1746
"GET /dist/img/shopping-bag.svg HTTP/1.1" 200 6361
"GET / HTTP/1.1" 200 6361
"GET /dist/img/shopping-bag.svg HTTP/1.1" 200 6361
"GET /static/less/main.less HTTP/1.1" 404 1746
"GET /dist/img/shopping-bag.svg HTTP/1.1" 200 6361
"GET /dist/img/shopping-bag.svg HTTP/1.1" 200 6361
(0.003) 
            SELECT c.relname, c.relkind
            FROM pg_catalog.pg_class c
            LEFT JOIN pg_catalog.pg_namespace n ON n.oid = c.relnamespace
            WHERE c.relkind IN ('r', 'v')
                AND n.nspname NOT IN ('pg_catalog', 'pg_toast')
                AND pg_catalog.pg_table_is_visible(c.oid); args=None
(0.001) SELECT "django_migrations"."app", "django_migrations"."name" FROM "django_migrations"; args=()
(0.003) 
            SELECT c.relname, c.relkind
            FROM pg_catalog.pg_class c
            LEFT JOIN pg_catalog.pg_namespace n ON n.oid = c.relnamespace
            WHERE c.relkind IN ('r', 'v')
                AND n.nspname NOT IN ('pg_catalog', 'pg_toast')
                AND pg_catalog.pg_table_is_visible(c.oid); args=None
(0.001) SELECT "django_migrations"."app", "django_migrations"."name" FROM "django_migrations"; args=()
"GET / HTTP/1.1" 200 6358
"GET /dist/img/shopping-bag.svg HTTP/1.1" 200 6358
"GET /src/less/main.less HTTP/1.1" 404 1740
"GET /dist/img/shopping-bag.svg HTTP/1.1" 200 6358
"GET /dist/img/shopping-bag.svg HTTP/1.1" 200 6358
"GET /dist/img/shopping-bag.svg HTTP/1.1" 200 6358
"GET /dist/img/shopping-bag.svg HTTP/1.1" 200 6358
"GET /src/ HTTP/1.1" 404 1708
"GET /src/less/ HTTP/1.1" 404 1718
"GET /src/less/main.less HTTP/1.1" 404 1740
"GET /src/less/ HTTP/1.1" 404 1718
"GET /src/ HTTP/1.1" 404 1708
"GET / HTTP/1.1" 200 6358
"GET /dist/img/shopping-bag.svg HTTP/1.1" 200 6358
"GET /dist/img/shopping-bag.svg HTTP/1.1" 200 6358
"GET /src/less/main.less HTTP/1.1" 404 1740
"GET /dist/img/shopping-bag.svg HTTP/1.1" 200 6358
(0.003) 
            SELECT c.relname, c.relkind
            FROM pg_catalog.pg_class c
            LEFT JOIN pg_catalog.pg_namespace n ON n.oid = c.relnamespace
            WHERE c.relkind IN ('r', 'v')
                AND n.nspname NOT IN ('pg_catalog', 'pg_toast')
                AND pg_catalog.pg_table_is_visible(c.oid); args=None
(0.001) SELECT "django_migrations"."app", "django_migrations"."name" FROM "django_migrations"; args=()
(0.003) 
            SELECT c.relname, c.relkind
            FROM pg_catalog.pg_class c
            LEFT JOIN pg_catalog.pg_namespace n ON n.oid = c.relnamespace
            WHERE c.relkind IN ('r', 'v')
                AND n.nspname NOT IN ('pg_catalog', 'pg_toast')
                AND pg_catalog.pg_table_is_visible(c.oid); args=None
(0.001) SELECT "django_migrations"."app", "django_migrations"."name" FROM "django_migrations"; args=()
"GET / HTTP/1.1" 200 6358
"GET /dist/img/shopping-bag.svg HTTP/1.1" 200 6358
"GET /src/less/main.less HTTP/1.1" 200 436
"GET /dist/img/shopping-bag.svg HTTP/1.1" 200 6358
"GET /src/less/_variables.less HTTP/1.1" 200 536
"GET /src/less/header.less HTTP/1.1" 200 2331
"GET /src/less/product-thumb.less HTTP/1.1" 200 467
"GET /src/less/banner.less HTTP/1.1" 200 769
"GET /src/less/category-preview.less HTTP/1.1" 200 879
"GET /src/less/breadcrumbs.less HTTP/1.1" 200 840
"GET /src/less/button.less HTTP/1.1" 200 333
"GET /src/less/form.less HTTP/1.1" 200 5676
"GET /src/less/newsletter.less HTTP/1.1" 200 398
"GET /src/less/about.less HTTP/1.1" 200 984
"GET /src/less/footer.less HTTP/1.1" 200 2416
"GET /src/less/contact.less HTTP/1.1" 200 401
"GET /src/less/home-promo.less HTTP/1.1" 200 2114
"GET /src/less/empty-categ.less HTTP/1.1" 200 737
"GET /src/less/category.less HTTP/1.1" 200 708
"GET /src/less/search_result.less HTTP/1.1" 200 553
"GET /src/less/detail.less HTTP/1.1" 200 1025
"GET /src/less/pages.less HTTP/1.1" 200 312
"GET /src/less/sizes.less HTTP/1.1" 200 230
"GET /src/less/cart.less HTTP/1.1" 200 2137
"GET /src/less/history.less HTTP/1.1" 200 1559
"GET /src/less/edit.less HTTP/1.1" 200 288
